TN:
SF:config.py
DA:1,0,7Z9Lj4ed27Wf2hBX6jooEA
DA:4,0,xGvlJc7yLOquKD+KKTXFMA
DA:5,0,CgVWd6O+vmVOUa32MXKN0w
DA:6,0,C/gtjlxUiIUsrlw43HylUw
DA:7,0,G2xbz3r89Z7bZLf2E2slLg
DA:8,0,pWVXwe89Tp/UAYtf1KKjqA
DA:9,0,6mKr3Y5svwYbnhhNggkt6w
DA:13,0,DOiCEK2kBN0sI2g0jHGmzA
DA:14,0,YpAzycGUw41DxrAecC09ow
DA:15,0,lC4qV3JVKwD/LvaMIvK3nQ
DA:17,0,wrwkZeGRyKey981dTxCgrA
DA:18,0,8LLiSgOEN2IUm/Z49QsVwg
DA:19,0,V4KzsXXgeSiL1pqsQczIlg
DA:24,0,ERl+hGwydXvgKDa9+j5eaQ
DA:26,0,dLvKPoFt48nuKJVw4jHeLQ
DA:27,0,WKwMg8IMMxS91QeLgaCKyg
DA:28,0,BRM/OaMh5IDmBqlT/lNnyA
DA:29,0,R8HXFNJeQSZKQavhIMqyWw
DA:30,0,OxiVTyoXyJMfdkAgtbgHlA
DA:32,0,4bk1oLnJv7brHwpXxqjo5Q
DA:35,0,mf921/qcD90XEuq9rcYYjg
DA:37,0,bZlbl89Ez43rgyGyIRnIrw
DA:38,0,x75RnVx4vrbPfYMv6kq64w
DA:42,0,XDtAzTMihJdhMAUb3/qzLw
DA:46,0,5cMG6NI82Uuyn0Z2VTc3xA
DA:49,0,IkR/z/mnUF2OYoWs9qiTLw
DA:51,0,opB4wmC5Sw4OlsxZwZLFig
DA:53,0,BbH6W78lF8bb1MT6+Gg6Qg
DA:54,0,fcixTPGpWgXChi+Ds8HMew
DA:56,0,YUg8/AOSi/x0iifIWl6mJA
DA:59,0,Rj8VAGaJFwHwb4s2KiuOaA
DA:60,0,UdzKwAJblmhUIiauWOeecQ
DA:61,0,v/WFzyMYZvaPz2gP88ZcfA
DA:63,0,zYGGjI+VSaqXmpyDn0eG4w
DA:64,0,nivSNAg29hEwGbdk3Q7NeA
DA:69,0,wKL34CU/FFQylaWZXBO1bQ
DA:72,0,5a0Z0Hmx5Ehm3QBV3GjaIg
DA:78,0,NqCC6Uda4mgYK+Pa7B2Ecg
DA:81,0,ABsrcQ72HJE6aENNU8hvCg
DA:82,0,ewtQI5XkOO/A8g/gQkRVPw
DA:85,0,KtjdNL5fLMYe5eCQqukCow
DA:88,0,13ui/MSKuPT8JVxOZbuZeg
DA:90,0,slJ9FJzgv2jhyosgpzm4dA
DA:91,0,zlSW1rqdHCkbg8ss88F99A
DA:92,0,5F49fim8nIq9G1q/30rjcA
LF:45
LH:0
BRDA:53,0,0,-
BRDA:54,0,1,-
BRDA:56,1,0,-
BRDA:60,1,1,-
BRDA:61,2,0,-
BRDA:69,2,1,-
BRF:6
BRH:0
end_of_record
TN:
SF:db.py
DA:1,1,/KDzRGaEJmCgTCG4PuDKJQ
DA:3,1,DcezkdWAet1uH6gigbdF1Q
LF:2
LH:2
BRF:0
BRH:0
end_of_record
TN:
SF:encryption.py
DA:1,1,7Z9Lj4ed27Wf2hBX6jooEA
DA:2,1,p7hNY1S5rX9QtYADf+cK4g
DA:3,1,zVIrvo60kTiMN8IFGNmBDQ
DA:4,1,FIaPSuhjB2V2soaEKef+Vg
DA:5,1,6vWAvNsegNqafFN4IKLrhg
DA:6,1,P5MR4VsA8HHjUExsrns9ng
DA:8,1,mi292hMkF/beKYgigOvPkA
DA:9,1,eIKMoNwkXrmqtRl+N2fOjg
DA:10,1,RLWAUrNDHm8X/sIdPN2EBA
DA:12,1,PSGnA4c3Ov14SKFbld3whw
DA:14,1,7n0/29BCagrZyzLnxbtZEQ
DA:19,1,4D7gtFMFOj9s+T4L4AlfgQ
DA:22,1,fZSanYZss88Qtkt7BV2ISQ
DA:23,1,PdeqDqr4bOft68ON3+/7kg
DA:26,1,8skTZjU8AM0vr1mX+WLGCg
DA:27,1,PdeqDqr4bOft68ON3+/7kg
DA:30,1,nJ6Mgzyq+sdSsY91z93xtA
DA:31,1,PdeqDqr4bOft68ON3+/7kg
DA:34,1,ReJd9g51DBnCIwjlqz3AUA
DA:37,1,UgGMKrJgkoatxkm/6vzlKw
DA:38,1,PmnH6q1EE5HTQ/UzJDm2cQ
DA:40,1,9173WXztK0PQBv29WeIU1w
DA:41,1,9TIIG131BtneKcQuNXPu5A
DA:43,1,0oo2WbnefMKjK6muQiOZ5g
DA:45,1,cn2PZLsdbyMnlTDsFBDabA
DA:46,1,qrUEXTa4CaX72A5iLHHaaA
DA:47,1,DFXs6SXyY3hDpEskuvpFlw
DA:48,1,p20rnRZrVhGaMmvHdQg+ng
DA:52,1,6nKaWAQyyjjOxX/R/Mscig
DA:55,1,rvqiI5Bjus0wCcL0R4PaoQ
DA:60,1,qnytY74OPNojbSoIBfOeQg
DA:62,1,/EbHrX5hjrtW+Rcquzs8CA
DA:63,1,pNdD7Fk6D8mOyyvHxBkGzQ
DA:64,1,unWNyIlQSRKji1MnqR7+vw
DA:68,1,C+TYd+Y3ozsJtJT/WkZRig
DA:73,1,EsVXB75ieivkTc4QhvH5Gw
DA:75,1,HaEiur60JGDZZXXI5CHI1Q
DA:76,1,0k6Ge+JU/ka1dwfl1H26ZA
DA:81,1,KwrwvOUdSjTbQq/glAu/yQ
DA:83,1,Nnqu9X+lU2lagW39QNhFWA
DA:84,1,oxvMvaVLFpCGF1XxXAN2Ug
DA:86,1,lfZD81idvCqm2vZGUMAC1g
DA:87,1,m8MIHNNgEvinUWUn2ubk4w
DA:88,1,nBFIY0nzIJdLNKSbG51Ocw
DA:93,1,xbyFQvkNmh2+3WpCbFZomA
DA:95,1,7dVrqZbtXogSwJsk32ptMA
DA:102,1,xjcDBnSwra0OiNOAYAwoHA
DA:103,1,25tHmcL8bXFcW2KeY8yXGA
DA:104,1,KjO01ShfTYJD/uw2wxeu6A
DA:106,1,MnzpXe1veqpfA7nIMRo0OA
DA:109,1,CCG1C2QdZvQo0VMDi3IcgQ
DA:111,1,4sRol4Fc6rOa8gZ8Lx5uFg
DA:112,1,NIyCi8RgiBnWMshST0x/cw
DA:114,1,aXpd+Y0JJLooQTjXYIw00w
DA:115,1,GS741+rGRKx6R49XXt5kNQ
DA:117,1,oaDv3U6oePgDpBcstQWM0Q
DA:118,1,L93O5mCjs8cYB1Ue3e2MlQ
DA:119,1,iselPOWx/MG07hJktKiFqA
DA:121,1,+NZXbUWuCxV0TBnEwjALbQ
DA:122,1,ZBs6bF++pJb50NABm6R0Tg
DA:123,1,SwWce/qXqHYKwa4BzvWoYg
DA:124,1,BxZ5yxYTgPj8AMfelYjrtw
DA:127,1,noB5tg45AUkH1vIMECwLzw
DA:128,1,gvoUZhD3MCWGh12b9iWIOw
DA:129,1,aiSiao+cU5hCKJNHTOzK0A
DA:130,1,s2WqVUM14Hg97l6fskzUqg
DA:132,1,DxSgBX/806muZxbWfoH7+w
DA:133,1,cAfGJJWABbqskI5GJtKcKg
DA:134,1,Rp9jY1ePBNIim4b5y6uaag
DA:137,1,xjcDBnSwra0OiNOAYAwoHA
DA:138,1,229JdCmn2hjfUn/uNsIrmA
DA:143,1,BW8Ou7P2eemgsBNUDz1lwQ
DA:146,1,7xpsKpRmohzRjEkLQ4KGkQ
DA:148,1,WcgBNeVekfbu/oxFHjyw1A
DA:149,1,OXEb+Li4HaUMsi1kXjss4A
DA:156,1,iqUKqfTbscSvCDuRKoTlqA
DA:157,1,8B0lxQOpmcGwsg6vv8QU0w
DA:164,1,Uig4wwvreP+Pe7Bcu2WMcg
DA:167,1,OXEb+Li4HaUMsi1kXjss4A
DA:174,1,lNEr1ileAaVEvcW6hZZKig
DA:177,1,hyAh4loajZ8c+fyvWoiL2g
DA:178,1,r3vq3HT++6jaLIZR5hS13w
DA:179,1,4PNDSQ/qAotn4oY6HBFFEA
DA:192,1,xG/7IlvpO0MS8Qwd98T91A
DA:193,1,Ju4oEX9a19ZCO1jyIi5gkw
DA:194,1,KWE7TLHPkGLjFxVGwTwVEA
DA:195,1,kwWnH67l0NxlUqfFbB5BUg
DA:196,1,nbqbfe4EjQgo1SYdyFWsVg
DA:197,1,3xEy4aYm0Zb2H+Js+q9gug
DA:199,1,BeF0Ry4YVh+SUJX8G6rUoQ
DA:202,1,5KV1HgQ+kiG8p9i0OPi7Tg
DA:204,1,eqKj+aUhTq6N3td3iiFMiA
DA:206,1,2jJvIQnNCoxyWd/XusrguA
DA:207,1,qrGXGpPaMYccyQbjUcpKGQ
DA:211,1,HvsiHQ3VoEly9MbQ0mwVgw
DA:212,1,96PklEKMrSTcLDOT3898RA
DA:215,1,ijRwvoKGKj1wlfPaofInWA
DA:216,1,5chtSf+0xiBhebnNjQ+XiQ
DA:15,0,HSECyaWFVJ0hcWvbbirltQ
DA:16,0,t55QAYzFCfCe8DHdO5g6fw
DA:49,0,+xa6il1AZzpdvqhcCCHUuQ
DA:135,0,DXCXRZ1JZ4SHBcY56Xq8nQ
DA:139,0,Aro+ic5DQz+DIoJA+QHsEQ
DA:142,0,DXCXRZ1JZ4SHBcY56Xq8nQ
DA:145,0,DXCXRZ1JZ4SHBcY56Xq8nQ
DA:185,0,rIIs1qpqYmW5MCvZpNKS3w
DA:186,0,PAYbQcPOpsAEFc0eg/NsrA
DA:187,0,brracZ/laI2ukCvcyuBehw
DA:188,0,p75g18TYA65v+uphJalm5w
DA:190,0,muS7xoTEsy9dgH0vDy6A2w
DA:208,0,zLN94hjHAGROr7U2Sd9/wA
DA:213,0,DXCXRZ1JZ4SHBcY56Xq8nQ
LF:111
LH:97
BRDA:15,0,0,-
BRDA:19,0,1,1
BRDA:49,1,0,-
BRDA:52,1,1,1
BRDA:64,2,0,1
BRDA:75,2,1,1
BRDA:73,3,0,-
BRDA:68,3,1,1
BRDA:76,4,0,1
BRDA:81,4,1,1
BRDA:87,5,0,1
BRDA:93,5,1,1
BRDA:124,6,0,1
BRDA:127,6,1,1
BRDA:135,7,0,-
BRDA:137,7,1,1
BRDA:145,8,0,-
BRDA:146,8,1,1
BRDA:185,9,0,-
BRDA:179,9,1,1
BRDA:188,10,0,-
BRDA:190,10,1,-
BRDA:194,11,0,1
BRDA:197,11,1,1
BRDA:193,12,0,1
BRDA:195,12,1,1
BRDA:194,13,0,1
BRDA:196,13,1,1
BRDA:208,14,0,-
BRDA:211,14,1,1
BRDA:213,15,0,-
BRDA:215,15,1,1
BRF:32
BRH:22
end_of_record
TN:
SF:execution.py
DA:1,0,H9bPs4og7Np8TOcsyfUt5Q
DA:4,0,+dxjvqaQN91pEAvsAd5eMQ
DA:9,0,P8ryTGARTaI3bCI8jnrZsg
DA:10,0,F1HR37pmtPqsAeYfIeThJA
DA:11,0,xEuvV5p/NUn2/hcu1f+K8w
DA:13,0,uLR4Zy6Vf10KYq89VxqnSg
LF:6
LH:0
BRF:0
BRH:0
end_of_record
TN:
SF:i18n.py
DA:18,1,rSzen0Flr50g9qoXqMA8lA
DA:19,1,asTiAqYQdCjw23P2nYGEUA
DA:21,1,VQt+gVkVyjspTgF7nqcUrQ
DA:28,1,PCax+PLPnVx1Y15xsGLdfQ
DA:29,1,6OOYgzhsrmqhkmJeCpLAhg
DA:30,1,X7nQRZt4AY8VnDZc6E0Qgw
DA:33,1,f1hbejpo40R5aBpF/WkGeA
DA:34,1,/ZvqiDY7XVzMiSFdpC6ZCg
DA:38,1,uLFx2EENmWJCY2/x04bd3g
DA:39,1,TisQhXXz8Rp87cAogaarXA
DA:43,1,zZrNphW166i2cxNVrkazzw
DA:45,1,M1PxRBbO5YFINBVhUbMlsg
DA:49,1,gHECyovcI8pEy4YhZQUmsw
DA:51,1,HmADa1g/W1C2Vo9Wm4sNNA
DA:52,1,BDtWYDZ7DQq2QM9L2kp7Mg
DA:58,1,vo9M7hkkP0vsPIRUD6cFrg
DA:60,1,tqmyMTcFfLz1923Rprt8gg
DA:62,1,HmADa1g/W1C2Vo9Wm4sNNA
DA:63,1,7ZV+hmCDSeOKGHzsGDIqLA
DA:70,1,jkThALy2p2aScXaVThspfg
DA:72,1,HmADa1g/W1C2Vo9Wm4sNNA
DA:73,1,JoWnvKwm5bN3S24RJVCRAg
DA:79,1,uHHOjLwDsSA6CqLO4IUKow
DA:81,1,HmADa1g/W1C2Vo9Wm4sNNA
DA:82,1,uquMrSsQSSr0+E//rkh7Gg
DA:89,1,gHECyovcI8pEy4YhZQUmsw
DA:91,1,HmADa1g/W1C2Vo9Wm4sNNA
DA:92,1,32XEolFt/6cmOliSv5KUig
DA:99,1,P15vMavP5sia9tFMbn1jDg
DA:102,1,wSEiqQMpheovGblJ8+YFPQ
DA:107,1,AB8sDsXj1g+75mhtaxyfNQ
DA:108,1,aVrfYxS0etXivDRxbjtqSg
DA:112,1,DJ0Pplr3QtQ+T5F3AlyNqQ
DA:115,1,n06rpo46RVRFaP/hdOATSA
DA:122,1,narRpE7F/0Hcdssw6B5NtQ
DA:123,1,CsiKlqp/aU0RSc6Dyf8rZQ
DA:126,1,vSQmReikzkBhpnPY+6pRqA
DA:127,1,x/siS1SCgjz3b6WDdvxavw
DA:130,1,Zz169u+J0H9ojzr4QzsxNw
DA:137,1,SIS56wut70E4bHhxfEsxew
DA:138,1,dbnhKnrxiYuCRjfS7d3O2g
DA:142,1,vsP/9CLm13oN6Db5se/hwg
DA:145,1,3XnJjBKcHIerDcgVShErmQ
DA:147,1,IXzls1CLsaTLU91Jwokppg
DA:148,1,HJzjNyYlC/hGfTGInCCg1Q
DA:153,1,wdP+MJZZDDSCLRfT1xgnsQ
DA:154,1,glDnq67QA+YM4PMj8zEZCw
DA:159,1,4JVlv9uRHE7U5onB0W8wGA
DA:162,1,Ev4mqO7L9da0eBv0xEbYGQ
DA:175,1,nKgIAKdx5DGO9oCyXH77Mw
DA:177,1,9lXKsd1Td7G5WHTqP2/RZg
DA:178,1,4rtMtHpSp0zpHRtkFgAYUw
DA:179,1,x7sv95pSM1+yh89I71WBJA
DA:180,1,2C8PyoeaZyVPgep3tl4MDA
DA:182,1,Wcu7bPn/bh0HdWbfxUuYgw
DA:183,1,4rtMtHpSp0zpHRtkFgAYUw
DA:184,1,19fva4fSSAjoVGw1qlFh8w
DA:187,1,x7sv95pSM1+yh89I71WBJA
DA:188,1,yhwykqWri/u18IjhmZQW3Q
DA:192,1,DUdfeLbg85uCKijZncbj9g
DA:194,1,M0mwWFS9OSM1KYBo8u3CiQ
DA:197,1,dtVJdwDPWdI9rO3rMSTOqQ
DA:198,1,vegWbyp82h4djGr+tehhQA
DA:199,1,cIRZU/wQZDCSXEsilmY/Ng
DA:200,1,7NuYy0R1qa+aY/30HHuehw
DA:203,1,l54u0vcWtD4N05xv8GjA+w
DA:213,1,rizmRKNq3oJbCyo+jBmsEQ
DA:214,1,e9V4UtE5+1VshVpDs3nNJg
DA:215,1,5Z1H4ZxiYMIZVbDEQF5WAg
DA:216,1,qfZOGvGmMUXB22BV8oX6eQ
DA:218,1,okg+DxKrSHCYzAFBT4lTlQ
DA:219,1,xDPS2CDKuZa+5ZDlyiWfEA
DA:220,1,iSQyn0R1ygHRiRkz15mgkg
DA:221,1,ufGX4c2bmMaN7PNKv91ksA
DA:223,1,qmI4sGhQrLdFoWa3BCm4kw
DA:224,1,Ycr0uAWrUgTPZg0TH3icTg
DA:226,1,lO+vPM7GZ/ZC2Zv2qeI40g
DA:229,1,Kzn9VIY5y3SBiVkNziy67g
DA:232,1,/0yUvXNZyMiAj7HUXC1lQw
DA:236,1,BnQ9Oa1U1VgayTlOt6LyTQ
DA:237,1,CmjUQldA+mT6evxk6oWrsA
DA:255,1,WSfJwAbdV0hZgTZo3wsjQQ
DA:258,1,vso9M+XpQYkh21+OBgrHVA
DA:262,1,nggFH3xunbbIArFg64rO0A
DA:263,1,1JAkYDPVQHwgjiNut4M7CQ
DA:264,1,2BRzRPXp1B/D4so5uCFDWw
DA:265,1,SmrRnzPoroW0jKPUYTSo5g
DA:59,0,stzRGq/VHKeEAPHf8GacUA
DA:116,0,4MRsc3BuL7//R2uo6iAiAQ
DA:149,0,GRUZNWBsT2u1yl9t2j9wEA
DA:155,0,4MRsc3BuL7//R2uo6iAiAQ
DA:185,0,sOvtOfk75TbAtTgkgicGHg
DA:190,0,gm2ie16JHbrBHwF3yC56KA
DA:217,0,MpV7VZPvPrylAARKkYn/FQ
DA:227,0,/Uw2Gf0Z3Uv7FytgV59fCg
DA:238,0,xjcDBnSwra0OiNOAYAwoHA
DA:239,0,xs3hcjszsuHFik8Z9Dqo4Q
DA:240,0,TgetHPjeWuuVgYoMbnZHCQ
DA:251,0,9uToWQL+7TydsdAEVvXk9Q
DA:252,0,q+htZSu/eMaf8As2bgiwag
DA:253,0,Eo4B32mYi/Qt5Xje0RvZfQ
DA:254,0,B+ZJQ8zBxPMiDZhsnR0Fag
LF:101
LH:86
BRDA:59,0,0,-
BRDA:60,0,1,1
BRDA:116,1,0,-
BRDA:122,1,1,1
BRDA:0,2,0,1
BRDA:123,2,1,1
BRDA:0,3,0,1
BRDA:0,3,1,1
BRDA:127,3,2,1
BRDA:149,4,0,-
BRDA:153,4,1,1
BRDA:155,5,0,-
BRDA:159,5,1,1
BRDA:179,6,0,1
BRDA:182,6,1,1
BRDA:184,7,0,1
BRDA:194,7,1,1
BRDA:185,8,0,-
BRDA:187,8,1,1
BRDA:190,9,0,-
BRDA:192,9,1,1
BRDA:215,10,0,1
BRDA:216,10,1,1
BRDA:217,11,0,-
BRDA:218,11,1,1
BRDA:219,12,0,1
BRDA:220,12,1,1
BRDA:227,13,0,-
BRDA:229,13,1,1
BRDA:238,14,0,-
BRDA:255,14,1,1
BRDA:237,15,0,-
BRDA:252,15,1,-
BRF:32
BRH:21
end_of_record
TN:
SF:journalist.py
DA:1,0,mUDsnWRiqW9R9nTILGKIZg
DA:3,0,Lfsb9XUgCQvmaD0nTniOGg
DA:4,0,s6p8TI48nQMfoIzxNJQ0Vw
DA:5,0,AJAHbFIG73iPk51FBRjUdw
DA:6,0,pBoME1iNxnNs1mb8gMYC3A
DA:7,0,RLWAUrNDHm8X/sIdPN2EBA
DA:8,0,YywOy6KxCeDPcQDbJrAJqg
DA:10,0,BhWf3wNVDcodHX92s1SPxA
DA:12,0,cms2N/lqrO/SNvj7hCzgnw
DA:15,0,HF4bezewkcpy+FO7rGdhkw
DA:16,0,HYKbt/klYDaXgOo36OSTnQ
DA:18,0,SdyjZUwFWMqYaiG2GDeNOw
DA:19,0,K0V7Rsf0wgXtczgKO6nnyw
DA:20,0,7Ag9x4V7mBlS31+r80JxzA
DA:21,0,xvWIcpcyNr0gyGcTkdMxXw
DA:22,0,4j2fp1ak0qMZ4ihpsygWCg
DA:23,0,3Z/Ecm9NQKIs1+T0gCN5vg
DA:24,0,dquiAd0b6I3SPuVFJDK09w
DA:29,0,2fZpmzCzI5OXj2C9nFdXaA
DA:30,0,Sly8HEGjxFAAVMbd1nrMFQ
DA:31,0,GnPNzREXtO2g1gBaCwGdbA
LF:21
LH:0
BRDA:0,0,0,-
BRDA:21,0,1,-
BRDA:30,1,0,-
BRDA:31,1,1,-
BRF:4
BRH:0
end_of_record
TN:
SF:journalist_app/__init__.py
DA:1,1,WpEjgxacqgxANZhpobgHYQ
DA:2,1,6vWAvNsegNqafFN4IKLrhg
DA:3,1,24fQkRBTvn6uHs157/+3Yw
DA:5,1,iJqcbvYh9KI25qQv2aI8xw
DA:6,1,Kf0ZXmCKHAbxjj5YN38VWg
DA:7,1,TFh7zr4Ft+wZHcD5hnw7cw
DA:8,1,qS+ql42lbnyfBhvAajuSdw
DA:9,1,iHg1C5SME55nafDq4eZFbQ
DA:10,1,GoWMnU2p/LJ+4MFv6w+1vA
DA:11,1,H/1adpVBdz4L5cDLVXZLvg
DA:12,1,DsLgEsX8CLQJoYf3XhEEMw
DA:13,1,ixue/6G1aeuGIjnKctDzag
DA:14,1,s5w/SmF6FQZu34gfFIse+w
DA:15,1,OvxCTSb09fMZnBbTmrCkhQ
DA:16,1,RLWAUrNDHm8X/sIdPN2EBA
DA:17,1,UDD2MlPxwEcNkrt77jWlng
DA:18,1,tWVjRFkj6dtSU5joZP5UPg
DA:20,1,55Hc8wDfsvVkhRlgsJbQ1g
DA:21,1,Masa0pwLvpBQ1UknRQZBuw
DA:23,1,5P6Yksk9LZ7X9PBcV/KpmQ
DA:26,1,i+pTfSvrpLrycskub5uelw
DA:42,1,yQ+3w70S5LaqLWXLvmaF/w
DA:27,0,kXg5Y2QbBUdNO6apKovNUA
DA:28,0,8f6Qw46BKrYVWqTI/2Wv/Q
DA:30,0,Z6VqXs5O4vk6/kQLEmBFpw
DA:31,0,O75kxkyq7kLThObsNZxDGg
DA:32,0,tvQrZUuyqSYWz66Tw3zEdw
DA:33,0,VpV2W+MhHttvG2qqC+2d1w
DA:34,0,pbsQoOGBAksWCeQKT1npjw
DA:35,0,xopwMyP2TTIWuyFYnIZHNw
DA:36,0,0XQ9Y0z+9RNy2B4DnzfiqA
DA:37,0,2Mn5+toGmcMTIn7AqpUQ0w
DA:39,0,J44Lkkp/6GuYtQFAX6MUWA
DA:43,0,StkaCS0BMcyNwk644dWq9g
DA:49,0,9Ej+TMEPVaCpiYsFGsh7MA
DA:51,0,kwd5TwJRyLKMrgV9bcATpg
DA:52,0,9ZBRv8t4oQnX1dVcgzEwJw
DA:53,0,fLYLme6OYZ2Lz9+yLgwVRg
DA:55,0,8SvdG9r2GATbUoOcedgXMw
DA:56,0,miMEw8TOPZTfhEf7aFZCQA
DA:57,0,QJByk+CqZhk1aqZBNhZ/kg
DA:59,0,rEHUD17+yB3caKn/cw4oQw
DA:62,0,c98GSpR3eQYubJ5zl08gNQ
DA:63,0,Py71RzfXcvyJ2IeSGCEI+w
DA:64,0,VvH0GV1BlHFlq8caCSgY8A
DA:65,0,FdwkDqUrmQkhCweeovyFyQ
DA:67,0,gW7vd8r7w0cXe3cAq2ZUyg
DA:69,0,x+ncwziT0F3cvxWmPbESog
DA:70,0,A5HmL/KmfCnXQfMlHfqpaQ
DA:71,0,JkXM4uWB+WlUAMW8J3G+3w
DA:72,0,NGwZUoCWtmQ6woDbL90oJg
DA:73,0,13UKgoFgv275KwrUp0moFQ
DA:74,0,jQ7t23LY5fOaL96qAR3irg
DA:76,0,v1uo1ododanWE3LwBZL4Ig
DA:84,0,gyJLuJ3lieg8nI0flufSuw
DA:85,0,jipVfYMvRCSx2TAyiU0rTQ
DA:86,0,xEtkfBv6puEPDM3f4XG9Og
DA:88,0,anx3yzUQBbUxriNyOMJVJg
DA:90,0,BtnMqFr7vBKd3JLTfofnFA
DA:91,0,COUH7ytF9XzD2pb/Rg1unQ
DA:93,0,GKEmPQCPaii35Hpt0Zj3UA
DA:95,0,EDGu1E+a/Bx1Ac5zWal29w
DA:96,0,4L3aoA+dexAcAHiSHFh6Zw
DA:97,0,3HG6Q9jj0T+BvNhFFDI3fg
DA:98,0,h82Ra4Hp3y2EOXBabZPrwg
DA:99,0,bsSsXkUmkyU1ob9TUdz4nA
DA:100,0,rnAmgvHOrRg0/C8BLfqTyw
DA:101,0,dHjjBQoNHGOdOtRBccsSdA
DA:103,0,har58iu/DbSPTo/u8/dhMw
DA:104,0,3qoe/6Z8bTZfLMfhGELE4g
DA:105,0,IbcPIKdMfSKoWinAC8HSQA
DA:107,0,har58iu/DbSPTo/u8/dhMw
DA:108,0,w4+D0aMb1Mo1dpNKvz+y0w
DA:111,0,g+XEsJqp4l31sDFJ/ao+Ew
DA:113,0,zfgeO9qx918huZuRsZ4Wog
DA:114,0,vleQ/y1Y6st/7tG8juXxfw
DA:118,0,YQSuksoOVJY/Xwjg3MJdGQ
DA:120,0,xjcDBnSwra0OiNOAYAwoHA
DA:121,0,vtZWvsk5XyLScM9KYCjJVA
DA:122,0,YuVr4I/RmyymjhN4aZHE/w
DA:123,0,XVAhryt4Vom9MqsNWGO69Q
DA:125,0,F/crxVoYyV6/IBY5OTom7w
DA:126,0,FZeo1k8hHfiBKGARNP7MOQ
DA:127,0,7MZrnFPEHTiIfM6jXzaZAQ
DA:128,0,keUyHuhwLWb/I7KnMQ88gw
DA:129,0,UQF4thes5XVlnjmjthKtBw
DA:131,0,QGN+vTspdz01kCaLtfsckA
DA:132,0,a75Z4FDrIuRVhuBPqskfxQ
DA:133,0,79IMQZe8m4i+g3EDC6falQ
DA:134,0,rR3WAiZ7DcbJc0C4fml4Nw
DA:135,0,5a6OSE1CEGG/wUevZ43b2w
DA:137,0,apkQQtiiE4JOuDIBvLOUjQ
DA:139,0,VUt9w9R9KVcFftYdwYv33A
DA:140,0,+5eKs8JhDo1MAppKxTvp4g
DA:141,0,ExUXB9/9tBP1aCcgW30p7w
DA:142,0,auta4Vx1KLnLbjNivP5cyQ
DA:143,0,n4H5puC70Q/UTS+tRMaIow
DA:144,0,c8SblQ227GlstpWQPyiY/g
DA:145,0,aqo11biSTjzhxP3bM9p0+w
DA:147,0,kqN3yecQ0Iwyfgm0sa4W7w
LF:100
LH:22
BRDA:28,0,0,-
BRDA:30,0,1,-
BRDA:35,1,0,-
BRDA:36,1,1,-
BRDA:37,2,0,-
BRDA:39,2,1,-
BRDA:64,3,0,-
BRDA:65,3,1,-
BRDA:85,4,0,-
BRDA:88,4,1,-
BRDA:91,5,0,-
BRDA:93,5,1,-
BRDA:114,6,0,-
BRDA:118,6,1,-
BRDA:126,7,0,-
BRDA:128,7,1,-
BRDA:127,8,0,-
BRDA:131,8,1,-
BRDA:129,9,0,-
BRDA:131,9,1,-
BRDA:132,10,0,-
BRDA:137,10,1,-
BRDA:134,11,0,-
BRDA:137,11,1,-
BRF:24
BRH:0
end_of_record
TN:
SF:journalist_app/account.py
DA:1,1,WpEjgxacqgxANZhpobgHYQ
DA:2,1,l3nhicvq6q+R3WkfKdsNMw
DA:4,1,By0uQtr7M8gNvp0qa0nwhg
DA:5,1,nLfW1RxMdmzvmgr9urDrDQ
DA:6,1,qS+ql42lbnyfBhvAajuSdw
DA:7,1,BjTikiur97kQDCVRPz09lg
DA:8,1,GoWMnU2p/LJ+4MFv6w+1vA
DA:9,1,IE7exst+8QU+ySDWEOakVA
DA:10,1,G0OQem81rTM/apqodD+/OQ
DA:17,1,fM6RPWRdfQnRnHwsi4tsXA
DA:18,1,iOGlz5YgRicdq70JWYzWSw
DA:21,1,Qpp+QMJU7LqAF5dGrX81cw
DA:22,0,8Knc60FRHvp6Rq206kMpDA
DA:24,0,8P+1UfPg+sK9LJjXoE1RHA
DA:25,0,GWqCfCI8wvrgsqta80GFzA
DA:26,0,5J4IwHiDrtWv3zHKEqhIOQ
DA:30,0,I5PBOQjooVKsD4ZbIyfmDQ
DA:31,0,JPs7KweGY+H3LW8Jllrh0A
DA:33,0,sLAfDdunJgMHZ2CKN2WiPA
DA:34,0,6SZnHatKDwxX+PRbMHwuYg
DA:35,0,a2pV7/9aWMPhVgkCYehg8Q
DA:36,0,RhAeqhUC6eDOAjWkBGEm4g
DA:37,0,HPXB35KA+7wTwLlhe+Rmng
DA:38,0,uuAqGFKWs1wms4MYilGfvQ
DA:40,0,efAu9wT/RHp5XAc4vZLxNg
DA:41,0,Hri3sNR9wgNfVNpYk8PjhA
DA:42,0,QQcEXjNtDsVqB30f5Hyybg
DA:43,0,AGVeBs1kf3XwLGHy9xtLyA
DA:44,0,Dqe48mfwtIw9S21cEm3oYw
DA:45,0,Q8PUwJBG9Oku35c5yeHWaA
DA:47,0,OSTplhvjmUa4Uxn72WCjdg
DA:48,0,8+oZDXbI2cPMIbvqjhCfeA
DA:49,0,ZAt315ySrTfDpecW9nf6DQ
DA:50,0,FzwlcF68w+adU4v8XG8iTg
DA:51,0,99DJprpBb6k380QY0fRFSw
DA:52,0,uuAqGFKWs1wms4MYilGfvQ
DA:54,0,5f69d8LlG32zFk7Kvfq4fQ
DA:55,0,craZacvSWUyKbEyuwaWr6w
DA:63,0,cHjdSBRWnRNBfbMpbo3NyA
DA:66,0,g2JOq/Loqokuu7Tr+sMkQg
DA:67,0,dWMFY6Z4yMP60AE2Sy0Grg
DA:68,0,TrR8LVs7vJfTQKYSTp2DKQ
DA:69,0,xjcDBnSwra0OiNOAYAwoHA
DA:72,0,w7WQkUR8q7FdOihYRmIJhw
DA:73,0,N3H9d+Zg7kaaXnOwE5yORQ
DA:77,0,6EoGiVK3gCOZVsfSjhiDag
DA:79,0,ICcLOLMl9eab6ZtmiKcFZQ
DA:80,0,N3H9d+Zg7kaaXnOwE5yORQ
DA:85,0,KY0knQYmrMpVK4iOLGbVeQ
DA:92,0,4IO+sdj0SIaCHA0b1X7OQg
DA:93,0,Q3IgIQ/2jSJDEH2lIVXIkA
DA:94,0,mshcjoXOGDQOVDW5Rleb5Q
DA:95,0,MzOrEd38rG7IpZhhQK9Uag
DA:96,0,sb/xq3mD1jUbYw0CXQrh/A
DA:97,0,+ZmZmzBqoiP6kN9rNy6TFg
DA:98,0,KY0knQYmrMpVK4iOLGbVeQ
DA:105,0,LxbvTw6kReZLjKB8tJ/RCw
DA:106,0,fO9NZgU47HXGqAWo4T0mkg
DA:113,0,QQcEXjNtDsVqB30f5Hyybg
DA:114,0,cHjdSBRWnRNBfbMpbo3NyA
DA:116,0,Xj/ErVMPWagQ6bli2x3hmg
DA:118,0,aLeuPIvzN0LvU+2RzyaBLw
DA:119,0,xvWIcpcyNr0gyGcTkdMxXw
DA:120,0,S0KhfodKoINQrWQONILCAw
DA:121,0,iofVakFvVDTpJ2pCTkGotw
DA:125,0,bikA+x8UibDSIXRprRXy2g
DA:127,0,ivIt8hpSs19Z7jPyFW+QRg
DA:128,0,w2aNG4sn7cWjv17/sAwPkA
DA:132,0,/DQiDuleGrq/vG+88qF+dA
DA:134,0,OphcFZqobKPNck9CQbPEWw
DA:135,0,N3H9d+Zg7kaaXnOwE5yORQ
DA:140,0,rBlIrPEpt6t1xZRRrExVPg
DA:142,0,cEbOnc8vRhES0FE2XeGUgQ
DA:143,0,09lKsmj/sQOE3bD5THjTfQ
DA:144,0,F/WkJVD/pyJgmzSi7tX4lw
DA:145,0,eSeIpg25/QThdCuB1gr+ZA
DA:146,0,GPNbr1wZFKERGEoX0SyWdA
DA:147,0,wz0KNR6vmhq3KQCC4wbB6w
DA:148,0,BpHltm6tzw/tpI/9aEqHag
DA:149,0,uRRQ4DH8ixMn/naU7RsuPg
DA:150,0,rJCJ05m9orkpoX4zqoCdfw
DA:152,0,VRHBedIfFNo12ijYuyDJmA
DA:154,0,PQzNPff7WK3kGEh2CTClUQ
LF:83
LH:12
BRDA:48,0,0,-
BRDA:52,0,1,-
BRDA:50,1,0,-
BRDA:52,1,1,-
BRDA:119,2,0,-
BRDA:132,2,1,-
BRDA:135,3,0,-
BRDA:140,3,1,-
BRDA:146,4,0,-
BRDA:152,4,1,-
BRDA:147,5,0,-
BRDA:148,5,1,-
BRF:12
BRH:0
end_of_record
TN:
SF:journalist_app/admin.py
DA:1,1,dH7CYb6admOR9+doyKrX9w
DA:2,1,7Z9Lj4ed27Wf2hBX6jooEA
DA:3,1,WpEjgxacqgxANZhpobgHYQ
DA:4,1,gfaEZ9bUGULCzp4iZbbVCA
DA:6,1,By0uQtr7M8gNvp0qa0nwhg
DA:7,1,nLfW1RxMdmzvmgr9urDrDQ
DA:8,1,qS+ql42lbnyfBhvAajuSdw
DA:9,1,StY5zKssxu6DVI++9I/CGA
DA:20,1,GoWMnU2p/LJ+4MFv6w+1vA
DA:21,1,bmF+E0gVDqSTMSsKnwO1WQ
DA:22,1,QX9BG50jfIMnK8+v/agJLg
DA:23,1,IE7exst+8QU+ySDWEOakVA
DA:24,1,G0OQem81rTM/apqodD+/OQ
DA:31,1,fM6RPWRdfQnRnHwsi4tsXA
DA:32,1,Ajht5lyYXYKKFrgtyFUVTg
DA:40,1,iOGlz5YgRicdq70JWYzWSw
DA:41,1,EgVcFm2ygLUzNPoAgmeYVg
DA:42,1,3O+5jV1RcsOpTWixlHAe/g
DA:45,1,Qpp+QMJU7LqAF5dGrX81cw
DA:46,0,Be8w0hf6wWpvBNa8BKkibQ
DA:48,0,GNL4MLct82o7/g9WNdxiqA
DA:49,0,xRfn6bbBIjeB0e9lzt4Iew
DA:50,0,zjz2xvu2wVGBYxhlzI2HCA
DA:51,0,vIGNYvdBryjozD86DE2Hsg
DA:52,0,reN0KlKnKdXpH/RKlypbSQ
DA:54,0,GDuCvR2LGeLF5kgScaGzuw
DA:55,0,xRfn6bbBIjeB0e9lzt4Iew
DA:56,0,y9p+iz1DskQoARVEmJAJhA
DA:57,0,oL1bsxBuZzDAMBHHmoIAig
DA:58,0,wBpMJz6ANy2mbrixJTA80w
DA:60,0,WQMTxLDs0/WTZVrEy8s6EA
DA:63,0,OJBNL6QuwMryzfFg3DbhuA
DA:69,0,PfVxNQE84wvri2LD/H12EA
DA:72,0,G+hvQ4ELl1gfyLVQCM4uRw
DA:73,0,DPBZ8MCuasEWlruEuxFHcQ
DA:74,0,Bw5cLUZPibEcODLpgMEXcg
DA:76,0,CeY9NllshvTXOCXkgCY0wg
DA:77,0,MczXiqOMeNQvgITEuurxkQ
DA:78,0,7fnYIajcnyZndhg9JYk9hA
DA:79,0,xvWIcpcyNr0gyGcTkdMxXw
DA:80,0,DOCp2p1szQ4ByBo37bU83Q
DA:81,0,E6biTnfyaImfZyDL4LDtzQ
DA:82,0,Pkwsntebe693LwjKD9saWA
DA:83,0,iofVakFvVDTpJ2pCTkGotw
DA:89,0,zs+ZmQguJbUI9jWimjJrVQ
DA:91,0,G5XlF4fGzEQdjvqsSULycw
DA:92,0,4u2IVP68GvV+R5nM4gc5nw
DA:93,0,bVmwIghczq3FlR9xHZVFYQ
DA:94,0,bg3+GLYPR08Q7jwM9xqzUg
DA:102,0,TAinZphvKaxKyZOUL+6UmA
DA:103,0,xRfn6bbBIjeB0e9lzt4Iew
DA:104,0,en5x0KAd1DYM6YESoSJErg
DA:105,0,C+kDDVwaonhgHqmk0+nBXw
DA:106,0,NIkmpqBEyHkhh4wCE/g+bQ
DA:108,0,LJKXK50Z0Shy5PldVRPZpw
DA:110,0,74MYhi0BaHwmaqP9DAHWng
DA:111,0,X9TZ0QLkLtlkzvzRi0P4MQ
DA:113,0,s+PkybQ3SdVJVeopC4Ft3Q
DA:115,0,87iibcYDQPgi4CAVMEYskA
DA:117,0,ok26ft3UB+EG75bI7x9ADg
DA:118,0,soYbURTGr4RU5kpq5Wc7qg
DA:119,0,foBzJKivnqdWS0T9cYoiiw
DA:121,0,1OfRSPy5SKKfPjQZXutNSA
DA:122,0,4u2IVP68GvV+R5nM4gc5nw
DA:123,0,4WEBHqoFrikSHCWtFqDaGg
DA:127,0,/hyn8KQYZ/sofa6iBWQumg
DA:129,0,QIIo76EixYFPFvygRN608A
DA:130,0,xRfn6bbBIjeB0e9lzt4Iew
DA:131,0,m2tcLLd5nO3Uven1JKz48w
DA:132,0,AgCtkzriF4M9nZEO2jGS+A
DA:133,0,NIkmpqBEyHkhh4wCE/g+bQ
DA:134,0,xvWIcpcyNr0gyGcTkdMxXw
DA:135,0,sZ8oxnUq8guCaRGiv1f/Zg
DA:136,0,xbTId8xUvFgV82DHxcfHiA
DA:137,0,gUyWCe5PHm7Clu+B68z4JQ
DA:138,0,Pkwsntebe693LwjKD9saWA
DA:139,0,aEN7lejsF+xtDCNfeRKlEQ
DA:140,0,nTBoASXES9KCJ+tRqe6Oxw
DA:142,0,1OfRSPy5SKKfPjQZXutNSA
DA:143,0,4u2IVP68GvV+R5nM4gc5nw
DA:144,0,FOxYJDUACnKor80DQ0NCLA
DA:145,0,Zqq4vDvx0vxaf/lM/bS1Dg
DA:147,0,S16/h6wmAPy+jU8xAkMIRA
DA:148,0,xRfn6bbBIjeB0e9lzt4Iew
DA:149,0,CuY65y9E2B2KVVM4sN4Cfw
DA:150,0,X3occf5sW/qn0Dt6X7uSiQ
DA:151,0,NIkmpqBEyHkhh4wCE/g+bQ
DA:152,0,V+FWyB4RvOSW/GIVrF7TlA
DA:153,0,WxQrv7Qy6DDQwPE2ywMt1Q
DA:154,0,WS2GNXtapQWEY7k5qNyKgA
DA:155,0,zZbcvnpBdTjCjHq1ZEzLIQ
DA:156,0,LyiYBJDHoRq6lNcpnSvJjw
DA:157,0,SBeDgPSs3zWMmyWSJe1KYw
DA:159,0,xvWIcpcyNr0gyGcTkdMxXw
DA:160,0,iuV77bt19wFVw4hjZq6Gcg
DA:161,0,l0OJwFcHEhiKvqDc/FcByQ
DA:162,0,u4OaIJR9FfhG2gXx4mWFpA
DA:163,0,a+VUY6XdeUorL1KnYaJLbA
DA:164,0,l/4y3nhGzzT4y2hDpzWQGA
DA:172,0,s4uKp56pp9Z6xPxPcKNoMA
DA:173,0,M1woIFFYepULZmbMCFH9/A
DA:174,0,8RLwXrqMR1/Gh2ScjU8Uzg
DA:175,0,iofVakFvVDTpJ2pCTkGotw
DA:182,0,rOMglgAI4ioSTUPD5tfU1g
DA:183,0,M7PpCMxzFRST7ot3YJzRhw
DA:184,0,8SzSg+YtNOi10bWOwPtEag
DA:185,0,4WEBHqoFrikSHCWtFqDaGg
DA:193,0,4WEBHqoFrikSHCWtFqDaGg
DA:197,0,rOMglgAI4ioSTUPD5tfU1g
DA:198,0,CwdQbQx9qscFOWJbOlQZlg
DA:199,0,rOMglgAI4ioSTUPD5tfU1g
DA:201,0,lmrVchomTpqNa36E+/FJKQ
DA:202,0,sYgK88dF+sc1ztCB4ch9MQ
DA:203,0,v8S6sf0jAZpvUbi+SVMA+g
DA:204,0,rOMglgAI4ioSTUPD5tfU1g
DA:205,0,WTXUookj84s8xhgiUkodiw
DA:206,0,4WEBHqoFrikSHCWtFqDaGg
DA:211,0,4WEBHqoFrikSHCWtFqDaGg
DA:219,0,nmarKT5EJm2yGgE7N2GEyg
DA:221,0,h0YKNbj2puZ7HS6cSNQThg
DA:222,0,zy+Fc63s3BssBeTAv5lDBg
DA:223,0,TPZbzEWEW7xvoGBpaIfrSg
DA:232,0,TPZbzEWEW7xvoGBpaIfrSg
DA:236,0,5J4IwHiDrtWv3zHKEqhIOQ
DA:240,0,4uJZaSUgsaSLIaY3/CNl4g
DA:241,0,GaWWPAFtG8DFqBnnjqXd4Q
DA:243,0,5f69d8LlG32zFk7Kvfq4fQ
DA:244,0,xRfn6bbBIjeB0e9lzt4Iew
DA:245,0,Lh3xqoL33e5P6ZrAJjo/kg
DA:253,0,cHjdSBRWnRNBfbMpbo3NyA
DA:257,0,I55yGsx0cQ8aWkrH1RfkRw
DA:258,0,dWMFY6Z4yMP60AE2Sy0Grg
DA:259,0,TrR8LVs7vJfTQKYSTp2DKQ
DA:260,0,xjcDBnSwra0OiNOAYAwoHA
DA:263,0,w7WQkUR8q7FdOihYRmIJhw
DA:264,0,N3H9d+Zg7kaaXnOwE5yORQ
DA:270,0,AyvYZbJF66GNtQKDRAJ2Vw
DA:272,0,ICcLOLMl9eab6ZtmiKcFZQ
DA:273,0,N3H9d+Zg7kaaXnOwE5yORQ
DA:278,0,KY0knQYmrMpVK4iOLGbVeQ
DA:286,0,4IO+sdj0SIaCHA0b1X7OQg
DA:287,0,xRfn6bbBIjeB0e9lzt4Iew
DA:288,0,Q3IgIQ/2jSJDEH2lIVXIkA
DA:289,0,C8nxdzxdslLGQhi1uSNZrg
DA:290,0,eWm9w/Ua+eMeS3nR1b18mQ
DA:291,0,BQGhxfxhkOfP1HhWiX+Utg
DA:292,0,Ab3lVy+XjYJbaByxR9YtKg
DA:293,0,sb/xq3mD1jUbYw0CXQrh/A
DA:294,0,KY0knQYmrMpVK4iOLGbVeQ
DA:302,0,LxbvTw6kReZLjKB8tJ/RCw
DA:303,0,xRfn6bbBIjeB0e9lzt4Iew
DA:304,0,mj3o22mTdxCQLNOvNV+AlA
DA:311,0,juU+1sojFSjDgGiIJskhgA
DA:312,0,cHjdSBRWnRNBfbMpbo3NyA
DA:314,0,Xj/ErVMPWagQ6bli2x3hmg
DA:316,0,aLeuPIvzN0LvU+2RzyaBLw
DA:317,0,xvWIcpcyNr0gyGcTkdMxXw
DA:318,0,S0KhfodKoINQrWQONILCAw
DA:319,0,iofVakFvVDTpJ2pCTkGotw
DA:325,0,Jg1CLRBPKu4+jcNadD4/nA
DA:327,0,ivIt8hpSs19Z7jPyFW+QRg
DA:328,0,w2aNG4sn7cWjv17/sAwPkA
DA:332,0,/DQiDuleGrq/vG+88qF+dA
DA:334,0,OphcFZqobKPNck9CQbPEWw
DA:335,0,N3H9d+Zg7kaaXnOwE5yORQ
DA:340,0,ryvl/7FB7Z/0kIikINbCVg
DA:342,0,cEbOnc8vRhES0FE2XeGUgQ
DA:343,0,xRfn6bbBIjeB0e9lzt4Iew
DA:344,0,09lKsmj/sQOE3bD5THjTfQ
DA:345,0,C8nxdzxdslLGQhi1uSNZrg
DA:346,0,eWm9w/Ua+eMeS3nR1b18mQ
DA:347,0,F/WkJVD/pyJgmzSi7tX4lw
DA:348,0,eSeIpg25/QThdCuB1gr+ZA
DA:349,0,DIT5GZmdnJey0w/IY8uBlQ
DA:350,0,LbdulwxPUUIABfByTP5AzA
DA:351,0,uRRQ4DH8ixMn/naU7RsuPg
DA:352,0,6FGRE9NNwPNdyfFA7biA7w
DA:354,0,9aXdwmPgjRRmGUsW1LFUUQ
DA:356,0,SrlZRpcTb0lULJSWv7yVrQ
DA:357,0,xRfn6bbBIjeB0e9lzt4Iew
DA:358,0,58siC16s3P9oVGGtAwhi6g
DA:359,0,qJCJkZZ5wZcueSVxs5tGmQ
DA:361,0,QGN+vTspdz01kCaLtfsckA
DA:362,0,QIMAowfZtmGL3Dz4lcYuqQ
DA:363,0,5hLFMPjByF0ko/3sLHyGzg
DA:365,0,Uk1iEqLYWHwxE4nbWtF0CQ
DA:366,0,YLUNdUeichWlrGq3g75AZQ
DA:367,0,jebRrknw2ZzoQSDGja7hoQ
DA:368,0,4WEBHqoFrikSHCWtFqDaGg
DA:372,0,+2dTLgxHPyZnDUi4JJRS6g
DA:374,0,Hh5ceiSKzUBkuQbVqLxpyQ
DA:375,0,Mit16hMNcznEd8lSMy284Q
DA:376,0,10re5LnbdsjLyZnUIZpOGQ
DA:377,0,4WEBHqoFrikSHCWtFqDaGg
DA:383,0,+2dTLgxHPyZnDUi4JJRS6g
DA:385,0,wvMmvnZ+U7ijhWd1uVEg7Q
DA:387,0,xvWIcpcyNr0gyGcTkdMxXw
DA:388,0,9JSurKVC/E+3JQleGwtYVg
DA:389,0,x6wjdgyH6s2isfA1rt6bmA
DA:390,0,xUXvEMqVvgImSRvIMA4o8g
DA:391,0,a8l9m6MOJ4RMM+e2HAf/8g
DA:393,0,NfRSiXjhsvgmom934GIAVg
DA:394,0,dLJqA6XNLo76AtFeKJ4m2g
DA:396,0,xvWIcpcyNr0gyGcTkdMxXw
DA:397,0,EiHVD2ruXVI5E47XHt6ysQ
DA:398,0,94mmKbO9cZIheAD17P88Zg
DA:399,0,tFnyL1CcCwfL/UhKR27D0g
DA:400,0,a8l9m6MOJ4RMM+e2HAf/8g
DA:401,0,NfRSiXjhsvgmom934GIAVg
DA:402,0,dLJqA6XNLo76AtFeKJ4m2g
DA:404,0,9P5EJyomJburHOaGY3yRaA
DA:406,0,H5obDQ+Aipky1OqOgWi0vA
DA:408,0,5J4IwHiDrtWv3zHKEqhIOQ
DA:412,0,+hMIMehLGIPpq/qFZQUSHg
DA:413,0,ezus0AbczN2MrD2NPUQZTQ
DA:415,0,5a0nCcSZ3W10XUJ6zpQYoQ
DA:416,0,xRfn6bbBIjeB0e9lzt4Iew
DA:417,0,5ldDQcQcicxctz3G7Evylg
DA:418,0,qJCJkZZ5wZcueSVxs5tGmQ
DA:419,0,K2iqNw68Osb95jr0DieycA
DA:422,0,P5emfwwLebxBapHj8/u/1w
DA:423,0,BQqBskClgsa7rpFh1N7IcA
DA:424,0,Gc+AcBCH5bxgME5XHQCc7g
DA:425,0,D05v9Og8+YkywOnjGK3xSA
DA:429,0,mI7UCAdCfcgetlGV7eOQXA
DA:430,0,74fe6nGZR4BypdKvL9/WWQ
DA:433,0,D05v9Og8+YkywOnjGK3xSA
DA:436,0,BQqBskClgsa7rpFh1N7IcA
DA:438,0,NGToNYIYUhHvHev/k4CbXQ
DA:439,0,ooCcCjIuiqR8OSeMINHtRQ
DA:440,0,uRRQ4DH8ixMn/naU7RsuPg
DA:441,0,N3H9d+Zg7kaaXnOwE5yORQ
DA:446,0,34M4sGUEKharJRSt/pBnIQ
DA:448,0,BKLWHnZw+k5QzA58qkhS2g
DA:449,0,xRfn6bbBIjeB0e9lzt4Iew
DA:450,0,SwDnWySKa5tO29gKgVABGw
DA:451,0,xjcDBnSwra0OiNOAYAwoHA
DA:452,0,2eVvVsCYjWTE0GiyZrLq8w
DA:453,0,99jH2pj8a6VsXi4SJ5zlgQ
DA:454,0,mI7UCAdCfcgetlGV7eOQXA
DA:456,0,TJ5mAcG4d6GXv6TtAxxyQg
DA:457,0,D05v9Og8+YkywOnjGK3xSA
DA:461,0,BQqBskClgsa7rpFh1N7IcA
DA:463,0,P0Rx8T2oD7GRmvkT46KNKQ
DA:464,0,u+2MQsYczkPuXAUoJDFV+g
DA:465,0,ooCcCjIuiqR8OSeMINHtRQ
DA:466,0,uRRQ4DH8ixMn/naU7RsuPg
DA:467,0,hOc+9MgSJ2omjdCzriqnVQ
DA:469,0,1eksgS870hmdPsydiGgTYg
DA:470,0,xRfn6bbBIjeB0e9lzt4Iew
DA:471,0,bFr1GqVKxvhLQDw+RzXlDw
DA:472,0,cgzUUF/NBJh0tmIEWrRatA
DA:473,0,dZ4YzXTGIWgAN8aC7hf4ew
DA:477,0,05xBLPha+EF8fGR627/p5w
DA:479,0,PQzNPff7WK3kGEh2CTClUQ
LF:255
LH:19
BRDA:58,0,0,-
BRDA:60,0,1,-
BRDA:74,1,0,-
BRDA:91,1,1,-
BRDA:77,2,0,-
BRDA:78,2,1,-
BRDA:92,3,0,-
BRDA:94,3,1,-
BRDA:91,4,0,-
BRDA:93,4,1,-
BRDA:108,5,0,-
BRDA:121,5,1,-
BRDA:111,6,0,-
BRDA:113,6,1,-
BRDA:122,7,0,-
BRDA:127,7,1,-
BRDA:121,8,0,-
BRDA:123,8,1,-
BRDA:134,9,0,-
BRDA:142,9,1,-
BRDA:143,10,0,-
BRDA:145,10,1,-
BRDA:142,11,0,-
BRDA:144,11,1,-
BRDA:152,12,0,-
BRDA:236,12,1,-
BRDA:162,13,0,-
BRDA:163,13,1,-
BRDA:175,14,0,-
BRDA:183,14,1,-
BRDA:184,15,0,-
BRDA:198,15,1,-
BRDA:185,16,0,-
BRDA:193,16,1,-
BRDA:199,17,0,-
BRDA:202,17,1,-
BRDA:206,18,0,-
BRDA:211,18,1,-
BRDA:222,19,0,-
BRDA:236,19,1,-
BRDA:223,20,0,-
BRDA:232,20,1,-
BRDA:317,21,0,-
BRDA:332,21,1,-
BRDA:335,22,0,-
BRDA:340,22,1,-
BRDA:349,23,0,-
BRDA:354,23,1,-
BRDA:350,24,0,-
BRDA:351,24,1,-
BRDA:362,25,0,-
BRDA:408,25,1,-
BRDA:363,26,0,-
BRDA:387,26,1,-
BRDA:375,27,0,-
BRDA:376,27,1,-
BRDA:377,28,0,-
BRDA:385,28,1,-
BRDA:422,29,0,-
BRDA:424,29,1,-
BRDA:425,30,0,-
BRDA:430,30,1,-
BRDA:433,31,0,-
BRDA:438,31,1,-
BRDA:457,32,0,-
BRDA:463,32,1,-
BRDA:465,33,0,-
BRDA:467,33,1,-
BRF:68
BRH:0
end_of_record
TN:
SF:journalist_app/api.py
DA:1,1,XzbtczYH/wdck2JCWMxPDA
DA:2,1,OaTlemF3bXMi5MP7Db8vkQ
DA:3,1,XT+qwe41+lREYJAK+AsN1Q
DA:4,1,xq1b8Yh82kd98YYP7FyaNA
DA:5,1,c1fGvviUH+e3a3aGEDBlcQ
DA:6,1,ux0VOXuozR4u9iPOuXevGQ
DA:8,1,5ToG8hljxwdtUTSEuGM1nw
DA:9,1,nLfW1RxMdmzvmgr9urDrDQ
DA:10,1,qS+ql42lbnyfBhvAajuSdw
DA:11,1,9vu5Uuy9Y2ACCwBvH7yYLg
DA:12,1,T/S77y1BR2Ps1Y5YW1tOJQ
DA:13,1,IE7exst+8QU+ySDWEOakVA
DA:14,1,Ajht5lyYXYKKFrgtyFUVTg
DA:24,1,TmkQfvxgiyH7L2I7iY7QTQ
DA:25,1,EgVcFm2ygLUzNPoAgmeYVg
DA:26,1,u7JZrkX4wxrNOfn8w9c6Ug
DA:27,1,1DWMfM7nUaNW3Ujv3MFICQ
DA:28,1,tV0dByoDieEZqSC20QQSvA
DA:31,1,v8wdkSVYFRxBG3hdJs9avg
DA:38,1,Qpp+QMJU7LqAF5dGrX81cw
DA:32,0,PkAxw7f7wpFsMqIZiiR/KA
DA:33,0,d6aGrufz1OPUgXs7uveR1Q
DA:34,0,QkS95GV8YpdmKVjgS2YEgw
DA:35,0,BJBlZsSWstphiTlZImt1kA
DA:39,0,diwDFpPoN00tqJx8X9shbA
DA:41,0,4T7n7ISirjsYnRALVL7JOQ
DA:42,0,Cb38JDAwfeUo3LT3CUkogQ
DA:43,0,K83FpC5YLIIv2++W/XWlBQ
DA:52,0,888ohwNbNMcQVZYEVdpO4w
DA:55,0,gcbno40PpADRuxKlIr6Lpg
DA:56,0,czsmYhj8dSaOol9XFE91tA
DA:57,0,QGN+vTspdz01kCaLtfsckA
DA:59,0,DGy/69fzPzrR+tLkjY1B0g
DA:60,0,k3WA1UtKaH0U1p6AMMBgdg
DA:66,0,8DfuLnGtHAysi4JUde53GA
DA:67,0,jIMQseEpC2IasvqdXzeC7w
DA:68,0,p2z8tAhMbWqUpQq+Hr5ZzA
DA:69,0,kOtTeXTaYPhYkmktwdMZGA
DA:72,0,Uk1iEqLYWHwxE4nbWtF0CQ
DA:73,0,ZX3TuAJ+/fWQBOYhWBL+eg
DA:74,0,eUpXCTrNchqfEWIn3GKu1g
DA:75,0,CTvQaSEC2xqt2dozB6Sc3g
DA:77,0,aJ2cgyyCkxJu+SYuuFNOwQ
DA:78,0,U4oXXMQyxgK86Y3ztT3oFA
DA:79,0,U/blapk4ViVo0JO5zossMg
DA:81,0,cWBYry9Lzra7vepQOGI+yw
DA:82,0,2HeuLl+cW4zsDk9I8tJN4w
DA:83,0,VxEqf/LQ6JTDmCViBsA2bQ
DA:85,0,7hQv16yTHVogpzsvDM4ABg
DA:86,0,yXUoUy1ojT4n4m8+BT7YjA
DA:87,0,jlEns9mHLfYYxReFOZh/YA
DA:88,0,IjfX9RLM/b7nydojkZEHBA
DA:89,0,QOMex5BpwL8Vas8ddkHOYw
DA:90,0,kSxqnudHjTxFNoiVVYk0mw
DA:92,0,xjcDBnSwra0OiNOAYAwoHA
DA:93,0,ZxaxyFSlzLIcmkpk5wvu5Q
DA:95,0,hMMwW2CXZMAT/tNZ1V0JvA
DA:106,0,pKqKTvW/dvHFQ3gFG1BYlg
DA:107,0,8iKNk6Q5iccGU1aHnhreRQ
DA:108,0,uRRQ4DH8ixMn/naU7RsuPg
DA:110,0,9BWgtDaQTvZ59WD7W6gvhg
DA:112,0,3uLfGhEH49tOtL+hVqwnWA
DA:113,0,GAbDNYLS8ktOMG1brUG2sg
DA:120,0,IGwMaQ1jYFPZNEQMKnXaNA
DA:122,0,pCtVFA2Y/C9qFQjHrjslSg
DA:123,0,2Ifk8GdNg3D9+sayrO6G7w
DA:124,0,ml+2BnbzhPPS5mzUACrTDQ
DA:125,0,WJhafXepO2md15d8vyie+g
DA:127,0,muj1Dxl+kgbNf9YcZsAsmg
DA:128,0,BIhHvp/5oglhvVgmsiT2lQ
DA:129,0,EdOEeMWGF/C29Flw3+9Efg
DA:130,0,DwqznTanf4T0QO4N8qodpA
DA:131,0,niffefSnsQS8yxotJpeGyg
DA:132,0,DBgflURae8BmYvR6AxWutw
DA:133,0,DwqznTanf4T0QO4N8qodpA
DA:134,0,nnG6kHm03gCZ4BfNw/dTIA
DA:135,0,EWTmQkTaz0M6bVNf2WxefQ
DA:137,0,PIS06jaP6An9UGkVOplz/A
DA:139,0,+F1iyLhFAd7uKESfyKA+1Q
DA:140,0,35BC5hSLZT4K1KAvzxSSWQ
DA:141,0,3Dh+EUMnbKo7pRLnUH7i0Q
DA:142,0,XETUkmhHY5QFwpfr5PrImQ
DA:143,0,sb/xq3mD1jUbYw0CXQrh/A
DA:144,0,HA4/AQQqBo+rbE9sMpS0oA
DA:146,0,e4U/uUQj8GHnyl9cljNlmQ
DA:147,0,wuA8AWutzRHCRbSg8iw92A
DA:148,0,3Dh+EUMnbKo7pRLnUH7i0Q
DA:149,0,mgc49DnVYBvXDQlcNv3eSA
DA:150,0,sb/xq3mD1jUbYw0CXQrh/A
DA:151,0,Zgl4btRcGpLEhY6vhp2N+Q
DA:153,0,rZc+H0DhYtnbI6xbAYUV9A
DA:154,0,gPf/5VrM5oBlta2//vCR+g
DA:155,0,Kifp9+fUlytHiLtgHYXtuw
DA:160,0,tIaKHRUEEDBNJ31C9UMobA
DA:161,0,Hl0Blvyk9DTPsQKNPnvzpA
DA:162,0,xcgY4cDQ937keyhcLJghJg
DA:163,0,DwqznTanf4T0QO4N8qodpA
DA:164,0,MQf71tLnY1+vmZIkRuVVZw
DA:165,0,PcD4J2JfpuJwC132RKfM6Q
DA:167,0,PIS06jaP6An9UGkVOplz/A
DA:169,0,jWsSL7hY8EwTL4bYR7MjTg
DA:170,0,Ep8ZCVhK0Pzy2Y0iUhySzw
DA:171,0,3Dh+EUMnbKo7pRLnUH7i0Q
DA:172,0,Kifp9+fUlytHiLtgHYXtuw
DA:177,0,6P2gf8m8KP+xpI62g8+3sg
DA:178,0,GaRk1YcKWvtRb0cenSCF2g
DA:179,0,5LFkgE6eZKjGPjtSOWA0uQ
DA:180,0,7NlYhHINozXS1FE3MbdWNA
DA:181,0,cFX8bJZtn+8+Uamom3bn0Q
DA:183,0,a1Tt4rQfUeArDBdGrfY8xA
DA:184,0,okOYNWRWTOvZq2n8eMYQCA
DA:185,0,5LFkgE6eZKjGPjtSOWA0uQ
DA:186,0,wBRPBmKWPt26o3a/JrPA2w
DA:188,0,UTn9daUdz5WDYlT/xhhMUg
DA:190,0,ky6cevgpvl3/zxT/eRELLw
DA:194,0,4bWubQRDAyEQWGv7G/Hl9g
DA:195,0,EdOEeMWGF/C29Flw3+9Efg
DA:196,0,ct2hY5/pU79ohZ9tum0Ubg
DA:197,0,kCDjz7Puk6McIoLOHpXSmQ
DA:198,0,EGMWpIhmpD9oWyIhVC690w
DA:199,0,DBgflURae8BmYvR6AxWutw
DA:200,0,ct2hY5/pU79ohZ9tum0Ubg
DA:201,0,kCDjz7Puk6McIoLOHpXSmQ
DA:202,0,v53pC2xPLvHkF6r1RLZ3wA
DA:203,0,QPNmBOif4/bTkKYJF6uhGw
DA:205,0,PIS06jaP6An9UGkVOplz/A
DA:207,0,P7T6xF35j2aVxKcD+9LekA
DA:208,0,ZgdNwHzocIdT31qlmMfO2A
DA:209,0,EdOEeMWGF/C29Flw3+9Efg
DA:210,0,DwqznTanf4T0QO4N8qodpA
DA:211,0,5ZNC1X8LVbqMBBJJAeB0kA
DA:215,0,9pT3URov/oY5L/hSKKT0og
DA:216,0,DwqznTanf4T0QO4N8qodpA
DA:217,0,ywSplgxPOW/+AOaASOuyGw
DA:218,0,C9IRJouEsJubrBpFJ7YgPQ
DA:220,0,1tNCgLm7j35u8pCJsw6SIg
DA:221,0,9ZLgGKR3AmP5Ulk0U7usHA
DA:223,0,dfDpdofAROnoNzWCU5PCkg
DA:224,0,sHJGIIyCU0N37hi4HlTBEQ
DA:225,0,uroPYxZfjQKq+Vc8V/uHBg
DA:227,0,LTlEO2eHIyWTI68N96x/2Q
DA:228,0,xvWIcpcyNr0gyGcTkdMxXw
DA:229,0,DtxX68FbDxW3fd/vXC+z9w
DA:235,0,qTNcajh48Xm1QzLBQluiYw
DA:236,0,HPMHmhqvuH3iwqDRekK/Cw
DA:239,0,E/Lq6HOEqwpGixVYbpqKdg
DA:241,0,QwLEbe97eJ7a5mDiSBRrBw
DA:243,0,b5+TUCTM/pnR8r78z7xSZw
DA:244,0,jmcxu7OlIS1Ju5zq+mOA5g
DA:246,0,Uk1iEqLYWHwxE4nbWtF0CQ
DA:247,0,5T7mrAJEHP/vkdGdUtSrkg
DA:248,0,eUpXCTrNchqfEWIn3GKu1g
DA:249,0,A4/CDyPupuaUv+77I3b59A
DA:250,0,McfY2KBzR7tfSah+pvfT2g
DA:252,0,xvWIcpcyNr0gyGcTkdMxXw
DA:253,0,ILp12zjyS/LGHwotIXp4pw
DA:254,0,Rb6bBRTQ6vpSxdnnrb4mQA
DA:255,0,QPa/OTbBpVGd/CP9PNjg6A
DA:256,0,eeWlZupJgkvAvtJCZJHSCQ
DA:257,0,M1woIFFYepULZmbMCFH9/A
DA:258,0,sYgK88dF+sc1ztCB4ch9MQ
DA:259,0,v8S6sf0jAZpvUbi+SVMA+g
DA:260,0,GP2A8u02FVyhDtYPifgIcw
DA:261,0,dF5TVsBd7wbWFjMU6c+2lQ
DA:263,0,4TcFNh5v/fTyj8lPkAdGfw
DA:265,0,5ZNC1X8LVbqMBBJJAeB0kA
DA:276,0,PIS06jaP6An9UGkVOplz/A
DA:278,0,JO5SPDIo0ALnuE1mEGij9g
DA:279,0,ciK+fAVii+vsXSfRPTbDJw
DA:280,0,5LFkgE6eZKjGPjtSOWA0uQ
DA:281,0,wBRPBmKWPt26o3a/JrPA2w
DA:282,0,EdOEeMWGF/C29Flw3+9Efg
DA:283,0,4XZ5toc0cyABL3IgobDzBQ
DA:284,0,DBgflURae8BmYvR6AxWutw
DA:285,0,qnMfiWDDxWjsUnLOKC5iqQ
DA:286,0,n/eY04KxHPrnV3ARlyL9HA
DA:288,0,PIS06jaP6An9UGkVOplz/A
DA:290,0,FprO5mFcV3oG4tB6KbbAnQ
DA:291,0,RgxyRmS4b9yRdUjd+UngEg
DA:292,0,Qu51R49yqpFiewf4b6NBHw
DA:293,0,Kifp9+fUlytHiLtgHYXtuw
DA:304,0,wupw1D3aTxAs5GT+qlwx4w
DA:305,0,QNnNmlH/UoPrC9Hp/5ifUw
DA:306,0,LF379hHSIVyROH1nIhcCRA
DA:307,0,Kifp9+fUlytHiLtgHYXtuw
DA:312,0,X11CGQTIvG7lvLLIUug6Jw
DA:313,0,q+9MQm2USpe/eQFEoPSr8A
DA:318,0,QGN+vTspdz01kCaLtfsckA
DA:319,0,dEKBIwNdLSpDZ69rQwHS8w
DA:320,0,YPhz3Ao2pYGqJCjN1wEoGg
DA:322,0,AiLrNSce8hQCqrgqeHMy9w
DA:323,0,R4nYcRasCHFprL8KK0S7KQ
DA:327,0,Y42t174ZofRb+3aG5wMOwg
DA:328,0,T9HYtcITDddLrWaowgFSUA
DA:329,0,X7JRMPbwDdfKUvRFqJf5Kw
DA:330,0,CaalvJbxJIihVm7LwEUp6g
DA:331,0,qa/dE//AwjD3j/pYHf4Xdg
DA:332,0,QxpWVXugu6uzvcNsXYvvhA
DA:334,0,1rejtZl3epfKPq2/sFWujA
DA:335,0,+dENaNzdF9OEkNXFP0ykQw
DA:336,0,DVEBw7+nZ7+6dTn0VkUGvw
DA:337,0,LBN/pKT7ofbW9FuZjkk3NQ
DA:338,0,3TNC0iSMU7zG8gkrTFgMxw
DA:340,0,YkQCE8lGIalvd0NkBaeXzw
DA:341,0,ht3ZPrmOv+Xzj17B3ScuhA
DA:342,0,cI+rFRHotxFZvAqgBIpj/g
DA:343,0,Taxz3or965b0LE0egi+IgA
DA:344,0,J4d7i1mNEPK7wpZCC/LDGQ
DA:347,0,XU05ryD0mF4LuMTvAE/8Dg
DA:349,0,7e8OpLub2U+gW/909KTY4g
DA:351,0,d/Xl9NlO7RUjwdGBEVHlsg
DA:353,0,pwLMFXv3U6BdDkGyqYpp9w
DA:354,0,CMV92puts1ZCw10mx+LgXQ
DA:355,0,sstVcUzD5fgPo3AcL+U5Rg
DA:357,0,EN1idBsOecQM0RAKqKPB4Q
DA:358,0,ncuSA0h/HoF0LXB52eYPZg
DA:359,0,dBjPgN/qix7Dy5osI9IwYg
DA:360,0,gQQh1qrC+k/ovmDzm/gK2w
DA:362,0,pP+Ugepz7fwVMpmSvzxQPg
DA:363,0,U+Ma02WEOY3YOiPOJEKDAw
DA:364,0,YKI5HEVNUWLtpGAU3thcQw
DA:365,0,RnCMSfls7eRMuqpAmZBBTw
DA:367,0,EzkrZuqc8vrzjYwJk8//zQ
DA:372,0,4P3+l4dXua0GTLPV/PMGlw
DA:374,0,6VLv7ePRH0TNSZ/vmSkyBg
DA:376,0,BtnMqFr7vBKd3JLTfofnFA
DA:377,0,RfKxmjWXlDLBbJGb/4MhxQ
DA:379,0,9DJCYp6nr0NR8jRRI4wW2w
LF:228
LH:20
BRDA:34,0,0,-
BRDA:35,0,1,-
BRDA:0,1,0,-
BRDA:59,1,1,-
BRDA:60,2,0,-
BRDA:72,2,1,-
BRDA:67,3,0,-
BRDA:69,3,1,-
BRDA:66,4,0,-
BRDA:68,4,1,-
BRDA:86,5,0,-
BRDA:87,5,1,-
BRDA:88,6,0,-
BRDA:89,6,1,-
BRDA:90,7,0,-
BRDA:92,7,1,-
BRDA:0,8,0,-
BRDA:0,8,1,-
BRDA:130,9,0,-
BRDA:132,9,1,-
BRDA:133,10,0,-
BRDA:137,10,1,-
BRDA:163,11,0,-
BRDA:167,11,1,-
BRDA:0,12,0,-
BRDA:0,12,1,-
BRDA:196,13,0,-
BRDA:199,13,1,-
BRDA:200,14,0,-
BRDA:205,14,1,-
BRDA:210,15,0,-
BRDA:215,15,1,-
BRDA:0,16,0,-
BRDA:0,16,1,-
BRDA:216,17,0,-
BRDA:276,17,1,-
BRDA:218,18,0,-
BRDA:220,18,1,-
BRDA:221,19,0,-
BRDA:223,19,1,-
BRDA:225,20,0,-
BRDA:227,20,1,-
BRDA:246,21,0,-
BRDA:252,21,1,-
BRDA:261,22,0,-
BRDA:263,22,1,-
BRDA:283,23,0,-
BRDA:284,23,1,-
BRDA:285,24,0,-
BRDA:288,24,1,-
BRDA:0,25,0,-
BRDA:0,25,1,-
BRDA:0,26,0,-
BRDA:0,26,1,-
BRDA:319,27,0,-
BRDA:351,27,1,-
BRDA:320,28,0,-
BRDA:322,28,1,-
BRDA:323,29,0,-
BRDA:327,29,1,-
BRDA:329,30,0,-
BRDA:334,30,1,-
BRDA:331,31,0,-
BRDA:332,31,1,-
BRDA:335,32,0,-
BRDA:340,32,1,-
BRDA:337,33,0,-
BRDA:338,33,1,-
BRDA:341,34,0,-
BRDA:347,34,1,-
BRDA:343,35,0,-
BRDA:344,35,1,-
BRDA:0,36,0,-
BRDA:0,36,1,-
BRDA:377,37,0,-
BRDA:379,37,1,-
BRF:76
BRH:0
end_of_record
TN:
SF:journalist_app/col.py
DA:1,1,6vWAvNsegNqafFN4IKLrhg
DA:3,1,nLfW1RxMdmzvmgr9urDrDQ
DA:4,1,qS+ql42lbnyfBhvAajuSdw
DA:5,1,zAqZiqe9jE6ChBfCF0bj8A
DA:6,1,StY5zKssxu6DVI++9I/CGA
DA:17,1,GoWMnU2p/LJ+4MFv6w+1vA
DA:18,1,a2XlvzARRN3+EHcsoFZfKA
DA:19,1,IE7exst+8QU+ySDWEOakVA
DA:20,1,G0OQem81rTM/apqodD+/OQ
DA:33,1,XWQ46pch7vx5RKt251rZaw
DA:34,1,ozN+7VtbgPXgrUtOKYIwhg
DA:35,1,3O+5jV1RcsOpTWixlHAe/g
DA:36,1,GqbJk3A4ExoGrVRFFk7NCg
DA:39,1,Qpp+QMJU7LqAF5dGrX81cw
DA:40,0,oPQ/jE2CbptQs52OA5KCZw
DA:42,0,8h1Uy75v4Z9pK6eFiNnurA
DA:43,0,09aisyKYal0rDN2uJQqcAQ
DA:44,0,QzNQkTtDguflrbryMvnuQQ
DA:45,0,sb/xq3mD1jUbYw0CXQrh/A
DA:46,0,pBBP59akWd/vgXCiD2l8qg
DA:48,0,N8a7OvxekxmcEyWbE/461g
DA:49,0,WzLZ0DB8tsZCuLEmxo2sOA
DA:50,0,2VWIYGcMXjc5PeuVTPvQBw
DA:51,0,sb/xq3mD1jUbYw0CXQrh/A
DA:52,0,pBBP59akWd/vgXCiD2l8qg
DA:54,0,hO5UanSlEnMd2WYCP9+KDw
DA:55,0,esfqGlIejyskwnHZHtyJIw
DA:56,0,eBGHSuR1IDAn4wUh4doDdw
DA:57,0,ivg2/10yQwZN7C08KznLUw
DA:58,0,zj6t2Berok09ZnG0W/kjQw
DA:60,0,KY0knQYmrMpVK4iOLGbVeQ
DA:64,0,nKChr1W3Boo4GTF6rteT2g
DA:65,0,fPkJhYXaq7kXavjJJ4A4WA
DA:67,0,ivg2/10yQwZN7C08KznLUw
DA:68,0,xjcDBnSwra0OiNOAYAwoHA
DA:69,0,5g0JGW2kCqJQZ7QZhfgE4g
DA:70,0,CKnBQkycSlbiqSaN5yPZIA
DA:71,0,t1qMxKLYayh6dvNYZCN/pA
DA:72,0,CZ53v5+VEq7vJIo0jUyCqA
DA:74,0,dZ4YzXTGIWgAN8aC7hf4ew
DA:89,0,pBBP59akWd/vgXCiD2l8qg
DA:91,0,4U1uqVaQVwYXiKzTtYSq/w
DA:92,0,QrhXfsIfyS07yEFu9Smn4Q
DA:93,0,Fz2PzIhEx5ap866KLuEDLg
DA:101,0,1evRLAbIfsGOjj8AjxCAEw
DA:102,0,N3H9d+Zg7kaaXnOwE5yORQ
DA:112,0,Zc1PEQn+hgZj1QgwTQByCA
DA:115,0,8Gv4tkiMK5gUrI/qNgtKOg
DA:116,0,kLOS5KyeCztguR7DCSO2Dg
DA:118,0,p1m1Wox2U53qWoEtUqkumw
DA:119,0,TaIyugH9Kubgckc9gq9zCQ
DA:121,0,eNBRenqDJWcgKKYPsEtx1Q
DA:122,0,2MrUxfTWsxZ8APj82m42+A
DA:124,0,PMU7Ks4dgHQklO2hxiqo8Q
DA:125,0,aZYwvacKD+oyWRjTt1wNiA
DA:131,0,ZufY18WFy5liALmoWJ1dOg
DA:132,0,mI7UCAdCfcgetlGV7eOQXA
DA:134,0,DMN/gi/wY5KsK1XHyxQnrQ
DA:135,0,ZrdVdktFbMeIdk/LSXhNig
DA:136,0,N3H9d+Zg7kaaXnOwE5yORQ
DA:143,0,3DBCbKKow4DwmM6v+mx82g
DA:144,0,LR3LvBF99TEui2oBdV40bQ
DA:147,0,xjcDBnSwra0OiNOAYAwoHA
DA:148,0,q1ZyfpmQyzeQX3OSLFqleA
DA:149,0,i7fmOUF2VEV9MFom4oc6Pg
DA:150,0,4EshnboBddFDO3CbKNHF8g
DA:151,0,J6hwbDJyQy9jM8ZjRvilBQ
DA:152,0,jwfkZFsAEsDHTJFjE1/Jaw
DA:153,0,el1jMrFIJ9bcUaWk8vEiXw
DA:154,0,yFdv+rg9luUzApajuwChlQ
DA:156,0,DUg1DNnx+uzD+SUzac181w
DA:157,0,/HheIH9udvtS2fi81QWWRw
DA:158,0,ok2OBKNmfhL4Zr8dg7cGeg
DA:159,0,XpxST9al5gLZ9t3/d9BydA
DA:161,0,Ig2eDRsUqcF/ZC9DoA8pqQ
DA:166,0,PQzNPff7WK3kGEh2CTClUQ
LF:76
LH:14
BRDA:102,0,0,-
BRDA:115,0,1,-
BRDA:119,1,0,-
BRDA:121,1,1,-
BRDA:132,2,0,-
BRDA:134,2,1,-
BRDA:136,3,0,-
BRDA:147,3,1,-
BRDA:150,4,0,-
BRDA:152,4,1,-
BRDA:153,5,0,-
BRDA:156,5,1,-
BRF:12
BRH:0
end_of_record
TN:
SF:journalist_app/decorators.py
DA:1,1,YUHXj84Dc4NbF8zAXmnlLg
DA:2,1,k0z85dfsGDLnTz7HpF75gQ
DA:4,1,yUEfmfeqmE3R7PFYfPwOWQ
DA:5,1,GoWMnU2p/LJ+4MFv6w+1vA
DA:6,1,IE7exst+8QU+ySDWEOakVA
DA:9,1,6XrHwb0gC6In8vphbG1aVQ
DA:10,0,llrTvyycuhq53/dfttg8MA
DA:11,0,zDa/jGxceu/mKP/oUM0Bbg
DA:12,0,ITH5xSpjBdrar/zqT7Okiw
DA:13,0,ego53pUQE0uCp9MXeEd+WA
DA:14,0,gcZyUqB1zelCOi4VCtB4EQ
DA:15,0,pBBP59akWd/vgXCiD2l8qg
DA:17,0,uLR4Zy6Vf10KYq89VxqnSg
LF:13
LH:6
BRDA:13,0,0,-
BRDA:14,0,1,-
BRF:2
BRH:0
end_of_record
TN:
SF:journalist_app/forms.py
DA:1,1,zVIrvo60kTiMN8IFGNmBDQ
DA:2,1,gGTQvjsCFZRTAK01JA8k5Q
DA:4,1,R3KfuvDQwGD7Sc7l2ERlQg
DA:5,1,uus6+E3+S5v6hXT8nAd8lQ
DA:6,1,TEqd7oVVC2jSxxkfxa8F0g
DA:7,1,ZTRz8ThnODNnlFTEtYkTtw
DA:8,1,PjAxZIDAXwxYPNDhw5xV4w
DA:9,1,ysSAHBt5qzZyo1UKwUkqZQ
DA:10,1,MmJ0APe1V4qFA5fJNKYMZg
DA:19,1,JF9XqJEkjyJxgIGbQuw+9Q
DA:22,1,1KJaenIgaytpAUVB0fXfHg
DA:23,1,4LgMgWBGno1n5MNJ8WRFsQ
DA:30,1,7jgJ98bVs9KquSwy3n50vg
DA:31,1,EcG1K/sW0EVpo7/rEbx7nA
DA:32,1,r1g6laDRqOA3O3iNBROFng
DA:34,1,dCrhYmJ00R15kWO0/F7phA
DA:36,1,n/jyTrB0b7j44H1CwfeACw
DA:58,1,49QEP2DHqi27+OKTXouzHA
DA:71,1,CGl0l4XCllE+GdbaDjKAAA
DA:82,1,ujC7kWHBBsX/1VSkon6xZg
DA:93,1,bfX+DetoauFdM0bjAL8I+g
DA:104,1,qs750XUVAPc2Yct6B9CRZg
DA:113,1,61ZsiaC5Nv2HGnMH3U0i0Q
DA:119,1,t2rFPRllzZOKNP7L+wmkVw
DA:120,1,Qg3Pvp7Xr+KZ9wPk3fV0ow
DA:129,1,panuHbWG3/9VGM/4ZB3z4A
DA:134,1,yZxfzK13HMV+tClqsLmNVA
DA:139,1,WCT2e9BsZtUBuHD2yy0ZzQ
DA:140,1,mcdMLbuTgS2LZyGrfRyZ3Q
DA:141,1,//KPYu2i9JmDeEdZhqqqfw
DA:142,1,37o/YTC2hC0FaFW6BGGJTg
DA:147,1,EnZeHP0ifWhRSJIp44qofg
DA:148,1,XoxHwK9SSDSowcMu6Gt5rQ
DA:157,1,TCh104+01hZxBn7sNpqzJw
DA:158,1,Kuiufhl76JLybprstEhraA
DA:161,1,Mg+QE96qzSVn7NJHNvG8Mw
DA:164,1,XCJbPWxSOHUEdoKIjkQB8w
DA:179,1,aGGvpST1ZP0UH09AN4Bz8A
DA:184,1,oiIgTHaoCrD4xEF95sbgig
DA:185,1,HujJL9OXKzfJaib+asThlA
DA:191,1,GfZnRf30VdlGt6HMwgWoeA
DA:192,1,lTWke2obAIxivD3L5ebb4w
DA:37,0,olWwdqGREN5RgcWuy94O0Q
DA:38,0,Kt4VGsx7F7hJN+UuLpdvHg
DA:39,0,5GsX/AKNEvho8uQkDTG2TA
DA:40,0,TbjZcmmhreZ5uyChMwx5Lg
DA:41,0,RUWRQKqLIDpNcSW5itO8vA
DA:43,0,gDtQIXPvaCMu4HTwSktdGw
DA:46,0,EwNMxzadntkwr5yzrqGGqA
DA:48,0,GGjaSPd8uk/V4rt9s5Ix2g
DA:49,0,r6WkxajgjdCubTGDYBaPDw
DA:51,0,BvD4+Zi0v+gnvyk6Lv4SeQ
DA:59,0,8qFLPdD72YMwArRW629cjA
DA:60,0,Nus8vQDNTI1PTlkMpVbLew
DA:61,0,EShFY3Qb9DiQwrvs5I96UQ
DA:62,0,4qJfzVW0kUCEzCO2WBKrJg
DA:72,0,9nQy8EJp1O6ioohSrwZUiw
DA:73,0,4qJfzVW0kUCEzCO2WBKrJg
DA:83,0,lkyD5hwTmls1GbWm+rD1/w
DA:84,0,4qJfzVW0kUCEzCO2WBKrJg
DA:94,0,jQMaJQbgOyUpXWahMEn1rA
DA:95,0,4qJfzVW0kUCEzCO2WBKrJg
DA:105,0,5mUacYpjKNoLCguoLjm64w
DA:106,0,4qJfzVW0kUCEzCO2WBKrJg
DA:114,0,RosGwsoKCLQ7ZUdTFj+9hg
DA:115,0,A3n/8qpaLLl3hi1WjJ65gQ
DA:116,0,cSPI1zmi+FSrLNK7AlmYQg
LF:67
LH:42
BRDA:32,0,0,1
BRDA:34,0,1,1
BRDA:38,1,0,-
BRDA:51,1,1,-
BRDA:40,2,0,-
BRDA:48,2,1,-
BRDA:41,3,0,-
BRDA:43,3,1,-
BRDA:0,4,0,-
BRDA:62,4,1,-
BRDA:0,5,0,-
BRDA:73,5,1,-
BRDA:0,6,0,-
BRDA:84,6,1,-
BRDA:0,7,0,-
BRDA:95,7,1,-
BRDA:0,8,0,-
BRDA:106,8,1,-
BRDA:0,9,0,-
BRDA:116,9,1,-
BRF:20
BRH:2
end_of_record
TN:
SF:journalist_app/main.py
DA:1,1,XT+qwe41+lREYJAK+AsN1Q
DA:2,1,6vWAvNsegNqafFN4IKLrhg
DA:3,1,l3nhicvq6q+R3WkfKdsNMw
DA:5,1,jALwF24sL+Y/j32ZLahILQ
DA:6,1,nLfW1RxMdmzvmgr9urDrDQ
DA:7,1,qS+ql42lbnyfBhvAajuSdw
DA:8,1,q//3HshEV8OPkGu5VGUM8w
DA:9,1,StY5zKssxu6DVI++9I/CGA
DA:20,1,GoWMnU2p/LJ+4MFv6w+1vA
DA:21,1,a2XlvzARRN3+EHcsoFZfKA
DA:22,1,IE7exst+8QU+ySDWEOakVA
DA:23,1,zBxXQ8nrmhS77aABvomRyQ
DA:24,1,XWQ46pch7vx5RKt251rZaw
DA:25,1,bkkkxZjBQh2/Io0WD6jvrQ
DA:26,1,ahJiv/f5Y79+lxHE1Eqr3g
DA:27,1,KP1kogPvQEcByYZm0N36ow
DA:28,1,GqbJk3A4ExoGrVRFFk7NCg
DA:31,1,Qpp+QMJU7LqAF5dGrX81cw
DA:32,0,dAE5iaOy9UgeQYwitjbuyw
DA:34,0,VIF8U3f4g5Ry0Ld+VNPQEw
DA:35,0,S4h5erJGmNCaE+wNg3zWlA
DA:36,0,QGN+vTspdz01kCaLtfsckA
DA:37,0,cKwxe8CiqnqT/koCf8iJ4Q
DA:42,0,BNdQp1NwXiXUkl7/4Cj/0g
DA:43,0,eAspAKXEakIF63Icab8mZA
DA:50,0,sYjHM7CPYcktJ5R9Kurx2g
DA:51,0,ysNisYi7SbgwIUl49zAOZw
DA:52,0,M1woIFFYepULZmbMCFH9/A
DA:54,0,1+5GYlPmgVBGKMY1FXcD5g
DA:55,0,pr2IjVmIZrWrJFRS8JGeOg
DA:56,0,j28la+oHNIhkIFJ6i40Xpg
DA:58,0,+rRslFNWMTOAAl0K4cgGlQ
DA:60,0,JUm2s7rFfJVnuJvGteVgtQ
DA:61,0,SxISj6nJddZDnhRQGQclnQ
DA:62,0,YKI5HEVNUWLtpGAU3thcQw
DA:63,0,pBBP59akWd/vgXCiD2l8qg
DA:65,0,YkcWQAlblweHEPdA8YlnaQ
DA:66,0,zjz2xvu2wVGBYxhlzI2HCA
DA:71,0,qm3HJDiMlvsEn9rHq/oZWQ
DA:80,0,bU/JVEV1UoAuYcwCBW7zGw
DA:94,0,mir+S2yb535xGEP2YWvNAw
DA:95,0,euZCFZRsEnw4ZWXtDTOagA
DA:96,0,FfTB4HDgT1ddGsejG4jW1g
DA:100,0,ALthm4iqWXEEW5iHoeVa5Q
DA:113,0,Vv6U4oa0AVQRuEOxCdTVWw
DA:114,0,euZCFZRsEnw4ZWXtDTOagA
DA:115,0,5JNCMa3+WBQfvjKW85sPRQ
DA:117,0,MDbQ7vTAov1myi58cL9LMA
DA:119,0,xGmV0AoqF/q3nd1aDVMAYQ
DA:120,0,gakjOZWK0xn/15KU2rV2vg
DA:134,0,eBGHSuR1IDAn4wUh4doDdw
DA:135,0,IjnE+YnNa/vxd9BVsnj3TQ
DA:136,0,L3YuQg950gBs49EhuS9ZTQ
DA:137,0,Nk6Cj+aPyMn9blg9PzkjzA
DA:138,0,Ba3jAWwqOm4H9Px4q5ePhQ
DA:140,0,KKn25+oKMLGrKbDxNw/ijw
DA:141,0,gjqRDrKn9Cl5ouQJ6oRcGg
DA:142,0,ueWkzqym9rSwguso2Vq3Aw
DA:148,0,xjcDBnSwra0OiNOAYAwoHA
DA:149,0,2S/1/2c+quxwoDOuHpbHgQ
DA:150,0,53nsljSbuL92JmTYsDR5QQ
DA:151,0,yk6d/HVwv4efQpaqrBw47w
DA:152,0,TceEU2AoLERV4ZkgA/eyMQ
DA:153,0,uRRQ4DH8ixMn/naU7RsuPg
DA:154,0,n8S54M6YuI1VGPlLYWK11A
DA:155,0,S6ebRaTaWJHw6sbAq2ovyQ
DA:156,0,N3H9d+Zg7kaaXnOwE5yORQ
DA:163,0,D05v9Og8+YkywOnjGK3xSA
DA:168,0,N3H9d+Zg7kaaXnOwE5yORQ
DA:181,0,Ba3jAWwqOm4H9Px4q5ePhQ
DA:183,0,kBHVTi18QzMKHgcMk7JFLA
DA:184,0,wL2gnECH+VHsco1EQRSiAw
DA:185,0,kLOS5KyeCztguR7DCSO2Dg
DA:186,0,2XsrS3j+1D1LlHH66m3Y9A
DA:187,0,RXaNmt2eyLTAsk2TOUgYvQ
DA:188,0,gxxH4HtnZT8slfrz/I53QA
DA:189,0,ideyaeICVVhj/KxKBxSTwg
DA:190,0,DFshyEdV7TE9pwHJFckG4g
DA:191,0,iofVakFvVDTpJ2pCTkGotw
DA:201,0,fL2KQ++2O2+JGIa86WUBhQ
DA:202,0,iofVakFvVDTpJ2pCTkGotw
DA:213,0,T43FSlxfW9gVHJ9KxX+Mhw
DA:215,0,IynaBd3590Z0dra1xKmNEQ
DA:217,0,pCwUZ3qQv/ZPp972qtdVug
DA:218,0,jNDo0NMXaDbFChd50Cg1+w
DA:219,0,/QlAb78qrwt1UX4Wpm/vVw
DA:224,0,oYutcDZHoytSJjdtd0rd1Q
DA:225,0,UllG45WWVHW2FBIPoD3JQg
DA:227,0,Xczb9XGbdylfnFhNWjl26A
DA:229,0,E/fgUE6hyzsLsR2qfPjEjQ
DA:230,0,Z4Tm18+HhUU1pmCG+lrbXw
DA:231,0,EAmz82DJf7LbYHx3HhCrVA
DA:237,0,cZm8hnZ3XMi/Ma7X8NnB6A
DA:238,0,3TSjlzsqmVoqApaEDUsPKg
DA:239,0,LR3LvBF99TEui2oBdV40bQ
DA:240,0,ivg2/10yQwZN7C08KznLUw
DA:241,0,mj3KuwYy7H16F/l/9mZi4g
DA:243,0,PQzNPff7WK3kGEh2CTClUQ
LF:98
LH:18
BRDA:37,0,0,-
BRDA:58,0,1,-
BRDA:43,1,0,-
BRDA:58,1,1,-
BRDA:95,2,0,-
BRDA:96,2,1,-
BRDA:0,3,0,-
BRDA:100,3,1,-
BRDA:114,4,0,-
BRDA:115,4,1,-
BRDA:0,5,0,-
BRDA:117,5,1,-
BRDA:136,6,0,-
BRDA:140,6,1,-
BRDA:137,7,0,-
BRDA:138,7,1,-
BRDA:0,8,0,-
BRDA:189,8,1,-
BRDA:190,9,0,-
BRDA:217,9,1,-
BRDA:191,10,0,-
BRDA:201,10,1,-
BRDA:202,11,0,-
BRDA:213,11,1,-
BRDA:218,12,0,-
BRDA:224,12,1,-
BRDA:225,13,0,-
BRDA:227,13,1,-
BRDA:238,14,0,-
BRDA:240,14,1,-
BRF:30
BRH:0
end_of_record
TN:
SF:journalist_app/sessions.py
DA:1,1,zVIrvo60kTiMN8IFGNmBDQ
DA:2,1,XStXX03cWX/Fttxm7791Hg
DA:3,1,Vrj3Xkn0IynkTvfvIRIu1Q
DA:4,1,RVMONXyG5HrbRrcUFzL0hg
DA:5,1,h8hfFt/HMvWUp9W/ym53Bw
DA:7,1,gGfOYAk+UZCyOq4hHRAyTQ
DA:8,1,6thr+I9zuQCrHXkaVfJQBA
DA:9,1,O/xIsO04NqI5c4NuGxd4/Q
DA:10,1,tHzV4TSZXadj2/ZOZcDbhA
DA:11,1,GoWMnU2p/LJ+4MFv6w+1vA
DA:12,1,f9dLK2Wp0V7zfHm01tNeVA
DA:13,1,kjAjNPUyVHg5y0QCKO46Mw
DA:14,1,eIKMoNwkXrmqtRl+N2fOjg
DA:15,1,RLWAUrNDHm8X/sIdPN2EBA
DA:16,1,lR6G8pUCtx7O4GPCNRgxRA
DA:19,1,hwCHDQegrhdyHmAxa3verg
DA:20,1,FHPQGmT62bVqu1xvHTVtEA
DA:22,1,FWZS4bYR9H3FTkggt1dTYQ
DA:43,1,Uc54tO9E6mbAMdMJcKW9wA
DA:46,1,T7Qou9XmGUGbULHZmi9Nwg
DA:49,1,mtiQJc5hWb8hrb8d+q3tHA
DA:57,1,2Pb9mqVPWTYGhWc48qy/zw
DA:60,1,Iqt+BOP619r5Sh6LOfxl5w
DA:63,1,n1N1DGAA3ttYrQMOoZ/K1Q
DA:67,1,qZjRy9avDXnSmyPFUIsmsA
DA:70,1,sFZoOqWaxbQ3VZj7pXscWQ
DA:80,1,vIHdjoU22GLOKBssm5Zb+A
DA:84,1,WSC2HPQ/d8640Okx4leckQ
DA:85,1,BPJ6p5NfdxPyA/xVZNeMTA
DA:88,1,aoXhO+aJ/M7k9wLva70Ung
DA:101,1,4LgMgWBGno1n5MNJ8WRFsQ
DA:121,1,Uy3v9k7W4lGowzAiPuC0Sg
DA:129,1,8dwERh1QQN3EQ6EU9cBtIg
DA:169,1,fktwRAGui9M4TjW9CMCyXQ
DA:220,1,vm4FtYO30tCwFObA03Lm0w
DA:231,1,TGSezL9Z8UakI1KtMYBj0A
DA:232,1,IYrMif3495GwHxVC4AeXKA
DA:237,1,R0XFX38GxG0Mvsb2PBfIug
DA:243,1,gmGij0Rx6esIQXW1RawRLQ
DA:263,1,EcojrcY0kzSD+6mn1xstNQ
DA:265,1,78mFNbyiXOss9xXbaenNUw
DA:23,0,DXRMBuug9yb3BHbZeXu/Qg
DA:24,0,eCt58+sFBE2p0WmX16Pzpw
DA:26,0,FPYQi2hm7EP7BOIruP9CjQ
DA:27,0,D3kV+rfQ2k0HXhuFWw7xrA
DA:28,0,Q3WLqJMuqOm8+Ft+Fxoiag
DA:30,0,m95S3cm4Ggkee1GCQqAOxw
DA:31,0,svTTIW/vjaDuOYKwatBkTA
DA:32,0,zjxcAf9D4jY9iz/cbvrX5w
DA:33,0,TQZIJIbbgwWotyLPFZJMCg
DA:34,0,gb0UKU51Tysb7+9DxOQ0Hw
DA:35,0,4NEYSinkR7yEXZ8eD27syg
DA:36,0,vrkbpduPsMgkQk6X9qAF5w
DA:37,0,EPxONUCaDaIfe3XWHCSSMA
DA:38,0,XfhBOXf0iV2OK6tOpOznMw
DA:39,0,pacqcdenG0dpK0gG4MH2nA
DA:40,0,k7GUzhW2ydmQhuBCIdwhCg
DA:41,0,wDUBnNTH2H3t1zOpVxokiA
DA:44,0,KuVMJ/bZaJOztvtlKyFHtQ
DA:47,0,mr8HtCmWMfdZsQHXT4wP2Q
DA:50,0,iNgQS5L2U67NISx9s3dcHQ
DA:51,0,aynyA8E8RnIDP5LZmTH/wg
DA:52,0,Bdm3dWZz1IsHFRToa8xO+w
DA:54,0,i1O3i7FcxbSz+RBrmmYK+w
DA:55,0,CslMKUGWqhRal9g871yoxw
DA:58,0,J04veLx8PRFaPHymG6L8DQ
DA:61,0,TldRLhjj+UHRxqLlQZLhpw
DA:64,0,ZjPS5OZbxX9nE66ak0ib7Q
DA:65,0,7lsZOvLkavgZTJ++KUrcQA
DA:68,0,4W9oVA9TNdavzRVu+SDZIg
DA:74,0,aIld5hs/boEPMOc3Sdy7zA
DA:75,0,7+2XF9SsQMu84D6bt2/X1Q
DA:76,0,3FJQLFIm66ip76FFvKogkg
DA:77,0,ZjPS5OZbxX9nE66ak0ib7Q
DA:78,0,3088MHn4MMIygkejnuJ1cA
DA:81,0,mHEE++OmqXz/tHN5Un53GA
DA:86,0,CwMjnQmCmrvwaHIGbuUHgg
DA:89,0,zM+hhRIiKmqQggNDVb8R/Q
DA:90,0,bXtf+Qo71cg/UMVyEcpQLw
DA:91,0,tzFPTS8Si1P4FZG8z7WX9g
DA:110,0,RLU/vWd/sD97TpKj+3QzcA
DA:111,0,s6asW0yPdmF5OSrA3UUAxQ
DA:112,0,4NEYSinkR7yEXZ8eD27syg
DA:113,0,mWcNtR6eQJQ88WjIFkaTJA
DA:114,0,Fz1w0xpjJh6s99Qi/sc3cA
DA:115,0,uHnEUtGugC2brQKyDJskSA
DA:116,0,X1nLsLrvMufTFEPZUZcpTQ
DA:117,0,Pu9db85C61W/21OTTVswDw
DA:118,0,xlyxt/OXasnujoWrnWE5DA
DA:119,0,O0Dpdlp2MFBrDFOU2cs0VA
DA:122,0,uhh6P5yTgHNf40o0bKXZZA
DA:123,0,/CPFWMyIWaXne9os5HwJ6Q
DA:124,0,PHl6gMW6EcY6VrRYrYRRZA
DA:125,0,EW0DqQ/SggqOiT1hdlwKdQ
DA:126,0,vJOmXLEnYD/p+BGW4S3ypQ
DA:127,0,5fYWguMZIQsOTpZz4k/hpg
DA:133,0,ekhJRivZktb06bIMkXUQyg
DA:135,0,kA7rce61LimHOfTvy14MSA
DA:136,0,Of4YgzIc4yJ9veLOowxxhA
DA:137,0,TAV8NGIe3a8wc4olSQlaNg
DA:138,0,dMi4/49lJZzE2YtQDJyboA
DA:139,0,U0NWIVWn9bqFgYKr8H7wfg
DA:140,0,E5NUCMq9iu8va9UfsQBd4A
DA:141,0,SbNZLhXN0T479bXIo8nK4w
DA:142,0,jYv0s59wFJU7ksJF3oAP+g
DA:143,0,KQ+9dTlKiUGVgjfgrDxMbw
DA:145,0,LqeRHm4JKOc2VUiDEZWTuA
DA:147,0,pKsMK+KuzpWD46IICZAlVA
DA:148,0,21GisNmenr0I8mC37A1Zig
DA:149,0,xvWIcpcyNr0gyGcTkdMxXw
DA:150,0,+h1TRVQzFYgajsoUAUuWdA
DA:151,0,J28Exm8v5HqerqGda/x2Xg
DA:152,0,wPEIsulHVv8FPWosGsThGA
DA:153,0,G2HrHGGAJ2AtDa28/Jotmw
DA:154,0,NnJStiNfaSe/Fk8DOJSlfA
DA:156,0,X1Iwz8rmTE+ArvJ/ZM/YdA
DA:157,0,60Ytseae0+jDABRdwFk4vQ
DA:158,0,xvWIcpcyNr0gyGcTkdMxXw
DA:159,0,7DEWYhoTfKLNog1psqgYBw
DA:160,0,1Qb3wxawzgrQT34ww9Elpw
DA:161,0,k1drghK63HzYtJDYVlu9Rg
DA:162,0,ulUUYrt25cfv9c3i6RsEFA
DA:163,0,LqeRHm4JKOc2VUiDEZWTuA
DA:166,0,SbkMXRLp1sxRcUDPcbazvw
DA:167,0,esdi7Rle+UeTsf9lN3v9LQ
DA:175,0,DHMbhsIkfTVvd0GWBnXgLg
DA:176,0,VqRVvvygiRA3kKKWCSkwTg
DA:177,0,XGvKf/J88120wLnQzsWTWQ
DA:178,0,loC9KXv9CQAEsBdSUX5YZQ
DA:179,0,kHu98gSPYHubM6eC4e2pCg
DA:180,0,6+yRd6+9RXgrJVdsTcxpjw
DA:181,0,uLtqq5cTeobkCPIdR1PZ7w
DA:182,0,1/DZHjrf8g0aLRpvlGAU5g
DA:185,0,tdpeV6giefBYRMfHL7/TjQ
DA:186,0,WI0o5s6gRAiixwhTBaRlzA
DA:187,0,TtkI7x++ZghwzfgjsEyL1g
DA:188,0,R8nkXkBsyKQX08Vut1FSZQ
DA:189,0,w9KLQA83k31JaIWzZGcZeg
DA:190,0,fbDLQ7zyd22XTS8U0vow5A
DA:191,0,+bW/UDAnlo4LuzKWYTj/Kg
DA:192,0,JCpSJ2/a1g3x+O7Dw07RuQ
DA:193,0,prFEqzBMDw5hCUEoDKxLww
DA:194,0,ne6cUncmNKPRDqw8tfmN6g
DA:195,0,8auU+iLfBGwY3pau0ZdqGQ
DA:196,0,SHuejkJGjHF4s3HRGMn/rw
DA:197,0,TfYR0z9Nt+Ud0VMghBe3zg
DA:198,0,VGVAXwjEu4KGPD8+EZFVoQ
DA:199,0,uLtqq5cTeobkCPIdR1PZ7w
DA:200,0,ASN1A91OFweAIYA4mD9WGg
DA:201,0,0I7uRLD7Z+tP45GkEbFZ4g
DA:202,0,MAfUwV5rvT0XSyuQtL0BRg
DA:203,0,8z2Xyu7O+slG9EmiTq90mw
DA:204,0,0JoFKzcVHEGkgBScb71kNA
DA:207,0,ooNF2vrfjuI66EIuEbEvJQ
DA:208,0,Xd8ONvR8JFG4VsamEh2HCQ
DA:209,0,2JE1yLZPbvJOCfCJDDSFaw
DA:210,0,tiO7JDXVUft66Mu8VB7mxQ
DA:221,0,aWvJ/Bw6ugFRxb37Sno5Bw
DA:224,0,snS0Gh4mDaiue+LNKWMA3g
DA:225,0,uNirtv1lP3rNEQDTyM4/TQ
DA:226,0,seH6sOMh8q4rEtABQfxRjw
DA:227,0,1uAVXkECL/p3yMQrPzW3bQ
DA:228,0,59SsjHCdL4DEOP59bhXrgA
DA:233,0,cwRVjk6YInRdIMK4aTb2ng
DA:234,0,NYzoQmVYrtE9kihsG8Uyng
DA:235,0,gQPEa8XA/v996eRO4PpV2A
DA:241,0,FfV23fnyeuY/5HrImtZwFA
DA:244,0,EIo/ypFZ+oF3rn+tH8+1ZQ
DA:245,0,+s0rHw3hdAc+u8qd+BNRcA
DA:246,0,V6xwGvHh4VOuPaSyxwAbdw
DA:247,0,bS1GaBS6fNlUA+15yEp7lA
DA:248,0,LxRPWy9N1Hqac8+KoNR+qg
DA:249,0,JaNRp+sXE5PUdo4d95WmMQ
DA:250,0,JDSd2L4R6qIoXQQbMLKChA
DA:252,0,5hEHSQDhxIcTtYZ9xta04w
LF:174
LH:40
BRDA:27,0,0,-
BRDA:30,0,1,-
BRDA:51,1,0,-
BRDA:52,1,1,-
BRDA:0,2,0,-
BRDA:54,2,1,-
BRDA:90,3,0,-
BRDA:91,3,1,-
BRDA:136,4,0,-
BRDA:147,4,1,-
BRDA:140,5,0,-
BRDA:145,5,1,-
BRDA:142,6,0,-
BRDA:143,6,1,-
BRDA:149,7,0,-
BRDA:153,7,1,-
BRDA:154,8,0,-
BRDA:156,8,1,-
BRDA:158,9,0,-
BRDA:166,9,1,-
BRDA:178,10,0,-
BRDA:186,10,1,-
BRDA:180,11,0,-
BRDA:181,11,1,-
BRDA:185,12,0,-
BRDA:186,12,1,-
BRDA:188,13,0,-
BRDA:190,13,1,-
BRDA:191,14,0,-
BRDA:194,14,1,-
BRDA:199,15,0,-
BRDA:202,15,1,-
BRDA:203,16,0,-
BRDA:204,16,1,-
BRDA:207,17,0,-
BRDA:208,17,1,-
BRDA:0,18,0,-
BRDA:209,18,1,-
BRDA:0,19,0,-
BRDA:224,19,1,-
BRDA:221,20,0,-
BRDA:226,20,1,-
BRDA:221,21,0,-
BRDA:228,21,1,-
BRDA:0,22,0,-
BRDA:235,22,1,-
BRF:46
BRH:0
end_of_record
TN:
SF:journalist_app/utils.py
DA:1,1,dH7CYb6admOR9+doyKrX9w
DA:2,1,7Z9Lj4ed27Wf2hBX6jooEA
DA:3,1,XT+qwe41+lREYJAK+AsN1Q
DA:4,1,xJdiROv4HmG/1VCRDPvqgg
DA:6,1,V0j8hpXzMWTa5sRhlL/9Gg
DA:7,1,5ToG8hljxwdtUTSEuGM1nw
DA:8,1,nLfW1RxMdmzvmgr9urDrDQ
DA:9,1,qS+ql42lbnyfBhvAajuSdw
DA:10,1,q//3HshEV8OPkGu5VGUM8w
DA:11,1,NFQdwnHcoWzlcfFbVF32fQ
DA:12,1,Ip44eXX8oZKZ/Ac+roL+uA
DA:13,1,IE7exst+8QU+ySDWEOakVA
DA:14,1,XWQ46pch7vx5RKt251rZaw
DA:15,1,Ajht5lyYXYKKFrgtyFUVTg
DA:33,1,EgVcFm2ygLUzNPoAgmeYVg
DA:34,1,kSFxfHKBhXdYzZzjCvf/DQ
DA:35,1,uWtyNpvbL/JN+VCE7gEvZA
DA:38,1,iwWQqRmEsyZiW15PxZ3AGw
DA:54,1,58JfjB+7JzfNT+oOebdqTw
DA:61,1,bTpJggaiKIrTvPsVgXA4rQ
DA:62,1,QjK0gJeVwk7nqqFZCSDFlw
DA:64,1,7w5ISBZuKIIrfsLHovomug
DA:67,1,hk1ruEPwTCf13VetX8sUNQ
DA:125,1,qIYIVeMNAoDi2rRXcd3nrw
DA:167,1,2Uegi8LRU/g0i3ivpLeyyA
DA:193,1,W9ijqnfaVaqTsNSePUiDIA
DA:239,1,DJ3wgpYhUBSWbvDw0lctsQ
DA:251,1,HxZyCmXO57ViCJcKY9pfhA
DA:284,1,fV91OzwvpguYqGRKuC7Plg
DA:293,1,TLK8kR3us38Sqh1AK5bsgg
DA:302,1,zofrtoQcDRuhhVcmnJHdgw
DA:310,1,KQlDc/g2OJgQrHpHjeY5zA
DA:318,1,zPBZzte2J50M+CxXFnDehQ
DA:350,1,Vv0ysLa5FYRSTd08XpGvpg
DA:362,1,/bybG2eAX11uvXPCJNTYeQ
DA:393,1,vhEwPo4LubwOFKY8mDXO0Q
DA:396,1,VGtqoRDPRBX5QXNCmUqWHQ
DA:397,1,4nB8aIwov9mmwNZt00Jt5A
DA:398,1,vX2+qOAOGRxVsnAPnnt5sA
DA:401,1,UpuHgoMjp2IHApkFH7SVFg
DA:404,1,V4jfCv7R6VX4en1UVTaNyQ
DA:405,1,OQ09AbiMn7mA6jZZthDLtg
DA:406,1,1pyUKMvbIBQjZPIVAf6WFg
DA:409,1,2u4znUz3LOPenqJTdm0rzg
DA:423,1,lAo6AF/gg4UvJKaUeWyIcA
DA:432,1,6bxbGN83L7qbJk/XmsnhqQ
DA:452,1,dKSXyCgPaW0BbAlsrujJ8A
DA:467,1,0+/eBAO/MxlFRbBFUkZYiA
DA:535,1,9Z9Ekg3IJXE0+Ip872WL1w
DA:553,1,3N3jc6fDYK6n7AkFTjjh9A
DA:567,1,GSUDOpTxmpFW+9RrNzPcZw
DA:39,0,Ht0CwZ8Mt5tts5uZMPz15w
DA:40,0,xjcDBnSwra0OiNOAYAwoHA
DA:41,0,2tZIQOU/Hsn2A3a8eRS5lw
DA:42,0,uRRQ4DH8ixMn/naU7RsuPg
DA:43,0,cCzhnT+1tmGi11b28Pmfwg
DA:44,0,N3H9d+Zg7kaaXnOwE5yORQ
DA:48,0,qhncdJpb6nYhhRIKot9j4Q
DA:49,0,OftpiXBtRa+PpFTYl9MfTA
DA:51,0,PRJ4HhxDSeAWsbVzMlM0Tg
DA:63,0,sp4XlJsTTTm7oMzW+JIgaQ
DA:81,0,B/Fo9U4/nMeRNS1JjGZVyQ
DA:82,0,7FJj01MdtduqNgdhDfvTpw
DA:83,0,OEYyfm+VOpI0Pu87zK4EOA
DA:91,0,migY0uq/tUKDpZbrNLDcGg
DA:92,0,dYE9p35YNhu4iSAcEH1EqA
DA:94,0,w+gfVK+h8asiyJKp4MJwwQ
DA:95,0,dKCU/gcGi6oxWCXX5Dfh+A
DA:96,0,UoCFUAvtOtLtneC6Bjyfhw
DA:99,0,ZHCoYI9F92WeN4rejR0yrw
DA:104,0,jhMGJFTR/NUr4zJ4qaehQg
DA:105,0,dKCU/gcGi6oxWCXX5Dfh+A
DA:106,0,MEzG5IBTOa9hRavf0GJ44w
DA:110,0,xvWIcpcyNr0gyGcTkdMxXw
DA:111,0,RgGtvlkVs1rsB6W1JNLA8A
DA:112,0,uD2hlz4MstPqnMGn4Ab0MA
DA:113,0,gdIXhgr+dLK+1pwhoOJm9A
DA:114,0,+GiA/3U83fUV54Q6kMKKUQ
DA:118,0,Pkwsntebe693LwjKD9saWA
DA:119,0,dquiAd0b6I3SPuVFJDK09w
DA:121,0,OdyzZnMHD7wniOy5+SZS8A
DA:122,0,apkQQtiiE4JOuDIBvLOUjQ
DA:132,0,ak5dgqrD8YlkciH164S8BQ
DA:133,0,6SVRJCml2fv7e7KYa0s9rA
DA:135,0,K5//B+JAnXR4BcXvr74kEg
DA:136,0,dZ4YzXTGIWgAN8aC7hf4ew
DA:144,0,W/g8GJDAYJkSSurt59Mzfw
DA:146,0,B/Fo9U4/nMeRNS1JjGZVyQ
DA:147,0,A7zB78kwhrNCBd5ERFbnuQ
DA:148,0,x5Qt+igcMpAEv83Qk2B3NQ
DA:149,0,g5bjynhlaUj2pfP+OvDlRg
DA:150,0,N3H9d+Zg7kaaXnOwE5yORQ
DA:156,0,kycMaH6XbPuAfUpgfG1Lbg
DA:158,0,N3H9d+Zg7kaaXnOwE5yORQ
DA:162,0,q/05k+WmU7hc/BvCD2wg0w
DA:163,0,kycMaH6XbPuAfUpgfG1Lbg
DA:164,0,LWILTcvARcydjFFyo9qM0A
DA:171,0,GGTJbx/MAVHGqai81HlWXg
DA:172,0,xjcDBnSwra0OiNOAYAwoHA
DA:173,0,GJY3XL+HVfABZPkAeJ2kmg
DA:174,0,FcZlXOMht3/wezJzS05uyQ
DA:175,0,FzqdsRfhp96ePhOvKtg27A
DA:176,0,uU0RkdYJ7Xs/vIBF72bJZw
DA:177,0,SZacfZCkmwNteMRyazapFA
DA:178,0,fSfh2HLxnTjP5yUiq5MWHQ
DA:179,0,ISml+8GD8IksPNTrvFe4Dw
DA:180,0,+ABFmOoGP/NP4Xw2H50tZQ
DA:181,0,M1woIFFYepULZmbMCFH9/A
DA:182,0,QVfNPAG12EvOGWGuvBBJEA
DA:183,0,LVIHM/4FsG/Ry5BOBaZoqg
DA:184,0,oLUs2gTIACP/G1b1E+LmXw
DA:185,0,M1woIFFYepULZmbMCFH9/A
DA:186,0,jc1lGhO3CVXH+kbW4+EfzQ
DA:187,0,OftpiXBtRa+PpFTYl9MfTA
DA:188,0,vJXEbjSHPU4Ob62qfpESmw
DA:189,0,HRmYgrUgQRrlHMAQ7gWdXQ
DA:190,0,NvVxGrDiJsGH6QhWsv4EYA
DA:208,0,B/Fo9U4/nMeRNS1JjGZVyQ
DA:209,0,OsKCk7typTKdwNzj2ReWag
DA:210,0,zzmLFnwGUNFMH+9uDEJmbA
DA:211,0,dZ4YzXTGIWgAN8aC7hf4ew
DA:221,0,4VDKvdBnozM18dXW+ycSPA
DA:222,0,4KO2bMBIqKEASOO7MVWNEg
DA:223,0,NZx/cOjJkUDH8ahoMokQnw
DA:225,0,WiuUwJhubNXm89XV/Gg32w
DA:229,0,r8ofeD5MiC5uqt+VFDTclw
DA:231,0,IWR6Qcx4sh+++HjGMYUmKw
DA:240,0,d+pJCinM8GxHilXV+peQ4A
DA:241,0,B/Fo9U4/nMeRNS1JjGZVyQ
DA:242,0,vX2+qOAOGRxVsnAPnnt5sA
DA:243,0,nAsk4dEF0mZNzxlS21V9Yw
DA:244,0,QcE1/8oi0fKtzaFSrg/+FQ
DA:245,0,RgkOq9Qo51NHehjyrCNWcw
DA:247,0,SVfAhF61tJmGzg0wkapSOg
DA:248,0,sb/xq3mD1jUbYw0CXQrh/A
DA:254,0,nlq/zt9iQAY9SeiEwL+jkA
DA:255,0,M480U3TiRcL2F9XZ6Q0/Mg
DA:256,0,xjcDBnSwra0OiNOAYAwoHA
DA:257,0,X9DuiJXRSG2RXe6k5uOCIw
DA:258,0,MQAw7ryZXIqoa+XVvQuYKQ
DA:259,0,izcczpY5SqNqqbMnDQceIA
DA:261,0,obCQcC5F4fIvtHe7/WXivg
DA:262,0,qPBXW1eSTqQJh+uc5ZDarw
DA:266,0,wBcB2SkcztAqaFSsaWKYFg
DA:277,0,MhhDWpRVeVsgVi2yVqlpnQ
DA:278,0,CSWmDVO+HOnjTYuMlkPN8w
DA:281,0,Dh1dCwqsxeuqlWQ4/wyJ8w
DA:285,0,WXW68ATBDmpiEYErtVPWjA
DA:286,0,CrXTzDWpUUNO9ENLUyXiaQ
DA:287,0,GbSHgFqMHNjNXFcXizTg5g
DA:289,0,ELSB+qVfUVpezNMMJ6tuEQ
DA:290,0,EDVNGF9ZWSfMHlKk2rofQQ
DA:294,0,WXW68ATBDmpiEYErtVPWjA
DA:295,0,H/T31vKSX+9vXsX98avppg
DA:296,0,ELSB+qVfUVpezNMMJ6tuEQ
DA:297,0,EDVNGF9ZWSfMHlKk2rofQQ
DA:298,0,sb/xq3mD1jUbYw0CXQrh/A
DA:299,0,piGcTHFlgifdzut/XwaOHw
DA:303,0,rJTgZLDKwCHTguAIk61bBg
DA:304,0,QzNQkTtDguflrbryMvnuQQ
DA:306,0,1pyUKMvbIBQjZPIVAf6WFg
DA:307,0,f9hsJIORHTBaYi4CvzL8CA
DA:311,0,rJTgZLDKwCHTguAIk61bBg
DA:312,0,2VWIYGcMXjc5PeuVTPvQBw
DA:314,0,1pyUKMvbIBQjZPIVAf6WFg
DA:315,0,f9hsJIORHTBaYi4CvzL8CA
DA:320,0,qYj0q2m4pzsOpGb6ygtbaw
DA:321,0,hFI2bEGtJ69AQLnzjMFsiw
DA:323,0,DromoT/b2WkKorEML+ZhOA
DA:324,0,8TSkFd+nFfguCuLBtoEdzw
DA:325,0,7fh6wQP4NMUmFOxMDk4HMQ
DA:326,0,sb/xq3mD1jUbYw0CXQrh/A
DA:328,0,RW/InPiCmTEoy14OwvHj+g
DA:330,0,qtyrrs5VZiiC6m0QYw+1iA
DA:336,0,dZ4YzXTGIWgAN8aC7hf4ew
DA:347,0,f9hsJIORHTBaYi4CvzL8CA
DA:352,0,V4jfCv7R6VX4en1UVTaNyQ
DA:353,0,hvXFDU0fAwRX/bsZXcJ/lA
DA:355,0,Kp8DH5V49lh9BiDcEFBlAg
DA:356,0,xvWIcpcyNr0gyGcTkdMxXw
DA:357,0,aL5qvyibE30hHfXmEUGowA
DA:358,0,Pkwsntebe693LwjKD9saWA
DA:359,0,dquiAd0b6I3SPuVFJDK09w
DA:364,0,qYj0q2m4pzsOpGb6ygtbaw
DA:365,0,dZ4YzXTGIWgAN8aC7hf4ew
DA:376,0,y42cPGP8QavnBYIj53iUYQ
DA:377,0,18N5XTyQelcRA6stfaS13w
DA:379,0,dZ4YzXTGIWgAN8aC7hf4ew
DA:390,0,f9hsJIORHTBaYi4CvzL8CA
DA:413,0,/9TXZBmmysyzCGXwFkLa8w
DA:414,0,cKvUHgJSzsNR6Xi8RNHjeA
DA:415,0,Jbz5H/nBFEsIXsOtynK83w
DA:416,0,MHl5BZotTyt6Xo1fd/BWIw
DA:417,0,xjcDBnSwra0OiNOAYAwoHA
DA:418,0,BLbGMv+2kjkKGv3Fo7DfLg
DA:419,0,cCzhnT+1tmGi11b28Pmfwg
DA:420,0,UJZL5wTH4W2IBtOehvcOqQ
DA:424,0,B/Fo9U4/nMeRNS1JjGZVyQ
DA:425,0,rha0BVx1IwlhebuVl/DyqA
DA:426,0,sb/xq3mD1jUbYw0CXQrh/A
DA:427,0,izpWOKy4BzjOx0GsSOtKoQ
DA:428,0,A7GQqJ6+H8gCtbIe/pECcQ
DA:429,0,7O1zvOJSA2JehFvG+WcL5g
DA:442,0,cTzK/Fkj05uD6virJVR3hw
DA:445,0,pE+TaUzjL4v2unUCpMKxIA
DA:446,0,rQDt3LNn9OsvPdB+a6RRHg
DA:448,0,UfokhgsTR2kH1lmRldZQQw
DA:449,0,YeggoG1KktZVWzdeNh+TSg
DA:453,0,pE+TaUzjL4v2unUCpMKxIA
DA:454,0,rQDt3LNn9OsvPdB+a6RRHg
DA:456,0,UfokhgsTR2kH1lmRldZQQw
DA:457,0,3OwyJiz4IH6qQBfMgMT9vA
DA:458,0,cx91851ffUn6MpBTYkPtng
DA:459,0,lP9Cid14go/gbEX07aWVBg
DA:460,0,cTzK/Fkj05uD6virJVR3hw
DA:461,0,B/Fo9U4/nMeRNS1JjGZVyQ
DA:462,0,bWqndFETgsU4YiW14EsHAQ
DA:463,0,yn+bs1ijaC0OwyqMc2KtZQ
DA:464,0,lP9Cid14go/gbEX07aWVBg
DA:470,0,B/Fo9U4/nMeRNS1JjGZVyQ
DA:471,0,wzbVx34dnV0D2PcfOB/bww
DA:474,0,2LT9Ujp0jO8D3WajNhmD0Q
DA:476,0,ykXsSKkGVRh+qftvSdf7yg
DA:477,0,E1/V7XHiBgnome6Vx6n18g
DA:478,0,dZ4YzXTGIWgAN8aC7hf4ew
DA:482,0,W/g8GJDAYJkSSurt59Mzfw
DA:484,0,B/Fo9U4/nMeRNS1JjGZVyQ
DA:485,0,sb/xq3mD1jUbYw0CXQrh/A
DA:486,0,V7uRmjj6chiNnyDqZpYJVA
DA:487,0,dZ4YzXTGIWgAN8aC7hf4ew
DA:495,0,MxYE8xnYRMHE9ugrc5sbIQ
DA:496,0,W/g8GJDAYJkSSurt59Mzfw
DA:499,0,5eyrqv+I+9I/TJWXaKYaEg
DA:500,0,+lFdnO2xLa130kw74yUDqg
DA:518,0,dZ4YzXTGIWgAN8aC7hf4ew
DA:532,0,LWILTcvARcydjFFyo9qM0A
DA:539,0,ukEOyd9CEFUYtLt+NsdlBg
DA:546,0,c9GgNV7cNPsWHS/GessJZg
DA:547,0,h+VX9h1Npe1a4SUEfbugsg
DA:548,0,pBBP59akWd/vgXCiD2l8qg
DA:550,0,x5czPiRiGOxvWF4o+kyjVA
DA:555,0,aSFsI4FcU6xqF22lGBQ2CQ
DA:556,0,rJTgZLDKwCHTguAIk61bBg
DA:557,0,i9ZKdphLQnKCWYVUBQwoFQ
DA:563,0,/u5dlwngFa22zqMox01r3A
DA:564,0,J/CuxBDC3Om7WFhzemrWHg
DA:568,0,JegtgiGlkDY6mhFUpeoqfQ
DA:569,0,/9MJxWznhUHYDSJQu3uZLQ
DA:570,0,e1O425dj7Tcg563IdQgdyQ
DA:578,0,DjFyqSHeXGCvVPiad5yWSQ
DA:579,0,feIoxtolAUsmVfYGOrTSng
DA:581,0,4JKJfaoJ7Ab+jyIE0RuIMw
DA:582,0,DYEbJa+NJ22MIgBTXnwgNA
DA:583,0,4blmpYJFsTKcs8mVP0UJKg
DA:584,0,J1CXhXB2U5l2x3kIX39sNA
LF:255
LH:51
BRDA:0,0,0,-
BRDA:40,0,1,-
BRDA:63,1,0,-
BRDA:64,1,1,1
BRDA:95,2,0,-
BRDA:104,2,1,-
BRDA:105,3,0,-
BRDA:110,3,1,-
BRDA:113,4,0,-
BRDA:121,4,1,-
BRDA:136,5,0,-
BRDA:146,5,1,-
BRDA:150,6,0,-
BRDA:158,6,1,-
BRDA:0,7,0,-
BRDA:172,7,1,-
BRDA:174,8,0,-
BRDA:182,8,1,-
BRDA:176,9,0,-
BRDA:178,9,1,-
BRDA:179,10,0,-
BRDA:181,10,1,-
BRDA:171,11,0,-
BRDA:183,11,1,-
BRDA:189,12,0,-
BRDA:190,12,1,-
BRDA:222,13,0,-
BRDA:223,13,1,-
BRDA:256,14,0,-
BRDA:261,14,1,-
BRDA:278,15,0,-
BRDA:281,15,1,-
BRDA:287,16,0,-
BRDA:289,16,1,-
BRDA:296,17,0,-
BRDA:299,17,1,-
BRDA:304,18,0,-
BRDA:306,18,1,-
BRDA:312,19,0,-
BRDA:314,19,1,-
BRDA:321,20,0,-
BRDA:323,20,1,-
BRDA:0,21,0,-
BRDA:355,21,1,-
BRDA:0,22,0,-
BRDA:356,22,1,-
BRDA:365,23,0,-
BRDA:376,23,1,-
BRDA:377,24,0,-
BRDA:379,24,1,-
BRDA:401,25,0,-
BRDA:398,25,1,1
BRDA:415,26,0,-
BRDA:416,26,1,-
BRDA:0,27,0,-
BRDA:417,27,1,-
BRDA:446,28,0,-
BRDA:448,28,1,-
BRDA:454,29,0,-
BRDA:456,29,1,-
BRDA:459,30,0,-
BRDA:460,30,1,-
BRDA:474,31,0,-
BRDA:476,31,1,-
BRDA:500,32,0,-
BRDA:518,32,1,-
BRDA:547,33,0,-
BRDA:550,33,1,-
BRDA:557,34,0,-
BRDA:564,34,1,-
BRDA:579,35,0,-
BRDA:581,35,1,-
BRF:72
BRH:2
end_of_record
TN:
SF:loaddata.py
DA:7,0,UK6mfWrMcVFUe5fumx/PbA
DA:8,0,l955vWaLeSdDL/ehzg959w
DA:9,0,L/jqrDHxbfUd/SDMFGHfTA
DA:10,0,xmMLoYBW1BFhJ6Xn+A/vug
DA:11,0,/6BCF/ROSidz51ZAydY62A
DA:12,0,7Z9Lj4ed27Wf2hBX6jooEA
DA:13,0,AwpGUILSjGu34WAr6c5fRA
DA:14,0,Lf7Q2QVs/YrZpMUemURI+A
DA:15,0,CzkRu6HMc+tByN18vGgyag
DA:16,0,OlZLbqHEbYopCQhuyCDeCg
DA:17,0,6vWAvNsegNqafFN4IKLrhg
DA:18,0,s3dBhF+Sivwt5puapOnSKg
DA:20,0,DhPIUa2lW1UYUAUcU/ggkQ
DA:21,0,qS+ql42lbnyfBhvAajuSdw
DA:22,0,q//3HshEV8OPkGu5VGUM8w
DA:23,0,Ajht5lyYXYKKFrgtyFUVTg
DA:34,0,iOGlz5YgRicdq70JWYzWSw
DA:35,0,RLWAUrNDHm8X/sIdPN2EBA
DA:36,0,hQLDsxTuYPaOA3e7fiU5kQ
DA:37,0,uTy99Z3hzV2RjmIZi0S90g
DA:38,0,EgVcFm2ygLUzNPoAgmeYVg
DA:39,0,GqbJk3A4ExoGrVRFFk7NCg
DA:41,0,YkXEiJsvVqDtyb590OZ6hg
DA:42,0,jz0X9VO84/o/czF19ELElg
DA:45,0,KVnNgMhEdSngQNrYVBhB7A
DA:49,0,x/ntaFoodUq6D8fEPovIkQ
DA:50,0,lHV3fViJG2PB3OAdG7kikw
DA:51,0,hWrtN7hLUr5skfw001JZAQ
DA:52,0,iF2I37pmayYt0hsNZQWlMQ
DA:55,0,Oxf8MFWLsu1MuweHA77pHw
DA:59,0,x/ntaFoodUq6D8fEPovIkQ
DA:60,0,nPAp1VUa9/2re4vjqa1JDg
DA:61,0,SEt4lmrMYrmZiydK/dH3pQ
DA:62,0,VOAjc+BvQnJTTK89y8wobw
DA:65,0,hHmzKM3O8SOtgaekTWdiZQ
DA:69,0,ZvHhwB9+Dujx4pcTQjutiA
DA:72,0,ETlMQ8jojQWI6nVl0JbMbw
DA:76,0,j0rPGjOl79z6AizZituE6g
DA:79,0,GeWrel4WZNPac3qm3CKeyw
DA:83,0,1FCld/N1eN/0p0fXqA1fXg
DA:84,0,apkQQtiiE4JOuDIBvLOUjQ
DA:86,0,3JTM0mh4K6CZQrzp18kKyg
DA:87,0,iyfg5LInNX6fi0NG0Uqrrw
DA:88,0,HH8Wq0sx3MXzKsXixQQvQA
DA:89,0,E//TORr4SjWhLYP6v00IrA
DA:92,0,ymOUmNMwZILdZjimd1zyrQ
DA:94,0,OdK8F1aoumarHviEy/0ftg
DA:105,0,pM0PtZlwZxRDRlBhshlvRA
DA:106,0,6HZ8+T4+DmFhh6sOkpl6OA
DA:109,0,CNL7lysOfS2GVIhQO7mVxw
DA:110,0,he1XsSktL0mAA3ETG2C5hg
DA:113,0,5eepJkyoLYmmKu4IGQgUgg
DA:122,0,hLsAJ3O5td9ju9oT65VKGQ
DA:123,0,sZDFa2F5JrxIs0m5qvHZWQ
DA:124,0,tEboVamckUcem2rXLWkrDg
DA:127,0,O0TV2xGdqdY/31usZDGo0g
DA:137,0,oLFkqfkJ+ITRTiPYyIxQqQ
DA:138,0,hew224RP6pj14OrA2GFdnw
DA:140,0,HDzn+7t5l7SeGx6et7W5uA
DA:147,0,24+AwkG/ktKEud3IHtKbng
DA:148,0,kI/QtHDi0VDk6oYKMYXbnQ
DA:150,0,25xvHES0W8LgrtLwciS+iQ
DA:151,0,HH1D4kvZSX4Sd8WGoHtrOQ
DA:152,0,p/dP/dPhsBYgDwfMRWuaqQ
DA:153,0,NlmiFPwomViKw8kC/v4sLg
DA:155,0,Qr0c+kxVfpJSSuVnu5yfqg
DA:156,0,AfnJlVksNdV0vJ72fgA/2Q
DA:157,0,8TvQhQTW1bOcxc1O/jbQlA
DA:158,0,SziwGKjrTtA3wbcUJmADqw
DA:159,0,1pyUKMvbIBQjZPIVAf6WFg
DA:161,0,xdOymId/01+wu1a6MZLVTA
DA:171,0,gkCryGlVS3DaSHAu4V2iXw
DA:174,0,i7ENHGBm5vzU0b8JWu5XDA
DA:178,0,O5qo4eRDeALBS1ta3N2LvA
DA:179,0,AgyluEYFTMDdTMDCLBkXPQ
DA:180,0,YeWDmYvKV8Nzqqaal8TanQ
DA:181,0,I+yW8B132BXUxEXAMqemEg
DA:184,0,iKFgQ8ZPkTr+CnK0zcWIFw
DA:188,0,XyZRM8v0lMWCuZ+MAAtyHA
DA:189,0,VqoCXcybIF00HavW6V+Znw
DA:195,0,LzAzGaJIcuNZyVz84r14HA
DA:196,0,Y1tFoKVO5sjcpk99gM9dXA
DA:198,0,cd1MRFsjzBMu7Tr5i8Ebcg
DA:199,0,LW38wM9MdGJbuqLGxQQYmQ
DA:200,0,+rftau3Oc6kovVNy2KXTLg
DA:203,0,Puu92bl6J+cjfyH/Ku9xdQ
DA:207,0,XyZRM8v0lMWCuZ+MAAtyHA
DA:208,0,V1WZHfWHiMTZie8fImIXvw
DA:209,0,/YIeufO9JjYjal2DbmSAdg
DA:211,0,O01ZZEt2/4VwD33rrofAnA
DA:213,0,Crch3U5TeOddgtTE5smiVw
DA:221,0,LzAzGaJIcuNZyVz84r14HA
DA:222,0,Y1tFoKVO5sjcpk99gM9dXA
DA:224,0,cd1MRFsjzBMu7Tr5i8Ebcg
DA:225,0,0YvxYqOCpVGjrXZzeQ8Jtw
DA:226,0,0GQHlfb506Ip78DbDe8eFQ
DA:229,0,cSNN/dME42u9NSnmLIghWA
DA:235,0,XyZRM8v0lMWCuZ+MAAtyHA
DA:236,0,UCMmBo/MOfJdxHFKh4IG2w
DA:237,0,ayRFd6Os9b11T0ZjuHL1LQ
DA:242,0,dF/NvlNwzr2IMpg004TU3A
DA:243,0,ak9ji0Y0fz9PpGeL9dGK9Q
DA:246,0,jAwrfUSsdR0QB17nwNiw9Q
DA:247,0,TefXsH0dLUQXasJPjPGG4g
DA:249,0,cd1MRFsjzBMu7Tr5i8Ebcg
DA:250,0,WbgSUt+1EMb63KBxLYwbtw
DA:251,0,aA3ycTK9Jtn9mSNe9dGr3g
DA:253,0,1pyUKMvbIBQjZPIVAf6WFg
DA:256,0,2yXpdptVjfGI0rBzqdvHnw
DA:260,0,jwhyF4qNxMkI3U+IOh8FbQ
DA:261,0,nsJLVfpZYVutmx2ujE2gpg
DA:266,0,8tNqrb7BSl6kUV5PJoyuLA
DA:267,0,+YlKTSTdUFG7fdOC91v4Ow
DA:268,0,rVI+klqUoTrcDwLt4riHYA
DA:269,0,KOh7IOG27B7Ir0JQlUBsyg
DA:280,0,B8+WwNkM8OEKl1oiLZkcew
DA:283,0,DGPt8nhkquZPiK4xQ+/QUA
DA:284,0,ZEN71k+xHrD0iNlZs93FQg
DA:285,0,RdO3dI8IBhsk9+CuxGWIjQ
DA:286,0,YUkftSSzoEaZYtLWpaAjpA
DA:287,0,1pyUKMvbIBQjZPIVAf6WFg
DA:289,0,Y7ut7i8/LEN6xy+zxyaY4A
DA:292,0,jsZKX60XImaDRZtjjeINJw
DA:296,0,kZsjLD4/GUk02uv30+SqSQ
DA:297,0,2EdoHtOVIn+IzbA2jDsGWw
DA:298,0,1pyUKMvbIBQjZPIVAf6WFg
DA:301,0,0jsEOQj/bwwZVHUzk0dQHQ
DA:305,0,B/Fo9U4/nMeRNS1JjGZVyQ
DA:306,0,fwcs8Y2x4vfZBM/++r+GMQ
DA:307,0,3EmNnKav3x9BpmcRzJ/Zpg
DA:308,0,SfYy7NFpE5hrJIbr2XDpOg
DA:309,0,T30gW0Zj+pQ3X2pRoKU+Bw
DA:310,0,YIJcG+hmelXtQNanvBvY3A
DA:312,0,rqOSYv65nziWPZcVBXpkDg
DA:314,0,B/Fo9U4/nMeRNS1JjGZVyQ
DA:315,0,fyODytbKNRwN7rzcG5pNJQ
DA:316,0,3EmNnKav3x9BpmcRzJ/Zpg
DA:317,0,SfYy7NFpE5hrJIbr2XDpOg
DA:318,0,T30gW0Zj+pQ3X2pRoKU+Bw
DA:319,0,IS4QeX3TMJZRzfM+RXRiXw
DA:321,0,rqOSYv65nziWPZcVBXpkDg
DA:323,0,B/Fo9U4/nMeRNS1JjGZVyQ
DA:324,0,Pzl4m3feK/LaFFI+GPgB4A
DA:327,0,3EmNnKav3x9BpmcRzJ/Zpg
DA:328,0,SfYy7NFpE5hrJIbr2XDpOg
DA:329,0,T30gW0Zj+pQ3X2pRoKU+Bw
DA:330,0,LqhLhUYYSNJSD4tHLtLnUw
DA:332,0,rqOSYv65nziWPZcVBXpkDg
DA:334,0,MU+4edWIYZdsk1EuTdRfEw
DA:337,0,BJu/mJqNOoj4fYSi4fE3SQ
DA:338,0,lumJDheR+K+RYHbZlB+mKQ
DA:339,0,tQIlDJFx2iYATuOLYCaLOg
DA:340,0,3tqhOjWHWbWfzPCzzps3/g
DA:343,0,AMqtZNT7CuFK77+sARJxig
DA:347,0,KuaSRc+IUSBBB2qzT2HOkg
DA:349,0,NGKI07Xc0fSW2FPOKi5kBw
DA:350,0,AXwLTGXrSlDIFU1KKai/sQ
DA:351,0,AlXRNpuOnMbM/iyG2rgo5Q
DA:355,0,zWfZOGNMzZMvzk+j1q1spw
DA:359,0,/1PtORBr2HAemj4BnjK92A
DA:360,0,+yn9KpYPcutpOl9+HCha/Q
DA:362,0,XMPuyE/0+p9bbPINyEvvjw
DA:363,0,tY6LMHo9/jwGPGtoHPpbEA
DA:364,0,dkUB95K/wctKVAqQP6E4iw
DA:366,0,wtKR66qcZF0XjdAOH8XkTw
DA:367,0,eLG3YA1XCkBvyRaNxECN0g
DA:372,0,r/t8EhhAcEYgQFb3KzzNww
DA:374,0,ZANk8ZR/qZADH9wRUw3HXg
DA:375,0,XJHL7GTHm6zPBNUirJK03A
DA:377,0,ZVXQVZqYHzIupA4uoxv8pw
DA:378,0,d5wa7eJlVTYSj2tF8nyAUg
DA:379,0,CToKFgIkf3RPEck55aMTEg
DA:380,0,Uc92x6HBIv0gsFc8Cnw/hg
DA:381,0,jkoC1g/NJ+8F05D4eb9j1w
DA:383,0,hE1d6Ac84BtqyZvgJqz5Bw
DA:391,0,nU5n3yFAjQ0XOYkLV4WZSw
DA:395,0,0Gv7eg8GaQvYq7JeQ54wMw
DA:396,0,SBp7LY8aqGzpW2JRYgo1zw
DA:398,0,4y/Ae+R1+GFP0Q4fF0Z1rQ
DA:399,0,LIkGsoVBlsr2OGlT0Kn1AA
DA:401,0,oMjFV6ZKX0E35cEkPh4T2A
DA:402,0,iThmuBVjt2QrluY6hKCgIg
DA:403,0,SdyjZUwFWMqYaiG2GDeNOw
DA:404,0,yVpHbJWClmY+MyqHj7092A
DA:406,0,Aof1uNDnp42qAOP82y7moQ
DA:408,0,oV/j8fbnmkST9gzrLRODRg
DA:411,0,7D+OHJa1OvJL3+BB+f3Epw
DA:412,0,DlkJmtev3nYpL/N8WJIZag
DA:413,0,sb/xq3mD1jUbYw0CXQrh/A
DA:416,0,1quCw1K+I/00meAplZ7QpQ
DA:420,0,9bBwIaSnGbn7+QjXg+vmPw
DA:424,0,lOVHxHlbX2nHMszeqnT0YA
DA:430,0,lOVHxHlbX2nHMszeqnT0YA
DA:439,0,lOVHxHlbX2nHMszeqnT0YA
DA:445,0,lOVHxHlbX2nHMszeqnT0YA
DA:451,0,lOVHxHlbX2nHMszeqnT0YA
DA:457,0,lOVHxHlbX2nHMszeqnT0YA
DA:463,0,lOVHxHlbX2nHMszeqnT0YA
DA:469,0,lOVHxHlbX2nHMszeqnT0YA
DA:475,0,lOVHxHlbX2nHMszeqnT0YA
DA:481,0,lOVHxHlbX2nHMszeqnT0YA
DA:485,0,lOVHxHlbX2nHMszeqnT0YA
DA:491,0,lOVHxHlbX2nHMszeqnT0YA
DA:498,0,G5tbxNC3ir538IGjZxVoyA
LF:204
LH:0
BRDA:51,0,0,-
BRDA:52,0,1,-
BRDA:61,1,0,-
BRDA:62,1,1,-
BRDA:0,2,0,-
BRDA:0,2,1,-
BRDA:84,3,0,-
BRDA:86,3,1,-
BRDA:123,4,0,-
BRDA:124,4,1,-
BRDA:150,5,0,-
BRDA:155,5,1,-
BRDA:0,6,0,-
BRDA:199,6,1,-
BRDA:209,7,0,-
BRDA:211,7,1,-
BRDA:0,8,0,-
BRDA:225,8,1,-
BRDA:250,9,0,-
BRDA:253,9,1,-
BRDA:268,10,0,-
BRDA:287,10,1,-
BRDA:310,11,0,-
BRDA:312,11,1,-
BRDA:319,12,0,-
BRDA:321,12,1,-
BRDA:330,13,0,-
BRDA:332,13,1,-
BRDA:0,14,0,-
BRDA:340,14,1,-
BRDA:0,15,0,-
BRDA:360,15,1,-
BRDA:363,16,0,-
BRDA:366,16,1,-
BRDA:367,17,0,-
BRDA:374,17,1,-
BRDA:375,18,0,-
BRDA:377,18,1,-
BRDA:378,19,0,-
BRDA:383,19,1,-
BRDA:379,20,0,-
BRDA:383,20,1,-
BRDA:396,21,0,-
BRDA:398,21,1,-
BRDA:399,22,0,-
BRDA:401,22,1,-
BRF:46
BRH:0
end_of_record
TN:
SF:manage.py
DA:3,0,UK6mfWrMcVFUe5fumx/PbA
DA:4,0,EZEzNmL93PY96zsSuI0PfQ
DA:5,0,7Z9Lj4ed27Wf2hBX6jooEA
DA:6,0,C2bsDa680FqSq3PKfx7Z4w
DA:7,0,dbKXYnHzrSnvURbcSLvVKA
DA:8,0,Ux3Z6ya1JDJT008OmoVf0w
DA:9,0,XRh5gz49gzin2tgbGaB31w
DA:10,0,mUDsnWRiqW9R9nTILGKIZg
DA:11,0,4KXOIu0EzlFAqlH6QJ+whA
DA:12,0,8/DPjtWdo8z1/SINFFKe8w
DA:13,0,hqk+bBc+o0WUUtOTB9OOBA
DA:14,0,6vWAvNsegNqafFN4IKLrhg
DA:15,0,B8a+GdBqjsfwdB6ORSEt7w
DA:17,0,R8sid2af083MPouv3bzC0w
DA:18,0,iOGlz5YgRicdq70JWYzWSw
DA:20,0,jc+1N8hWRy8g0G3BuHw5Iw
DA:22,0,xsqH/gDMr4PhDSM76ZpCyA
DA:23,0,3O+5jV1RcsOpTWixlHAe/g
DA:25,0,sBM1BR+SXUQEmFhrdeX6IA
DA:26,0,bfnhJ/ZGejI0xK0CN6cJpQ
DA:29,0,qS+ql42lbnyfBhvAajuSdw
DA:30,0,FvzzxIGNsn0WUGhAgUjkjw
DA:31,0,S7F7r2FczXuvZrZL9qFP9Q
DA:32,0,aa+6W2pj5H2NJnhwFEMK7g
DA:33,0,HFFL+MWAXDR52VSXFxymmw
DA:42,0,MThfYR4eHaQBsrggCbQpAA
DA:44,0,g2aaNf1WJTHYkfqZY6azsA
DA:45,0,332Z8mDePULcCQcFN+JeCQ
DA:48,0,+hh6GmF9Zt3/1ydTQRgYPQ
DA:51,0,kCLNm9WVJgk5Gr/Ji+IwPg
DA:54,0,5R8D/ObmM0Bl3vqDu3t9Jw
DA:65,0,oMjFV6ZKX0E35cEkPh4T2A
DA:68,0,6WxvZqmUQ6lDbtOiC0OIYw
DA:69,0,uOafPMmVO4dokgLyC3Ur8w
DA:75,0,B/Fo9U4/nMeRNS1JjGZVyQ
DA:76,0,3iBEQju5F2Pku/+B5UZy/Q
DA:77,0,EQXxyZTj8dafVzJoOsqe8A
DA:78,0,Fwh067u0RmEFmiYEwjUU7A
DA:79,0,nb1kCAhzYGNVADkDtleemA
DA:80,0,c7cu/pRWiEzAqRR9r8iENw
DA:81,0,wwc9kHDGAg70pEtrDjfAFQ
DA:83,0,B/Fo9U4/nMeRNS1JjGZVyQ
DA:84,0,FEACUa3lnmMhboPcAgDbOg
DA:85,0,nb1kCAhzYGNVADkDtleemA
DA:86,0,wWvyVCzDRWfTVXhFZNNl1w
DA:90,0,7qdcnEULU44aUsa8RiPBeA
DA:92,0,W2JeY7Cj6OUrPEDHWrxWrA
DA:93,0,M9DoJ946YI3w1XkjJmKwMQ
DA:95,0,+ddh8YgN+fh65xW4nrlFXw
DA:99,0,zBFlaDt+c2/p/+w7ZtZNrA
DA:100,0,W7OuUXZdC7ESDDjw73dtiQ
DA:103,0,VIcRTep2KzzZvA7FXwgzHA
DA:106,0,B/Fo9U4/nMeRNS1JjGZVyQ
DA:107,0,QuArf4/n784s8fKS/3fJpA
DA:108,0,nb1kCAhzYGNVADkDtleemA
DA:109,0,wWvyVCzDRWfTVXhFZNNl1w
DA:111,0,Arm2n0ZlnGdxr9A0oAuh8A
DA:112,0,xvWIcpcyNr0gyGcTkdMxXw
DA:115,0,krXUBN9kN2/LbOiembjpTg
DA:116,0,SewyNJnmu41RfBBysF3Yhg
DA:117,0,dquiAd0b6I3SPuVFJDK09w
DA:118,0,k4X1wQdtcPcgreEfH+HcOQ
DA:121,0,rX7RmirQRG+5T2f5MVE+9Q
DA:122,0,XPmxTdm5fNTtZm9ufXfmVA
DA:125,0,y2BIkyoFM7g5ErITG4k01g
DA:126,0,+9MOipeDxzDrs3q/OW3wfQ
DA:129,0,q8EmUZsY4hUQA5ue/WIpsA
DA:131,0,GQYX8VPSjgNZPEG+yggrHA
DA:132,0,xjcDBnSwra0OiNOAYAwoHA
DA:133,0,ecQW2aLiIhzkVxneYR55qg
DA:134,0,VifYNbYYASasXrh242ucGg
DA:135,0,Sl4mKGnNmxb1jnQoNxLb+A
DA:137,0,0DRlR6e9A8bkLbb0xIi/uA
DA:140,0,p8MDnWtplHQjtXBYuIb6QA
DA:142,0,QrWiIV93tSL2BUnPLc4kNw
DA:143,0,V2Qu8dk6HcwxI2oPo1pY0A
DA:144,0,Dwjd91USmMoWKfkSCVg/jg
DA:145,0,xjcDBnSwra0OiNOAYAwoHA
DA:146,0,1CXiwAk/KlT0dcN3LBMlfQ
DA:147,0,yMZiyy1ZGVFj7zxYbDUT0Q
DA:148,0,RWJkBcB5O6z05N8cwtKhCQ
DA:149,0,tgvfFR706AuVSAHRcWGJgA
DA:152,0,5/j9RDLmYinXgqkm1sbklg
DA:154,0,LNrWnsE4/DcmaIovSMlf+Q
DA:155,0,rVi4xgcaM4iKR6NElIzJsw
DA:156,0,Dwjd91USmMoWKfkSCVg/jg
DA:157,0,xjcDBnSwra0OiNOAYAwoHA
DA:158,0,Mf8dGYKZpn8NccJq74TPWg
DA:159,0,8k8i2UjPDYT+ahaGYaRMlQ
DA:160,0,RWJkBcB5O6z05N8cwtKhCQ
DA:161,0,tgvfFR706AuVSAHRcWGJgA
DA:164,0,v118rZh1e6peEwdDbnBDaA
DA:167,0,QTcq8+rkuhCU/eWQYBalgw
DA:170,0,O4M3Sy698ij+jDZbap1Tmw
DA:171,0,z1FY6hyPBCbZwMZY9KnRLg
DA:172,0,RRxDe7IG0AOrrCGWrMYSug
DA:173,0,kycMaH6XbPuAfUpgfG1Lbg
DA:175,0,nPjxeN0sPUe6XmHISqbsRg
DA:178,0,SAPPZG7c9bei21T7JRBaiw
DA:179,0,wQKguTk//EecdIiyV/1+bA
DA:180,0,a007stXK0Bvtk/BNZ7wyrw
DA:181,0,18C44De+hnOcbEhSTNOUmg
DA:182,0,O1YQulRXUlHGFUemcwccEA
DA:184,0,YFGqcNR0rAJvPKI/BH6CDQ
DA:185,0,mNydKQFF03OWkdA4ZTBj3g
DA:186,0,iOqoKIwRtRSlFJmuLu9Tuw
DA:188,0,7a5I9DdrKq9Kb5IeS5MlKg
DA:189,0,zppbYk8dOAXazsoU9cFXig
DA:190,0,wmsOb+6v+2MQOGAWaBMQSg
DA:192,0,7e+/JHproJbjSAfZMMFIFw
DA:195,0,RT/kmPhaUftDTooLKeMJMw
DA:196,0,yyo6Hg1v6myzj9dPl7TOKQ
DA:197,0,496vgpUC19o8Q9fAfGaUIg
DA:198,0,Wj5WemkWEkvOBgLw4SsdxQ
DA:203,0,qaGnGmI7LFAkIeJXEBm/EA
DA:204,0,RT/kmPhaUftDTooLKeMJMw
DA:205,0,bILj4pY/pxwJC6+WfN+YlQ
DA:207,0,xjcDBnSwra0OiNOAYAwoHA
DA:208,0,rVFJUoFoNY9OmFYVWXpOpw
DA:216,0,2tZIQOU/Hsn2A3a8eRS5lw
DA:217,0,uRRQ4DH8ixMn/naU7RsuPg
DA:218,0,S6ebRaTaWJHw6sbAq2ovyQ
DA:219,0,OftpiXBtRa+PpFTYl9MfTA
DA:220,0,Iilbbo7SyUhVmULXlhRQFQ
DA:221,0,SkuZq8AQ5rHFVDkYV3jOZQ
DA:223,0,u057Xwmj1li1Id2E4sjffw
DA:224,0,73UmzRjAwAAdQm+Ncx80rw
DA:225,0,JbqJrXiCm95BKk+odFXX/A
DA:227,0,DQ5fKzrZgyMapHX/VwjAIw
DA:228,0,a8ma3nVLWTH/4c/r4QzJmA
DA:230,0,DGqubL8C1hSS1YApe2eu8w
DA:231,0,ZJmj3jAkCeHnUMHiNbq1iw
DA:232,0,+8UEwwv4UoJPiFvI6j5s9w
DA:233,0,lYDR2vWzVWw9UEvou+0ZUg
DA:234,0,rZ1uaaeOnvR9crht3RtzTA
DA:235,0,lWGc9BotIyy/qFI+21uK9g
DA:244,0,6rgBhtkd42TFIDwa61jENA
DA:247,0,ZUlCr4coUd0SbPoLyjxTaw
DA:248,0,AyCPhzEg6xFVlBo5dHfTaw
DA:251,0,Crjo71OR9PUKrSNllf5HHg
DA:252,0,qnkGEwfUbRyEkaM1itkZpw
DA:253,0,ae543Ed7E9QvNcvdJAsRAA
DA:254,0,6J4Gsi55eP9fSEOB4z3+/A
DA:255,0,W/g8GJDAYJkSSurt59Mzfw
DA:256,0,LWILTcvARcydjFFyo9qM0A
DA:259,0,hQG19iOLUoSamCX8FxahQQ
DA:261,0,wQKguTk//EecdIiyV/1+bA
DA:262,0,Pw7vSYJ5FoLGCdgxyjAoYw
DA:263,0,xjcDBnSwra0OiNOAYAwoHA
DA:264,0,+Ye3Kx5c9Bbn0Yueh+RcyQ
DA:265,0,99jH2pj8a6VsXi4SJ5zlgQ
DA:266,0,KaArOlU1GDuzUYVuPiVgIw
DA:267,0,ZxIpDNtkj6g67o/BHhiZRw
DA:270,0,SBH0TSbgbrMmpqzmUb3pmg
DA:271,0,ZxIpDNtkj6g67o/BHhiZRw
DA:274,0,xjcDBnSwra0OiNOAYAwoHA
DA:275,0,Co/k6V+mo7pszUuPc7mnlA
DA:276,0,uRRQ4DH8ixMn/naU7RsuPg
DA:277,0,cCzhnT+1tmGi11b28Pmfwg
DA:282,0,xvWIcpcyNr0gyGcTkdMxXw
DA:283,0,ceTt/VTHFMAgLaq71iV8Tw
DA:284,0,vj0a1Lwe45K3oMkiNGDU3Q
DA:285,0,dquiAd0b6I3SPuVFJDK09w
DA:287,0,5J7zhOkmX8IlmSsjIqAIpQ
DA:289,0,ty+/XydEdVL6zNAIMo0Xug
DA:290,0,k4X1wQdtcPcgreEfH+HcOQ
DA:293,0,fPiAzax1VKoGP90j6H407Q
DA:295,0,CZIrmnG8goOteeE6icKpZA
DA:296,0,Sk53IE85jikouTN3FvghjA
DA:297,0,6rgBhtkd42TFIDwa61jENA
DA:299,0,1p91Muk59XGHFvN1Nuc2eQ
DA:300,0,0VYEzc4QuvYThElmSAERSg
DA:302,0,wBnpPEUk6oXuCv1X2e4Fkg
DA:303,0,tvl78wKRUQl9MpB9OAjHEg
DA:304,0,MfCHlkNYA4wSH9En8iA+5g
DA:305,0,3xXrBHR4ePqMf/BAYHml+A
DA:306,0,xMZnp/I3y2GEcEitYnhPDQ
DA:308,0,C5eb2/zDX+C+fcw16c7x/w
DA:310,0,k4X1wQdtcPcgreEfH+HcOQ
DA:313,0,KCoYDxWCLPMymJEuAReojg
DA:314,0,oMjFV6ZKX0E35cEkPh4T2A
DA:315,0,jT4idI6uWf7FMd+ik9mrFw
DA:316,0,7qdcnEULU44aUsa8RiPBeA
DA:317,0,1IiJqS0PsQdCwsSDeAmHtQ
DA:318,0,M9DoJ946YI3w1XkjJmKwMQ
DA:319,0,6dm4RDHITPcNs/VqvrsBpQ
DA:322,0,dnDO7Zimpi+N0eDTV2F8Zw
DA:323,0,oMjFV6ZKX0E35cEkPh4T2A
DA:324,0,9bBwIaSnGbn7+QjXg+vmPw
DA:327,0,QyNESvm4zyYXz+CNiJr8dg
DA:328,0,lOVHxHlbX2nHMszeqnT0YA
DA:333,0,lOVHxHlbX2nHMszeqnT0YA
DA:338,0,Q47fPvVXpd4U4OE9CL1IOg
DA:340,0,6Rq5o9gh34Gscqh/h68/5Q
DA:341,0,XKJVXiWeb7Eqj0DA+HeUJQ
DA:342,0,4sMe3aL3y7QMjO+LvI2AGw
DA:343,0,Jvc1M+ZMPWF11pYnK+StrA
DA:344,0,sHtN8sducjFSspYIpyoMoA
DA:347,0,CSuFgl5s1MqfVObt2qIdHA
DA:348,0,s2ATMH3zWPRKLDyfg9yZPw
DA:349,0,IPk/eqff6O2rZbk7vSizgg
DA:350,0,CcB1ItGz9BxisK9tA4Cv6A
DA:353,0,okzEdgZ+RMwqKOtJSMfX9g
DA:354,0,dehk608Aoklb22LFQacasw
DA:355,0,dxjqcciRtJAARKNEbWYvlQ
DA:357,0,vq11F8N4yar0zsNU88HWAA
DA:360,0,9FJLKAEhgkHDOv43CaJNRQ
DA:366,0,bqB3Azki58OxZpT1tV5o/A
DA:368,0,U9CAK1eazAAgmGkOUB8AZQ
DA:369,0,ExcrgT0khu4AcofIp1R5yg
DA:370,0,IkWHp6XmJryg2RhOgHKSww
DA:371,0,gCTI1u+dkS6bbuKfSv5IoA
DA:372,0,eox6V7q/fmuAacHLum+iVA
DA:373,0,8H8Yrl/OSfPh08OPfQfvjw
DA:376,0,kpc23I8koLLXA0vFfQmkig
DA:377,0,W0sBH6pSGcXPW7I3QNyZ/w
DA:379,0,S6poPFVRjtjaJAsVdecGYg
DA:380,0,HfpK2aAez9WYGKJqemSjUQ
DA:381,0,6zo0TUZ/vp9bnAwHQ9g3sw
DA:383,0,z9iodO0b5uUYuRTD3RAIGA
DA:386,0,K5WIeUMENmtGF8+f9+IdjQ
DA:392,0,otBuk6mf5M5vbB5hjQ2BNA
DA:395,0,J55oOzk12JtvTpTZiuW2/w
DA:401,0,q/SmXjbJFBs9cyQv7vCB6Q
DA:402,0,gBFABXNl7L/PKShr/qRjcQ
DA:405,0,xMzZU1UMWeRPBcK7L0R+Hw
DA:406,0,oMjFV6ZKX0E35cEkPh4T2A
DA:408,0,olG/ny1JYhUM/M8YA9/SWg
DA:409,0,3oIqf07TpndICb977hA4Jg
DA:410,0,lOVHxHlbX2nHMszeqnT0YA
DA:418,0,lOVHxHlbX2nHMszeqnT0YA
DA:423,0,9ls/Dc8EFCOIdGVaUaezYA
DA:426,0,d+ML0fq5jW5C+RcUpyIMmA
DA:427,0,3PTIh27A6BjeyKYYBiqHbA
DA:428,0,PvjGEiw9kwl7NOPTJKWEcQ
DA:430,0,BWXYSbN9+X901IaaKOaUrw
LF:236
LH:0
BRDA:26,0,0,-
BRDA:29,0,1,-
BRDA:69,1,0,-
BRDA:75,1,1,-
BRDA:99,2,0,-
BRDA:103,2,1,-
BRDA:112,3,0,-
BRDA:118,3,1,-
BRDA:144,4,0,-
BRDA:145,4,1,-
BRDA:156,5,0,-
BRDA:157,5,1,-
BRDA:171,6,0,-
BRDA:172,6,1,-
BRDA:173,7,0,-
BRDA:175,7,1,-
BRDA:192,8,0,-
BRDA:207,8,1,-
BRDA:196,9,0,-
BRDA:204,9,1,-
BRDA:198,10,0,-
BRDA:204,10,1,-
BRDA:192,11,0,-
BRDA:205,11,1,-
BRDA:221,12,0,-
BRDA:223,12,1,-
BRDA:230,13,0,-
BRDA:244,13,1,-
BRDA:254,14,0,-
BRDA:256,14,1,-
BRDA:271,15,0,-
BRDA:274,15,1,-
BRDA:296,16,0,-
BRDA:299,16,1,-
BRDA:0,17,0,-
BRDA:0,17,1,-
BRDA:304,18,0,-
BRDA:310,18,1,-
BRDA:305,19,0,-
BRDA:308,19,1,-
BRDA:428,20,0,-
BRDA:430,20,1,-
BRF:42
BRH:0
end_of_record
TN:
SF:management/__init__.py
DA:1,0,7qyEQ6RddKiipSGbK8K7nQ
DA:2,0,2Ayr2KzfmRyKfaTDnqdTJw
DA:4,0,DhPIUa2lW1UYUAUcU/ggkQ
DA:5,0,RLWAUrNDHm8X/sIdPN2EBA
DA:8,0,gMqanpxXLw1GSN2xaNgoBQ
DA:9,0,+Xmf+ogT3R/Y7tWAdhs34g
DA:10,0,oMjFV6ZKX0E35cEkPh4T2A
DA:11,0,pbmSnVS8TEDj0RwUD+LEdA
DA:12,0,Sw+J5TaTo8ek+FC+rL9Ipg
LF:9
LH:0
BRF:0
BRH:0
end_of_record
TN:
SF:management/run.py
DA:1,0,V2KLEJ4kUgboTuhTJZUg6w
DA:2,0,7Z9Lj4ed27Wf2hBX6jooEA
DA:3,0,Q7C25mPkZG6RO80V7lOLKQ
DA:4,0,Ux3Z6ya1JDJT008OmoVf0w
DA:5,0,XRh5gz49gzin2tgbGaB31w
DA:6,0,mUDsnWRiqW9R9nTILGKIZg
DA:8,0,5/lzUUOU5rU3JWL+BpLYqg
DA:10,0,a+8UKe4xIgncfGBlGjm0aA
DA:13,0,ibaeIpva2L88Tnm20KeysQ
DA:19,0,RTTTdNibaa+74X1EoREFtA
DA:40,0,676rm2s2wVirs45gdSc/5w
DA:41,0,OyfFkQbkCA5LMfkfaPlDwA
DA:42,0,ZI8LL+zzcOYZeAG0UyDrSQ
DA:43,0,emK9UVmCLh9mk3Bd3EV0zA
DA:45,0,TMu3V6IDXgK8WEplOMBnHQ
LF:15
LH:0
BRDA:43,0,0,-
BRDA:45,0,1,-
BRF:2
BRH:0
end_of_record
TN:
SF:management/sources.py
DA:1,0,UK6mfWrMcVFUe5fumx/PbA
DA:2,0,GusTQ8rnslKGIeoIX1fGdQ
DA:4,0,qS+ql42lbnyfBhvAajuSdw
DA:5,0,Lfsb9XUgCQvmaD0nTniOGg
DA:6,0,WkKOvjGyMB4Hw2/OM9/pCw
DA:7,0,pBoME1iNxnNs1mb8gMYC3A
DA:10,0,cMmGap+TQ58Jplc5oiR3XQ
DA:15,0,3OAkuCwzvOzxeDFB6o/dzQ
DA:16,0,L0wwAr3Xq9rmFzk02kiFdQ
DA:18,0,MHl5BZotTyt6Xo1fd/BWIw
DA:19,0,xjcDBnSwra0OiNOAYAwoHA
DA:20,0,+06GwHk17yJ3FHwph/s7nw
DA:21,0,KjO01ShfTYJD/uw2wxeu6A
DA:22,0,B+ZJQ8zBxPMiDZhsnR0Fag
DA:23,0,GimSBuf9WJE0oskGw59IVw
DA:25,0,iD1G+2HUs5T2qzOFnmzFNQ
DA:26,0,k4X1wQdtcPcgreEfH+HcOQ
DA:29,0,9d7rUEZjSPmpn4FbQ6Pmiw
DA:33,0,a1BRae3SvI+Rtpmfua1oqA
DA:34,0,Kifp9+fUlytHiLtgHYXtuw
DA:42,0,w53vVK9TOlwzz04SlH8wnQ
DA:46,0,NGzoEs/dufLCuG+FbDd2RQ
DA:47,0,UCm3b2HPOXUK19XycIBYDg
DA:48,0,xvWIcpcyNr0gyGcTkdMxXw
DA:49,0,ztLcru+ZauXl1JlCZowQKw
DA:50,0,M1woIFFYepULZmbMCFH9/A
DA:51,0,wFVS4lFR9Ll7hYIqB2PZCg
DA:52,0,v8S6sf0jAZpvUbi+SVMA+g
DA:53,0,9mS8iH0hICItoc2FR+OeLA
LF:29
LH:0
BRDA:19,0,0,-
BRDA:25,0,1,-
BRDA:0,1,0,-
BRDA:47,1,1,-
BRF:4
BRH:0
end_of_record
TN:
SF:management/submissions.py
DA:1,0,UK6mfWrMcVFUe5fumx/PbA
DA:2,0,L/jqrDHxbfUd/SDMFGHfTA
DA:3,0,7Z9Lj4ed27Wf2hBX6jooEA
DA:4,0,mUDsnWRiqW9R9nTILGKIZg
DA:5,0,4KXOIu0EzlFAqlH6QJ+whA
DA:6,0,hqk+bBc+o0WUUtOTB9OOBA
DA:7,0,B8a+GdBqjsfwdB6ORSEt7w
DA:9,0,qS+ql42lbnyfBhvAajuSdw
DA:10,0,R8sid2af083MPouv3bzC0w
DA:11,0,WkKOvjGyMB4Hw2/OM9/pCw
DA:12,0,uSFoBPpTuJsgkAlxzbnxeg
DA:13,0,S724d/O3GMY1ljvjoRCYwA
DA:16,0,JxegLR6dk0ZSngnHtdiAxQ
DA:20,0,/F+LKpceoSMjnRscqyHViQ
DA:22,0,OCoAkYTGwyPTVSOiazulPA
DA:23,0,PEaKcRhqy73eSz7MP5ZP1A
DA:24,0,HXv79Qmcde3B+B7GcpEssQ
DA:25,0,qz/L0X3/upSKy4cN5iPl4A
DA:27,0,NWSe183Lr/P5CYCGCnVXXw
DA:30,0,KA9ezI7pidqbPO0kc+9ryg
DA:34,0,a1BRae3SvI+Rtpmfua1oqA
DA:35,0,nhTCBeIfiS/bOF7cuAcc4g
DA:36,0,qFskW6aM/Lu1TChyyl+gqA
DA:37,0,EOoSpHVggUagTZA3Y4uHMA
DA:42,0,CaZE8hyeyGlPIHFEBeA/cQ
DA:45,0,t90bdX0L/2pA4RnnTJbTvg
DA:49,0,a1BRae3SvI+Rtpmfua1oqA
DA:50,0,Z4MdoJLpbP3puqfebqqWsw
DA:51,0,doky/X75f81KTxmYIKqIvA
DA:52,0,EOoSpHVggUagTZA3Y4uHMA
DA:56,0,a49z3SQftTwXIdvmXbnw4g
DA:57,0,0mi855w/F/dJuO6kDnDwfw
DA:60,0,SKAsw0T83m6KaPr1hNhzHw
DA:64,0,a1BRae3SvI+Rtpmfua1oqA
DA:65,0,Z4MdoJLpbP3puqfebqqWsw
DA:66,0,9Jgo3dmU2M92VRMFJEghIg
DA:68,0,9N+pNaZncMpsJoYjBPWocw
DA:69,0,oZzxryTFlbVaWG0QcgpWlA
DA:70,0,H28gNr6ioSZ/yHzTQlMIKg
DA:71,0,EngGjalNengFiZ+RCVXibw
DA:72,0,I8Il2w70CjKjOB5zYcnNlw
DA:73,0,j/pjHpiJYO6WXsSLTUcbwA
DA:76,0,uRRQ4DH8ixMn/naU7RsuPg
DA:78,0,T//Eg8jetJ3QsJINxGdF4g
DA:81,0,ZA+78/bCT3lFfy5Er1THdw
DA:85,0,zlHRlO88755iTDE7/Wkiqw
DA:86,0,gam/hq/TArFR8RaUbzcBAw
DA:88,0,BemGucNhD8yP9A+U4KirVg
DA:89,0,OIKtnxmlFm0ViCY2wpBeCQ
DA:91,0,OCoAkYTGwyPTVSOiazulPA
DA:92,0,PEaKcRhqy73eSz7MP5ZP1A
DA:93,0,HXv79Qmcde3B+B7GcpEssQ
DA:94,0,qz/L0X3/upSKy4cN5iPl4A
DA:96,0,zZt6AW+lGlwQOkadSdpXSA
DA:97,0,aw971ioU3zHHTC7EWz631g
DA:98,0,16Rz/V+e3PEMsj5UmTM/Xw
DA:99,0,SSvfOjhN0rId5/Fihiiveg
DA:100,0,4s4cCYS9ZU/VNT5tVG75lA
DA:102,0,PIzBRDVZBg7464IlmgHaiw
DA:105,0,eLdGaNecM40VTEBCMTQ2sw
DA:109,0,a1BRae3SvI+Rtpmfua1oqA
DA:110,0,NJqaudwhIRJyp6KEvFF2Jw
DA:111,0,qFskW6aM/Lu1TChyyl+gqA
DA:112,0,EOoSpHVggUagTZA3Y4uHMA
DA:117,0,sz2JdbhcOLOUvwsLOG1Z3w
DA:120,0,YOX5TlXrpmlxBlfx1Z1TCg
DA:124,0,a1BRae3SvI+Rtpmfua1oqA
DA:125,0,JTxyBn+780LnZEk5F6CwaA
DA:126,0,fGwSdd/SRSz4qZX3AM3djw
DA:127,0,EOoSpHVggUagTZA3Y4uHMA
DA:131,0,6ibkmOXpig0j5NVCDla/0w
DA:132,0,HuljG7nUtjuxvnKX44AFNw
DA:135,0,AqZcrqGzeAi4gXjRIlMWog
DA:139,0,a1BRae3SvI+Rtpmfua1oqA
DA:140,0,JTxyBn+780LnZEk5F6CwaA
DA:141,0,8QjwXSLPsJR9i2KLnUc0/g
DA:142,0,sCcZixkeY6N1w0waHczmlw
DA:143,0,Ol0Z0w4Xhdl/4HbjsV8rhA
DA:144,0,aDJqLRuV/hcXGUsjo44JRg
DA:145,0,/KVWGOtyD0Ae3r9AcRK3CA
DA:146,0,iGszq5EuAViNi913WPXkCg
DA:147,0,7J+wnq4ta8UtxQLEGu7jvw
DA:148,0,uZVxLXqcIamkJq8Cx1zWoQ
DA:149,0,kWIx8qGGb0hcF0JpxTfqpg
DA:150,0,fy97JOO+SUZNRssEj6wCpQ
DA:151,0,BTkGXoK4lYz1Gu6dm5Da5Q
DA:152,0,dj/Yu4Bc7JpAVrN1ZnZhPQ
DA:153,0,oURN0kI5Zp9p+OWcdkTUXA
DA:154,0,Y8VjZEbETXdxxyzwJDnDkQ
DA:155,0,/Hspjjr3Gx3s/+C8H80yqQ
DA:156,0,S00uOmSbQbvjIpO2M7N8WA
DA:157,0,e7KKWyrajXQfc6Lg55JUXQ
DA:158,0,nQpxcuUvDq+hl0HIMJX5Ww
DA:159,0,AKpFV6U9fnQly77vurO2cA
DA:160,0,K8NocTdH3MaWR5M3oymhtA
DA:161,0,WaFQqq4gOHtKinYyWIdTKA
DA:162,0,lWGc9BotIyy/qFI+21uK9g
DA:167,0,Bb7ot+usiv/xOOWDdyFM6Q
DA:170,0,/DKBf4rF2DSj/eDYtBCIyw
DA:173,0,wQKguTk//EecdIiyV/1+bA
DA:174,0,WjQ764mxVTxZ4ZgJYE3P1Q
DA:180,0,0QHJYkoU8l6rz3sBy5rAdg
DA:181,0,sX9iGkaNba9P6M6pZjeltA
DA:184,0,KVIleTRbOHxElFTYVDrCxA
DA:185,0,pFxWg7mH8LZR1hMBH0L6Hg
[...]
DA:179,1,LynAsMou9Yoqo7UiAzWcMA
DA:180,1,tYVQEh8lUMYmSN46IoXVDw
DA:182,1,Nnqu9X+lU2lagW39QNhFWA
DA:183,1,SLPTKIZHSVYB9IcbSOYVqw
DA:185,1,LDcJudcW44GVmK6Fo28vXQ
DA:186,1,m8MIHNNgEvinUWUn2ubk4w
DA:187,1,keEGNzFtuJCfmo+6Ni6/8w
DA:194,1,Omf5bSueFa++tQR54HKfOQ
DA:197,1,kE69GS+eO8T84FupPFU3iQ
DA:200,1,7ShT+VEsp9CuGDB3b7GEww
DA:201,1,z+TkAyXaCUIZIInbEYSJRQ
DA:202,1,02FU1VC1tybEczoAmsb0yg
DA:205,1,6KtL0QLrEHcYbST7+fC8fA
DA:207,1,ZBLuic//Vfbyy1sB8bTxtA
DA:208,1,mb1wTsmovcLUmdCQOpxbpA
DA:209,1,cosTmNLTSvlPbo6bc6hHeg
DA:212,1,JMB4hv5OFNkpgwHmpk0sOA
DA:214,1,s6B7reYJ09LE0VJM2rUwSA
DA:215,1,p0FeA2Vj+m2AJr8mHqUXiw
DA:216,1,YfFw2C7ehzksCZTDycPCIw
DA:219,1,9Y03ujMlFzAMbjOAQFs5rw
DA:220,1,ZpW3cIsJgZWikecV4/Mw0g
DA:222,1,WMwWE9EXoIkW3LfcpKqBMA
DA:223,1,Sy6QAAPyDBxm845Na/S8cg
DA:224,1,j/xshV2WeEwkirqKzAmV2A
DA:225,1,ie+LeYzywdnjAhDmF7bacA
DA:227,1,Nnqu9X+lU2lagW39QNhFWA
DA:228,1,5kIV/XFyIYzNM2ym7ls9tA
DA:230,1,golL52cHu3Ce8oGpE0GNRQ
DA:231,1,m8MIHNNgEvinUWUn2ubk4w
DA:234,1,gdLSP5AQwac3UG/e9JxmVA
DA:235,1,nIOS3DFHBdlofK3jxmgdNg
DA:238,1,JDgTtr2O5nEpU2Hurn8IIw
DA:240,1,NsINvlw4lHnO1/92K/2RsQ
DA:18,0,u8XGaojcP1ad4zV9e0vBow
DA:19,0,SyD83isU+kqbM7gWMP5gSQ
DA:102,0,GFsMVEH6X1yhQu7UiXU5fg
DA:146,0,BsGIz+fcfKDJ3CFwAEdW/w
DA:206,0,3Jgh6AzJ8DznKi+ndMuu+g
DA:210,0,XQkgWXhh9iWaW/38OVd2CA
DA:213,0,OS30VeznZWFsQMP0Z6N3Yw
DA:217,0,ZqNka58qILtbtDPlKgjB1A
LF:118
LH:110
BRDA:18,0,0,-
BRDA:22,0,1,1
BRDA:54,1,0,1
BRDA:56,1,1,1
BRDA:100,2,0,-
BRDA:86,2,1,1
BRDA:84,3,0,-
BRDA:97,3,1,1
BRDA:102,4,0,-
BRDA:105,4,1,1
BRDA:146,5,0,-
BRDA:148,5,1,1
BRDA:186,6,0,1
BRDA:194,6,1,1
BRDA:206,7,0,-
BRDA:207,7,1,1
BRDA:210,8,0,-
BRDA:212,8,1,1
BRDA:213,9,0,-
BRDA:214,9,1,1
BRDA:217,10,0,-
BRDA:219,10,1,1
BRDA:231,11,0,1
BRDA:240,11,1,1
BRF:24
BRH:15
end_of_record
TN:
SF:specialstrings.py
DA:2,0,vJ731exawqf6T3TkC2yw/Q
LF:1
LH:0
BRF:0
BRH:0
end_of_record
TN:
SF:startup.py
DA:1,1,mUDsnWRiqW9R9nTILGKIZg
DA:2,1,jEc91tz0B1b2beSYnS+UDQ
DA:4,1,q//3HshEV8OPkGu5VGUM8w
DA:5,1,nlSgUSS21z9W+mBVtDjt8g
DA:7,1,PSGnA4c3Ov14SKFbld3whw
DA:10,1,hnRiXEYHWngBdmM0ccc9cQ
DA:12,1,OjE2AZuoMMRNNjdC8WhK0g
DA:14,1,B/Fo9U4/nMeRNS1JjGZVyQ
DA:15,1,2Zbe6C6dJjw73nbYVqICiw
DA:22,1,B/Fo9U4/nMeRNS1JjGZVyQ
DA:23,1,KPY/96QSgzdLdh7RZOoeVw
DA:30,1,LWILTcvARcydjFFyo9qM0A
DA:16,0,vy6CgW37KXB6tZmtM5IONw
DA:17,0,TyOQSi6rttdrgWuy/pJy4A
DA:18,0,csmfVseN1I/KJfz9aYBx3g
DA:19,0,tL0vNxlpwJV5WonKYLBwJg
DA:20,0,W/g8GJDAYJkSSurt59Mzfw
DA:24,0,z9Hexqz3yk62wgKHY6ognA
DA:25,0,TyOQSi6rttdrgWuy/pJy4A
DA:26,0,TRRAt1eQg5uUjif9aV8o9A
DA:27,0,DQ1h/0AGVAMu7k1dKVYLzQ
DA:28,0,W/g8GJDAYJkSSurt59Mzfw
LF:22
LH:12
BRDA:18,0,0,-
BRDA:20,0,1,-
BRDA:26,1,0,-
BRDA:28,1,1,-
BRF:4
BRH:0
end_of_record
TN:
SF:store.py
DA:1,1,dH7CYb6admOR9+doyKrX9w
DA:2,1,aO3RXXtFML/AWBvTPGUrVg
DA:3,1,7Z9Lj4ed27Wf2hBX6jooEA
DA:4,1,p7hNY1S5rX9QtYADf+cK4g
DA:5,1,5hwPtyw5fWMOX90GeC1WXw
DA:6,1,zVIrvo60kTiMN8IFGNmBDQ
DA:7,1,ujGT9gMlmbZC/v5MQ8MxFw
DA:8,1,LI/UZcTiTirmY83A5Kroug
DA:9,1,6vWAvNsegNqafFN4IKLrhg
DA:10,1,8w59vZ6bVwiYOXD2LQWVsA
DA:11,1,xE3qAiZiLuWlnDeWcJUlmg
DA:13,1,qaWY1rDLNqNv3TyCcduIXg
DA:14,1,q//3HshEV8OPkGu5VGUM8w
DA:15,1,6kEUakwupTYpb8VkTALfBA
DA:16,1,HgtkG/SKoirhwiHwd3z/yg
DA:17,1,RLWAUrNDHm8X/sIdPN2EBA
DA:18,1,yadhOO8mG3PMlY0MHEtHeA
DA:19,1,G7rB5PRykU6zCGOlXniZGA
DA:20,1,XJ1FYz82BmM/ZUZttPV8+w
DA:21,1,QGitjUMpeTQV97ilUJlIow
DA:22,1,3A7D+MA3exIkPkh6pgzl0A
DA:24,1,7n0/29BCagrZyzLnxbtZEQ
DA:28,1,6RLMLwKII6FlbhAG/zc03g
DA:31,1,dQUqVr2YAAoQPQ3s4GKRCg
DA:36,1,mixkrDlH1nCqff/V299oeg
DA:37,1,7IEvC7e6RRHXV7z9uc7HSA
DA:42,1,NQAMVzx/rqInzh02AZXDeg
DA:43,1,7++VhZVmJurltUv0kgJr6g
DA:50,1,CMTBI4eD2ewGQ4VeX5uvpQ
DA:51,1,xOYboPDUySoAeflOqLGbpw
DA:57,1,szc0gsWIoV7XiTFvA7WC4A
DA:58,1,Z2CN3BgA73g9IgQ6Xe92NQ
DA:63,1,wvO/iOVXU22JpiXwEFAn0Q
DA:76,1,uWdJCf6iG+pYGkqeDPmcUQ
DA:77,1,YwnbAFQkA66XHWZ16/pmwg
DA:79,1,iMHnl+af2L7grk/pRQ9G5g
DA:82,1,1nJ1e76gBaFgEKpyQeQ9Yg
DA:83,1,aoEHtfR678EvJWLMaTPdFw
DA:84,1,p4RgfypR7ftVlsuRhxQohA
DA:86,1,S1bERoFtmBEX5ARtr8oDPQ
DA:88,1,71shkNmp145hG62KOOHuHg
DA:90,1,z61/T4omXqg43iKox2vu8A
DA:93,1,6JyY9BIgzPbHqVYX73OhHA
DA:94,1,EiXRC42uoz9iVPLaaYnHIg
DA:97,1,D9jr8Qkh9nRuLI17bYVvvA
DA:100,1,Nnqu9X+lU2lagW39QNhFWA
DA:101,1,QlrNyjUQOQQO9ONU4IPmMw
DA:109,1,HmADa1g/W1C2Vo9Wm4sNNA
DA:110,1,mz0tulIcHyDxWC6Wpc4XZA
DA:111,1,jBsg8I0ZfkoCqY5E5dZa/w
DA:113,1,HmADa1g/W1C2Vo9Wm4sNNA
DA:114,1,BPo7znbG6wb8uTlW/V46lQ
DA:117,1,ILVn5a+NOagyM1EvrmJeOQ
DA:124,1,K6nEThWDUpV7cwwPMyCimg
DA:128,1,8Aqb/shWUN5P0XR8m2FcRQ
DA:129,1,Ce4fC2h0yp5olona69yVGw
DA:131,1,R/Fvv7bkFR9NAA7AygOY0g
DA:136,1,4sTA9z5ECKIDnC8oS62Q5A
DA:138,1,/SobGMjLQGak6+TkOYLvqA
DA:139,1,n05AfdIFALNK7eRaTWeHow
DA:142,1,7jxlyt593DmGGAflEbUARA
DA:143,1,n05AfdIFALNK7eRaTWeHow
DA:145,1,edmsgQryRGdQso0oHWVy0g
DA:146,1,n05AfdIFALNK7eRaTWeHow
DA:150,1,k2i3Mb4XEP+efhbd0bP5Ig
DA:156,1,oTMUUdJXaJisUi/V2aSGmg
DA:157,1,JtAiSgUxsj4mDNVUrIq2ww
DA:158,1,I/4goaNH/GXCIeiUafljDA
DA:163,1,P/SZVFZY3aFQ6bOrE5vZSw
DA:165,1,Ww9cE/wQw9kOjiAhHcCiqA
DA:188,1,OpSCONpGMpgthCReIxVq0Q
DA:232,1,7SNs6uSJzXC78gFmcEnPnw
DA:246,1,Em5/o1GeLQ05KVdjDqt4fg
DA:249,1,icYimgVJjzGE794ZZAzgjg
DA:252,1,2A7PUwkeT2/2rMqTYuKGsg
DA:253,1,y/Z9uHc/YA0luB34+J9h3w
DA:254,1,yVXtAkqDL2s2tL9KiPj1Hg
DA:255,1,UzxewaUDAScG32GkV2IU8A
DA:257,1,yCsdRQgDL9XZjiDd1CVY+Q
DA:297,1,0J/ZMGH7qg/IuKHcBlsrhw
DA:305,1,lXcz/3tb+c/ViycIkQiJyg
DA:306,1,dIN1Qtr1NCX76Np8OGzLWA
DA:323,1,tU+TxmEhTr7ilyxfaq23Yw
DA:324,1,6Bq0JYwmTjlmuCKBQdkD6A
DA:325,1,bW6J6VeknWW5T6TwjCtV1A
DA:326,1,WG9wqofEfIyUdZdSraDRJQ
DA:330,1,oh3l1ptJaeo0SsYBNgeW5g
DA:331,1,+ueRdI+HprbTMTcM3hoeXA
DA:332,1,oaMxUZ0mXWQhjLihPsuPYg
DA:333,1,HXTHf9NAn7qgYZwqy2U/Wg
DA:335,1,4WYIR7g6aJrAMB5E832Yug
DA:340,1,yuRWJGmZRKGhXh6OIbBI7A
DA:342,1,KASAVMIiIProvD56AZDpuw
DA:356,1,d84xz+MiXuldtQ9fkz7L2w
DA:359,1,wm9qvdJW9DdXSl0Bal7hRA
DA:360,1,t6zl4kjaX4OMZhLxS8SCcA
DA:361,1,fTKSFpIF+x2+kCZcGRysTQ
DA:365,1,jpaET2hifra1c7f1k4Go8g
DA:368,1,S9FqVkRL3tf1R2aZB8I+rw
DA:369,1,oMjFV6ZKX0E35cEkPh4T2A
DA:370,1,/LuX9i9j6nnzc4jmS2qx7w
DA:379,1,3kr685FpZeH+QYFprg77jQ
DA:390,1,M39jwdwSfetUf4dVZsPFmQ
DA:26,0,723QGUV//YFnf7U+NUl/DA
DA:78,0,r2yy+/7OGMN8Z8FijjA6Ow
DA:85,0,E4o4pxZxpCqMrTXhjeZBxA
DA:89,0,o1nV1LU5MUHU2HvW3ghnjQ
DA:98,0,oYIFXFFWSALR2DcJcPuTpA
DA:103,0,8RngAtS4KFsv/emewS+qIQ
DA:104,0,m8MIHNNgEvinUWUn2ubk4w
DA:105,0,HoASTww5JM2G75liBAnj2Q
DA:107,0,UisBHZcfUuzMIjSPUu0Aog
DA:115,0,ShJjUuR09kLokZHwBKZXgw
DA:121,0,/8qMe/aiYkOeuKCYNPQ+Pg
DA:122,0,ARKFLMzOCej+OELksKHibQ
DA:148,0,7hhj+OS7bfztDkt3lVWurg
DA:159,0,qppLQyPpIUuyQnA3RNIbWQ
DA:171,0,I+dqkxUg5wPVSPkrbzNtiw
DA:172,0,fy4hqokoZ4Bp5wzf0slP4w
DA:173,0,mjD+xMvAPBLd9BJh7nhEQw
DA:174,0,7yPsf3mz2QO1WKRVeUsR7w
DA:175,0,4FVzZY0GXhkQCMVwAp1AaQ
DA:177,0,J5+blK4EJM8wm9nXwfAW6g
DA:178,0,dEv0q/zaiRuGC7KkG1AGnA
DA:179,0,U/+gBZ27vk0P3YH5I34fnA
DA:180,0,grh5v4k3bva5H3FCWRf/xw
DA:182,0,i+66DS/N7y88fGvLFsNjeg
DA:184,0,I/4goaNH/GXCIeiUafljDA
DA:185,0,2DxocDab6KFF7SzdIVKDUQ
DA:186,0,P/SZVFZY3aFQ6bOrE5vZSw
DA:192,0,dFOull0UK7C8jBTRXukJ5Q
DA:195,0,MwSMwgIrnxmNYNUWKzJPDA
DA:198,0,uz5PlhLd9SQ/L7Ys4uOjvw
DA:200,0,3j3Fx4kHkK7TOPlPeDVmAg
DA:201,0,s+p5mdMfvksnWpRqNQgikg
DA:202,0,6l9AF99AsmZa0Y79qPoeSQ
DA:203,0,ayaGqTSVYV7mLJIPVgg2hQ
DA:206,0,mQuQyh8mBzbAZy9PsnACvg
DA:207,0,HJQWl+GL+VoY21+6qHZwnQ
DA:209,0,7FlYo0GHvwplSroUNose6w
DA:210,0,+QY9aaGpzUaoqkubpASJ3A
DA:211,0,jHvY9WS7oDKW7Wdi9UicBg
DA:212,0,25kn/1/ihAUAjFPdBT2sJQ
DA:214,0,kEec8zt8s6p1jEtPKmKv4w
DA:215,0,g9MEmGz1AFxrw/oN5tbfUg
DA:224,0,6Rl5/ofRyTONFWO1t9/mbg
DA:225,0,TvH9yl32hbPFNjTauFw3kg
DA:227,0,JdHEGgXNz5PNTDWmfBesGg
DA:228,0,VlykqAgIfS0oX7+bFuFdZA
DA:230,0,eEN6ofmuk2JmDPtcPpO6SQ
DA:247,0,nl9stXefQjL+bt+DiztbjA
DA:250,0,swS18navdgPRriWXqDyy/w
DA:258,0,gUxFsCXFJjID+wZVAIr/eQ
DA:259,0,rcAL4w1odGgkrioUuu+zvg
DA:260,0,EHYr/BoI6Wu/e9Pq8IZJoA
DA:261,0,bmr8DYi0sepAcZ4TOwwaZA
DA:262,0,Am3AuVfeiUUDnUHa0k/gVA
DA:263,0,9zSuaeN/zm0LnpEBnIywtg
DA:264,0,i+UitJkE9wEkrIqHoh/C4Q
DA:265,0,vJU/TPghL6T2cG3LREk5Ng
DA:266,0,Hp6uOz6onZuvGqCOJ99ocw
DA:267,0,JbaNEeg7O1qgWeGF7JheXw
DA:268,0,RLj1jt2K1v57HjgVtIcuLQ
DA:277,0,p7/ybVOQuByEqQ5TJF1EVg
DA:278,0,nTJn7mEkLKGXvqV6RpoUHA
DA:279,0,eqbXBPv2ES+sqKXPKY+Ruw
DA:280,0,+wy4g0XYgvccVN4S8uH2DQ
DA:281,0,kIK5Dw+je1luIiua7ESEYQ
DA:283,0,8YbiiIKJyPvmpuUgoqoJrA
DA:284,0,YhAxFhY9s48Q/bGjK8V84g
DA:285,0,WINicwiOizc62DwyvjOljg
DA:286,0,BLrCxez0Fng4LaTzsHgrdw
DA:287,0,THnIWd3s+Oi8eZ10m9ObMA
DA:288,0,Q1QX79yAuZvUAPTy/plNOQ
DA:290,0,o7FzVK5wNAAwxBKgG7ts5A
DA:291,0,qcmmOm9Z2ehUy8YJrfLBVQ
DA:292,0,xsDPgtATPH9uJZJRNlfikw
DA:293,0,bdNqHjN4OEpTiuvzKbczww
DA:294,0,h5iHjweHOCq/9gB8bYR5VQ
DA:295,0,k0sCBCkSrH5JEgafQUb+LQ
DA:308,0,tSlPNR/pq72G3TPejRs1EQ
DA:345,0,uiPYVTtB4hKMvJ6+fiFUnQ
DA:346,0,tvEObgRr1uJv5RIGGtXLnA
DA:348,0,j9762Nh1zyPfmmh1ATXPcA
DA:349,0,6Bq0JYwmTjlmuCKBQdkD6A
DA:351,0,Nmmb3IPIJ73FmFXUciVJRQ
DA:352,0,1CXb6qllBKvrHugPIPvGrQ
DA:354,0,1SiaYZFB9Lw0ifXSWXfzBg
DA:383,0,vFo6Mdg3tR0eOT3sxajpew
DA:384,0,2SphnCIHzs+GRIDf0QuXfA
DA:385,0,jp1kNQyHRLtvrnstwkmM1w
DA:387,0,/JPrksBMxfnCOg7F0Xnhww
DA:393,0,xpIdjw1v0kQlG+/hbgWB0A
DA:394,0,SgzfbxMsVJAHPjLnbXdpuw
DA:396,0,T/MYedDrFMhe2k/SZr2aQQ
DA:397,0,/ps99EMcY9j6weQIm0nh9Q
DA:398,0,pOJwuGdEbe7GLbMcySd1QA
DA:399,0,/7lAPVOr+HrZwJVq6qNAxg
DA:401,0,85INCl/JZ0UQpNCbyICXow
DA:402,0,fXdXDc12XmOnG1TCWeRjgw
DA:403,0,QivBLumEBpPnwi9n8yCinQ
DA:405,0,qG4zJH1T7Fa3+E6NHpHyuA
DA:406,0,V0iNqUFu9u/sUdBgr5pdhQ
LF:199
LH:99
BRDA:26,0,0,-
BRDA:28,0,1,1
BRDA:78,1,0,-
BRDA:79,1,1,1
BRDA:85,2,0,-
BRDA:86,2,1,1
BRDA:89,3,0,-
BRDA:90,3,1,1
BRDA:98,4,0,-
BRDA:0,4,1,1
BRDA:104,5,0,-
BRDA:107,5,1,-
BRDA:148,6,0,-
BRDA:138,6,1,1
BRDA:139,7,0,1
BRDA:142,7,1,1
BRDA:143,8,0,1
BRDA:145,8,1,1
BRDA:148,9,0,-
BRDA:146,9,1,1
BRDA:159,10,0,-
BRDA:163,10,1,1
BRDA:173,11,0,-
BRDA:177,11,1,-
BRDA:172,12,0,-
BRDA:174,12,1,-
BRDA:173,13,0,-
BRDA:175,13,1,-
BRDA:178,14,0,-
BRDA:179,14,1,-
BRDA:180,15,0,-
BRDA:182,15,1,-
BRDA:185,16,0,-
BRDA:186,16,1,-
BRDA:0,17,0,-
BRDA:198,17,1,-
BRDA:202,18,0,-
BRDA:227,18,1,-
BRDA:0,19,0,-
BRDA:206,19,1,-
BRDA:201,20,0,-
BRDA:207,20,1,-
BRDA:210,21,0,-
BRDA:224,21,1,-
BRDA:212,22,0,-
BRDA:214,22,1,-
BRDA:228,23,0,-
BRDA:230,23,1,-
BRDA:247,24,0,-
BRDA:249,24,1,1
BRDA:250,25,0,-
BRDA:252,25,1,1
BRDA:262,26,0,-
BRDA:283,26,1,-
BRDA:263,27,0,-
BRDA:266,27,1,-
BRDA:262,28,0,-
BRDA:265,28,1,-
BRDA:261,29,0,-
BRDA:267,29,1,-
BRDA:277,30,0,-
BRDA:280,30,1,-
BRDA:266,31,0,-
BRDA:281,31,1,-
BRDA:286,32,0,-
BRDA:290,32,1,-
BRDA:0,33,0,-
BRDA:293,33,1,-
BRDA:308,34,0,-
BRDA:306,34,1,1
BRDA:332,35,0,1
BRDA:333,35,1,1
BRDA:346,36,0,-
BRDA:348,36,1,-
BRDA:398,37,0,-
BRDA:399,37,1,-
BRF:76
BRH:17
end_of_record
TN:
SF:template_filters.py
DA:1,1,/6BCF/ROSidz51ZAydY62A
DA:2,1,WpEjgxacqgxANZhpobgHYQ
DA:4,1,HdMP/6Q84dT6eihrk8mwjg
DA:5,1,HLHu2D3IVy8JDQQ0olA+mw
DA:6,1,W1maKDgbYeehcyZ43awTDA
DA:7,1,TQl3yQ61aiQK5S81b3ymIw
DA:8,1,XWQ46pch7vx5RKt251rZaw
DA:11,1,4N2lZcM0OxsrM0UztyFSHw
DA:13,1,exLrm3S2lN1c56m7KcnvUQ
DA:14,1,SXKK3R991dhO+BURBp1e3A
DA:15,1,6GIqAHzh2z3tK1WE4IwvWw
DA:17,1,QyX+fTe7X/2VJFNgfS3G9Q
DA:20,1,eb+Ugj5VKLCA7OuoYebj0g
DA:21,1,AZPncVdIxo94J2nQAORF8A
DA:22,1,u6yUi1C6FvimnOHcEnkspw
DA:23,1,oJnZ1J6ePthxTP7sGGFmwg
DA:24,1,WHG9XARMh1SzngTaqdvnQQ
DA:25,1,ckTE7OQ0Pia+rzcy0mW8Xg
DA:28,1,MxaiR/tXnocxqIWZuyZpUw
DA:51,1,H/cjYgdy5Al+N0DLvQeYBw
DA:53,1,58Xola9uUX+saX643nO9GQ
DA:29,0,JqeSJYbS6LbC9o0RlW/U8A
DA:35,0,DVSFQppgX/guYLkRWmSseQ
DA:36,0,JEDcm4BN6GdHqeiY8NamZQ
DA:42,0,MODj8IQGfjIjN355je/xqA
DA:43,0,zUTlK5zsVgBv26hcRzLfYA
DA:45,0,sFRsFzvaDcXXXK+hOEt7fw
DA:46,0,X/s+7xhSlZMyJmZsY34+GA
DA:47,0,/vJ0zfJXyeAcrIr5iw1m7Q
DA:48,0,+GXaKdT0lwtaII186p9F6w
LF:30
LH:21
BRDA:14,0,0,1
BRDA:17,0,1,1
BRDA:25,1,0,-
BRDA:24,1,1,1
BRDA:43,2,0,-
BRDA:45,2,1,-
BRF:6
BRH:3
end_of_record
TN:
SF:two_factor.py
DA:1,1,ndAV327igAeTT6Zg7rn+qQ
DA:2,1,dH7CYb6admOR9+doyKrX9w
DA:3,1,Lf7Q2QVs/YrZpMUemURI+A
DA:4,1,WpEjgxacqgxANZhpobgHYQ
DA:5,1,FIaPSuhjB2V2soaEKef+Vg
DA:6,1,jEc91tz0B1b2beSYnS+UDQ
DA:8,1,xsqH/gDMr4PhDSM76ZpCyA
DA:11,1,JcHHvkAbH84l20sl2nln5A
DA:12,1,FirTHVpa1UPmQZid6Lw/xg
DA:13,1,MwptwmQy0z7s9K01eYBA4Q
DA:16,1,ZGcREy2Me5nXigVs4ccEYg
DA:17,1,Rq7R7jY9NcYRJ6F2B4jtNA
DA:20,1,Js/G0pA1hKktFeNQ9l+S9A
DA:21,1,q+8p35glkofakkAAFPwSvQ
DA:24,1,5jDlbX2LLuxJ7fs00Iz7dA
DA:32,1,YfSbts4lKhv9vY85dcF4qw
DA:33,1,rwWyC766fVRYPg31M85SxA
DA:36,1,Xr/8YGbNlMzaNu6ARGj4EA
DA:37,1,PdeqDqr4bOft68ON3+/7kg
DA:40,1,bkjkphMhqaIXyordeM1Fvw
DA:42,1,prgNe8YT5CBGRlnK9JQ88A
DA:45,1,3fkVYWJnDlQDmUsI41EWVg
DA:47,1,w34ANj3vk3SY79NVjR5XPg
DA:49,1,bsMzAOucEpBLM1MIKqroCg
DA:50,1,5aGxDz2KBFAusH0wzRVoBA
DA:52,1,LhFMtb1uh3dDaDOY6CG7iA
DA:72,1,Si5UzNaxry4SNhnjb9DBBw
DA:75,1,M/nnVkcYzDkN+qBTcyaA9w
DA:92,1,0fXJEcJe0PEibwUNRM16QA
DA:94,1,prgNe8YT5CBGRlnK9JQ88A
DA:95,1,pu0N1nvI+DETTDHKquBX/Q
DA:98,1,3fkVYWJnDlQDmUsI41EWVg
DA:102,1,GqslARXs7+VjFnx3yKsrXg
DA:104,1,LhFMtb1uh3dDaDOY6CG7iA
DA:127,1,qX8f42OtYnVNe//VyiXkPg
DA:130,1,MJbHxcTFdTbj/fShEfx7dg
DA:133,1,vfLDU1RTXLPNk3b75hlkog
DA:149,1,49Js8j2LZcnjBZ7wmOkuPQ
DA:152,1,CRxPzTsTSVZ9SfzH7um2Jg
DA:18,0,KvEXcWSNXSvlnuJx2ERW7w
DA:28,0,4GI55LQc5Jplh9RZZyGavw
DA:29,0,a4R3iHi3L1558RiL+IfEtg
DA:53,0,eLCdRtcbnOvxhX54c/gykQ
DA:54,0,IKQJihPzb/6sqgGN/r7KEA
DA:56,0,xjcDBnSwra0OiNOAYAwoHA
DA:57,0,iLHBbdNOrhK9UcftWdin+Q
DA:63,0,VhPIZRfXW2omeFxuuyy27g
DA:64,0,acEQaXrSbGYQhxPBcjDkiw
DA:66,0,W8wuo+wiwOn0M2asKUVMqA
DA:73,0,0J7etTfbcGT5eQSf+d4R8w
DA:77,0,TxI74y2zsdyxRR+o9bY6sg
DA:78,0,Ll/0BXVzHZJVXlNQ6y9MmA
DA:79,0,xvWIcpcyNr0gyGcTkdMxXw
DA:80,0,mBmH1b5PdfMXcCDC1JSXhQ
DA:81,0,qTyA15u9KazIUQbm+2ffPw
DA:82,0,pOJwuGdEbe7GLbMcySd1QA
DA:83,0,3hbXBZFpVBzG/pinG0XQTg
DA:84,0,dquiAd0b6I3SPuVFJDK09w
DA:86,0,bpaC6LvC71n2xNepULaWdA
DA:87,0,cRnKltBIj1zsXr/VbFWwTw
DA:89,0,/+7rIJnv9Kfan+N9WXF9GQ
DA:105,0,R9/Nn1fY9zXbwmYiIs2aMw
DA:106,0,IKQJihPzb/6sqgGN/r7KEA
DA:108,0,xjcDBnSwra0OiNOAYAwoHA
DA:109,0,iLHBbdNOrhK9UcftWdin+Q
DA:115,0,VhPIZRfXW2omeFxuuyy27g
DA:116,0,acEQaXrSbGYQhxPBcjDkiw
DA:118,0,r/KsFhawnTafEYIx6uGMHA
DA:128,0,979/0qmrzN4FDDvuydg2cg
DA:131,0,FbvSVez+UD+Dh/9eEy7b2Q
DA:136,0,gy9NIr53b/eQ6fVzpuiGjA
DA:137,0,XbzryMfMU3j5HaMT3BxLBg
DA:138,0,0rS5qTKlwsLZTkP3f4IOTg
DA:139,0,xvWIcpcyNr0gyGcTkdMxXw
DA:140,0,hsmZFQdu2sgPPn+Ms+2peQ
DA:141,0,AP1PiIB5Y+OKUOt6wpJL0w
DA:142,0,pOJwuGdEbe7GLbMcySd1QA
DA:143,0,3hbXBZFpVBzG/pinG0XQTg
DA:144,0,dquiAd0b6I3SPuVFJDK09w
DA:146,0,wOE1SDIJsiDJTcWjEtZAIg
DA:147,0,cRnKltBIj1zsXr/VbFWwTw
DA:150,0,mKE9SiyNSCBVAknMhCFcgA
DA:153,0,NdZtkeH46kwu2TIgYoU1Qg
DA:155,0,2hGBzmbrCKME8+nzdwmf6A
DA:156,0,TgbiGncgrhjX18k7pF1ZOw
DA:157,0,Tl5y8rjnDi5xHQYmUtsdbw
DA:159,0,+XZ7ejUzrfhgR8VcD6ouQg
DA:160,0,198Je59EPCMWLrCIucTX6w
DA:161,0,Ni5qtOIk2x0cBGjURzq3EQ
LF:88
LH:38
BRDA:18,0,0,-
BRDA:20,0,1,1
BRDA:0,1,0,1
BRDA:0,1,1,1
BRDA:21,1,2,1
BRDA:0,2,0,-
BRDA:29,2,1,-
BRDA:54,3,0,-
BRDA:56,3,1,-
BRDA:79,4,0,-
BRDA:86,4,1,-
BRDA:87,5,0,-
BRDA:89,5,1,-
BRDA:106,6,0,-
BRDA:108,6,1,-
BRDA:138,7,0,-
BRDA:146,7,1,-
BRDA:0,8,0,-
BRDA:147,8,1,-
BRF:18
BRH:3
end_of_record
TN:
SF:upload-screenshots.py
DA:3,0,7Z9Lj4ed27Wf2hBX6jooEA
DA:4,0,p7hNY1S5rX9QtYADf+cK4g
DA:5,0,mUDsnWRiqW9R9nTILGKIZg
DA:6,0,OrE44BifdH7aJOJpCyamuQ
DA:9,0,XMt9Np+Pddx4x3s+onfLuQ
DA:10,0,IaGNK0u7dzVE8sjcEB4n9w
DA:12,0,jkHhMsABSAn8fG2ZAQpm1g
DA:14,0,Xob6aWU2ZpipyFk3OMEuaw
DA:17,0,coS6H0gtBVopep+CaL7gpQ
DA:22,0,xHNiSL71D667BerVYXonqA
DA:28,0,riUuPzj85ifMXvju4BkgMg
DA:32,0,4SADSSQ5o5yLMzqEGYJSPg
DA:33,0,G2WLnpBqtYM1JKxDrqW3kw
DA:36,0,A4mCtIx5z5vc8Pf1xNYWQg
DA:39,0,anLwUjx/Sxmj/0lcG6qlxQ
DA:44,0,isUV8YinLcS3TB1CAYdJSA
DA:45,0,7vj+zOoTs11NGVVK7+iuwQ
DA:47,0,+TwH2dvr26wpiXg5o6BH1g
DA:48,0,fGdu/LtxKfVzJVhDqoNshg
DA:52,0,RsnJcFkkknkmtdB64iBvrQ
DA:53,0,taAyzvEM+/IZyevqNSq/qA
DA:54,0,DeF/kCE8ooOrpStIFn92lg
DA:55,0,kuLC8SHfwGWRr3Qi/ww8oA
DA:56,0,kHe+UzvauanvTDhAdTNI4A
DA:57,0,o2hQgmCYIQeCUz4LHsYxTw
DA:58,0,RQrgAAR2C0G3r5D66iY6Cg
DA:60,0,4nWHd9DGQc37AyefyBffYw
DA:69,0,0/tog8DKdwJdqDIdaMiw8A
DA:72,0,dJWDHKQYeI2IinLKYBEMhg
DA:78,0,4LgMgWBGno1n5MNJ8WRFsQ
DA:88,0,NTsGnstWIM4FjcwtV2mGZQ
DA:89,0,5Gxg87YiSbWsMfQ1khEWVQ
DA:93,0,2gVGwhBZR37oKsoWcdRYEg
DA:94,0,ieE8oMP5AA9B1Aiv1eKdQw
DA:95,0,LF2tlsWeaflCSwCsyzXefQ
DA:96,0,esOlhZ0zQQphml5mYgI+lQ
DA:97,0,3I/7MoBsxbZH6G3kQE0Rug
DA:98,0,fdsHalNAVeNws0u3LKHDJA
DA:99,0,7iFGtlOm65uDfk4uZs42cw
DA:100,0,Jel/C1Cj0c9g2nMcBT19oQ
DA:106,0,PZCAZDhYKzVXsAaSIXZqCg
DA:107,0,YWmpw7PkmW5HXOB2ViWrSQ
DA:111,0,6TSr7XEemuTGygbsUK5Zcw
DA:113,0,ImC9fFatyq9mrsHaOKA0og
DA:118,0,SqZL1Vytu+mpjj7H7y7Jsw
DA:122,0,AQsg893Aaqtc0tqdRbznog
DA:123,0,0+natX5ZjeCSOKX90NxWdA
DA:124,0,3x83YbGPiOrjnOwllpdIhA
DA:125,0,ap3abG1TYi2xK9C1bz0N5A
DA:126,0,onO6mrXoecrC+mQoJxEMIg
DA:127,0,2FY+ZJoYdWXfVRXFTrjF3g
DA:128,0,A55+yQz5y11X3FQnYdpOJg
DA:129,0,r/szIRhktxmgaWNxakb7og
DA:130,0,AsGGXzEn6pp/TomcMVr/6g
DA:131,0,Q869+ux04iHmvIkfo4cqUQ
DA:132,0,OaELlXKCOdhzI0VrIRsiQg
DA:133,0,pxEB52cKDBIWYoWvN6rspw
DA:134,0,oBP5gxQHumIAm87TjX+Rkg
DA:136,0,O27RfDQt3rb64CQ7edz2tA
DA:142,0,XasyDvaQmD0Nv3+FWHtXDg
DA:143,0,YrkuHsxfQs0b2lbswLgdRA
DA:144,0,jpaET2hifra1c7f1k4Go8g
DA:146,0,V5bOkVxAMklHqz6hJSLcDw
DA:152,0,egO/M9NpOdPrBJ5eZTgy4Q
DA:153,0,2PYRirE/r42p0jyrGtHpsw
DA:155,0,Ho8+QGrT1CQcJaBzgNYt0w
DA:157,0,oh4QyT91vRKbfE8q0yDA8g
DA:158,0,uRE2SzeI/RF1eDUn8OjVEQ
DA:159,0,cU5lkUuyC4yQO2gp8htjuQ
DA:160,0,t+otJpW5TtPPTTFBHO1AgQ
DA:162,0,Uy2h1tNOLAlBcF1K4TUb4g
DA:163,0,ejawrhupYUUsNSIKsslCIw
DA:164,0,FtR9XHYheACoV8sshd+Ndw
DA:165,0,bILj4pY/pxwJC6+WfN+YlQ
DA:167,0,jEDfN0G5SA8jvh28VcXcmQ
DA:169,0,l0tsZGU9eOfdQFmrP7Rsqw
DA:170,0,DveWjAB/RunDRW7otSWmug
DA:171,0,Xl9ugkQyZ829XeqWE7d/BQ
DA:172,0,eooWQFEm67GsUHNhXzs4PA
DA:174,0,LOc1fU8B3wUqDLPEWQBqHA
DA:179,0,32PBVQc/0PefTVz3P9hXTA
DA:180,0,ClRvePff+M3UaDsPZPMGqQ
DA:181,0,eooWQFEm67GsUHNhXzs4PA
DA:183,0,fixuxgKWBj+mNVEtbnJrvA
DA:184,0,3l+ZtMyUvopUeG8/2qsAZg
DA:187,0,0kkdnKs/fTgfLwQH8p1iZA
DA:188,0,t0yQs64kqaHOG/NHQJiLVQ
DA:189,0,4i9Ae35rrtZd+ei43B8yYQ
DA:190,0,NPt4dX56oEr8WLh8eLKhUg
DA:193,0,hbGcXDN2xIDyxs/hOw6YGg
DA:194,0,PdeqDqr4bOft68ON3+/7kg
DA:197,0,xQVNdxAJxuGw1z9RcZmDQw
DA:198,0,2loYFqKsWTLg8EsfxY4sxw
LF:93
LH:0
BRDA:48,0,0,-
BRDA:52,0,1,-
BRDA:54,1,0,-
BRDA:60,1,1,-
BRDA:89,2,0,-
BRDA:93,2,1,-
BRDA:125,3,0,-
BRDA:134,3,1,-
BRDA:124,4,0,-
BRDA:132,4,1,-
BRDA:143,5,0,-
BRDA:144,5,1,-
BRDA:153,6,0,-
BRDA:155,6,1,-
BRDA:158,7,0,-
BRDA:183,7,1,-
BRDA:163,8,0,-
BRDA:167,8,1,-
BRDA:162,9,0,-
BRDA:164,9,1,-
BRDA:170,10,0,-
BRDA:174,10,1,-
BRDA:0,11,0,-
BRDA:198,11,1,-
BRF:24
BRH:0
end_of_record
TN:
SF:version.py
DA:1,1,OsiRXQooc4s2kFvJQn8wGw
LF:1
LH:1
BRF:0
BRH:0
end_of_record
TN:
SF:worker.py
DA:1,1,EZEzNmL93PY96zsSuI0PfQ
DA:2,1,7Z9Lj4ed27Wf2hBX6jooEA
DA:3,1,B8a+GdBqjsfwdB6ORSEt7w
DA:5,1,eIKMoNwkXrmqtRl+N2fOjg
DA:6,1,zktHKhtDHn5kALzsC2hrMA
DA:7,1,aavrJI+N5wGVMzq38xzjQg
DA:8,1,aoKbaFmTyrmMY2AkbEzUbQ
DA:9,1,GUjvTLgvjaB4MW33tQRbHw
DA:10,1,RLWAUrNDHm8X/sIdPN2EBA
DA:13,1,wBT8DLUiwEm7mg7O5k2lxA
DA:19,1,oMjFV6ZKX0E35cEkPh4T2A
DA:20,1,RPAlpvAoD2FNt82BsJFasw
DA:23,1,A2jgrW7P6p34KkNsbh0pFw
DA:32,1,ABgtzAxFQYQ8xGTievFxag
DA:53,1,XnMdwzC1oSvXLrhAE86Img
DA:28,0,oMjFV6ZKX0E35cEkPh4T2A
DA:29,0,JSgAEEHlMYzYKXuXfxQncw
DA:36,0,znlRo1PKDlablJwSb0Vm/w
DA:42,0,xjcDBnSwra0OiNOAYAwoHA
DA:43,0,dHOJp96sfekWD3ztlnzwSQ
DA:44,0,Da9IsG3rS+DktGB2XsJipw
DA:45,0,sOvtOfk75TbAtTgkgicGHg
DA:48,0,aExiLMXl7ARdmsjQqF945w
DA:49,0,NH8OkaojHYC7CjWcztEZ6Q
DA:50,0,UntDfNWeIJlMcYl/4Lg0pA
DA:74,0,Vn6Twnc4VFkGnA1iLOwFsg
DA:75,0,1PAR9stcZAkszdVLg45snw
DA:77,0,kY0+d+5YoASdAs/ZV9H9rA
DA:78,0,iEgxC5YCpxVBwIzm/VIljQ
DA:79,0,7UQHPoJc6bBYWwUDCR6aBw
DA:80,0,0Chn+gFK6Xs4ClVofCbSnQ
DA:81,0,j6qtxwI2ygtsvCZ2qGhcYw
DA:82,0,7aU+1Iw8S66RT22JHdKCTQ
DA:84,0,jrtZA4WsAjr8+dFzgBpTOQ
DA:85,0,ySqUOaNCItesE8uYL8gadA
DA:87,0,A4q9u/i8BOnq7ti8vHH1ag
DA:88,0,nP8EjsdXOi6wfm63CffJ7Q
DA:89,0,xjcDBnSwra0OiNOAYAwoHA
DA:90,0,0Tf7T5pzdyCo+R3cOpY+Fg
DA:91,0,8ONLkYzL4E24tDbpx6e2Cg
DA:92,0,M47nMzOloiINW4teZ4CE8A
DA:93,0,sOvtOfk75TbAtTgkgicGHg
DA:95,0,HJIEUG2cMkYCGEwwS43VRw
DA:99,0,W8h36umQhr3EXwMnthdEoA
DA:100,0,9fXHYVAZj3dXHyDCeyQPsQ
DA:101,0,0Of0ojEvcrl/qOobtgue2Q
DA:104,0,sOvtOfk75TbAtTgkgicGHg
DA:106,0,SO3Df4mVCwEejEeXViJS2g
DA:108,0,xjcDBnSwra0OiNOAYAwoHA
DA:109,0,IrcjKoCDzp79Oj6Id8fdMg
DA:110,0,LA9fOKOA+s5GBltjLUW+hw
DA:111,0,nbAndsLfJ9mqUVn+rQhc1g
DA:112,0,sOvtOfk75TbAtTgkgicGHg
DA:114,0,xjcDBnSwra0OiNOAYAwoHA
DA:115,0,IP5SAr8/AdSmUWUXtCXaEg
DA:116,0,iXk4wEasABCOd1X9QSpkxQ
DA:117,0,cCzhnT+1tmGi11b28Pmfwg
DA:118,0,yzA4S7gXZ6zZzZllCmkJtw
DA:119,0,sOvtOfk75TbAtTgkgicGHg
LF:59
LH:15
BRDA:42,0,0,-
BRDA:50,0,1,-
BRDA:36,1,0,-
BRDA:49,1,1,-
BRDA:0,2,0,-
BRDA:82,2,1,-
BRDA:85,3,0,-
BRDA:87,3,1,-
BRDA:0,4,0,-
BRDA:88,4,1,-
BRDA:101,5,0,-
BRDA:106,5,1,-
BRF:12
BRH:0
end_of_record
